{"meta": {"format": 3, "version": "7.14.1", "timestamp": "2026-06-04T08:02:42.224375", "branch_coverage": false, "show_contexts": false}, "files": {"ORDER_NO_DECLARATION.py": {"executed_lines": [], "summary": {"covered_lines": 0, "num_statements": 0, "percent_covered": 100.0, "percent_covered_display": "100", "missing_lines": 0, "excluded_lines": 0, "percent_statements_covered": 100.0, "percent_statements_covered_display": "100"}, "missing_lines": [], "excluded_lines": [], "functions": {"": {"executed_lines": [], "summary": {"covered_lines": 0, "num_statements": 0, "percent_covered": 100.0, "percent_covered_display": "100", "missing_lines": 0, "excluded_lines": 0, "percent_statements_covered": 100.0, "percent_statements_covered_display": "100"}, "missing_lines": [], "excluded_lines": [], "start_line": 1}}, "classes": {"": {"executed_lines": [], "summary": {"covered_lines": 0, "num_statements": 0, "percent_covered": 100.0, "percent_covered_display": "100", "missing_lines": 0, "excluded_lines": 0, "percent_statements_covered": 100.0, "percent_statements_covered_display": "100"}, "missing_lines": [], "excluded_lines": [], "start_line": 1}}}, "_audit_plan.py": {"executed_lines": [], "summary": {"covered_lines": 0, "num_statements": 1, "percent_covered": 0.0, "percent_covered_display": "0", "missing_lines": 1, "excluded_lines": 0, "percent_statements_covered": 0.0, "percent_statements_covered_display": "0"}, "missing_lines": [4], "excluded_lines": [], "functions": {"": {"executed_lines": [], "summary": {"covered_lines": 0, "num_statements": 1, "percent_covered": 0.0, "percent_covered_display": "0", "missing_lines": 1, "excluded_lines": 0, "percent_statements_covered": 0.0, "percent_statements_covered_display": "0"}, "missing_lines": [4], "excluded_lines": [], "start_line": 1}}, "classes": {"": {"executed_lines": [], "summary": {"covered_lines": 0, "num_statements": 1, "percent_covered": 0.0, "percent_covered_display": "0", "missing_lines": 1, "excluded_lines": 0, "percent_statements_covered": 0.0, "percent_statements_covered_display": "0"}, "missing_lines": [4], "excluded_lines": [], "start_line": 1}}}, "_check_remaining.py": {"executed_lines": [], "summary": {"covered_lines": 0, "num_statements": 18, "percent_covered": 0.0, "percent_covered_display": "0", "missing_lines": 18, "excluded_lines": 0, "percent_statements_covered": 0.0, "percent_statements_covered_display": "0"}, "missing_lines": [2, 4, 6, 7, 8, 9, 10, 12, 13, 18, 19, 20, 25, 26, 31, 32, 33, 37], "excluded_lines": [], "functions": {"": {"executed_lines": [], "summary": {"covered_lines": 0, "num_statements": 18, "percent_covered": 0.0, "percent_covered_display": "0", "missing_lines": 18, "excluded_lines": 0, "percent_statements_covered": 0.0, "percent_statements_covered_display": "0"}, "missing_lines": [2, 4, 6, 7, 8, 9, 10, 12, 13, 18, 19, 20, 25, 26, 31, 32, 33, 37], "excluded_lines": [], "start_line": 1}}, "classes": {"": {"executed_lines": [], "summary": {"covered_lines": 0, "num_statements": 18, "percent_covered": 0.0, "percent_covered_display": "0", "missing_lines": 18, "excluded_lines": 0, "percent_statements_covered": 0.0, "percent_statements_covered_display": "0"}, "missing_lines": [2, 4, 6, 7, 8, 9, 10, 12, 13, 18, 19, 20, 25, 26, 31, 32, 33, 37], "excluded_lines": [], "start_line": 1}}}, "_check_triple.py": {"executed_lines": [], "summary": {"covered_lines": 0, "num_statements": 18, "percent_covered": 0.0, "percent_covered_display": "0", "missing_lines": 18, "excluded_lines": 0, "percent_statements_covered": 0.0, "percent_statements_covered_display": "0"}, "missing_lines": [1, 2, 3, 4, 7, 8, 9, 10, 11, 14, 15, 16, 17, 18, 21, 22, 23, 24], "excluded_lines": [], "functions": {"": {"executed_lines": [], "summary": {"covered_lines": 0, "num_statements": 18, "percent_covered": 0.0, "percent_covered_display": "0", "missing_lines": 18, "excluded_lines": 0, "percent_statements_covered": 0.0, "percent_statements_covered_display": "0"}, "missing_lines": [1, 2, 3, 4, 7, 8, 9, 10, 11, 14, 15, 16, 17, 18, 21, 22, 23, 24], "excluded_lines": [], "start_line": 1}}, "classes": {"": {"executed_lines": [], "summary": {"covered_lines": 0, "num_statements": 18, "percent_covered": 0.0, "percent_covered_display": "0", "missing_lines": 18, "excluded_lines": 0, "percent_statements_covered": 0.0, "percent_statements_covered_display": "0"}, "missing_lines": [1, 2, 3, 4, 7, 8, 9, 10, 11, 14, 15, 16, 17, 18, 21, 22, 23, 24], "excluded_lines": [], "start_line": 1}}}, "_coverage_parse.py": {"executed_lines": [], "summary": {"covered_lines": 0, "num_statements": 124, "percent_covered": 0.0, "percent_covered_display": "0", "missing_lines": 124, "excluded_lines": 0, "percent_statements_covered": 0.0, "percent_statements_covered_display": "0"}, "missing_lines": [4, 5, 7, 8, 10, 11, 12, 13, 21, 29, 31, 32, 33, 34, 35, 36, 39, 40, 41, 42, 43, 44, 45, 47, 49, 51, 52, 53, 54, 55, 56, 57, 58, 59, 64, 65, 66, 67, 68, 69, 70, 71, 76, 77, 78, 79, 80, 81, 82, 83, 84, 85, 86, 88, 89, 90, 91, 92, 93, 94, 95, 100, 101, 102, 103, 104, 105, 106, 107, 108, 109, 111, 112, 113, 114, 115, 120, 121, 123, 124, 125, 126, 127, 128, 129, 132, 133, 134, 135, 136, 139, 140, 141, 142, 143, 146, 147, 148, 149, 150, 153, 154, 155, 156, 157, 160, 161, 166, 167, 168, 169, 172, 173, 174, 175, 176, 179, 180, 181, 182, 183, 186, 187, 188], "excluded_lines": [], "functions": {"": {"executed_lines": [], "summary": {"covered_lines": 0, "num_statements": 124, "percent_covered": 0.0, "percent_covered_display": "0", "missing_lines": 124, "excluded_lines": 0, "percent_statements_covered": 0.0, "percent_statements_covered_display": "0"}, "missing_lines": [4, 5, 7, 8, 10, 11, 12, 13, 21, 29, 31, 32, 33, 34, 35, 36, 39, 40, 41, 42, 43, 44, 45, 47, 49, 51, 52, 53, 54, 55, 56, 57, 58, 59, 64, 65, 66, 67, 68, 69, 70, 71, 76, 77, 78, 79, 80, 81, 82, 83, 84, 85, 86, 88, 89, 90, 91, 92, 93, 94, 95, 100, 101, 102, 103, 104, 105, 106, 107, 108, 109, 111, 112, 113, 114, 115, 120, 121, 123, 124, 125, 126, 127, 128, 129, 132, 133, 134, 135, 136, 139, 140, 141, 142, 143, 146, 147, 148, 149, 150, 153, 154, 155, 156, 157, 160, 161, 166, 167, 168, 169, 172, 173, 174, 175, 176, 179, 180, 181, 182, 183, 186, 187, 188], "excluded_lines": [], "start_line": 1}}, "classes": {"": {"executed_lines": [], "summary": {"covered_lines": 0, "num_statements": 124, "percent_covered": 0.0, "percent_covered_display": "0", "missing_lines": 124, "excluded_lines": 0, "percent_statements_covered": 0.0, "percent_statements_covered_display": "0"}, "missing_lines": [4, 5, 7, 8, 10, 11, 12, 13, 21, 29, 31, 32, 33, 34, 35, 36, 39, 40, 41, 42, 43, 44, 45, 47, 49, 51, 52, 53, 54, 55, 56, 57, 58, 59, 64, 65, 66, 67, 68, 69, 70, 71, 76, 77, 78, 79, 80, 81, 82, 83, 84, 85, 86, 88, 89, 90, 91, 92, 93, 94, 95, 100, 101, 102, 103, 104, 105, 106, 107, 108, 109, 111, 112, 113, 114, 115, 120, 121, 123, 124, 125, 126, 127, 128, 129, 132, 133, 134, 135, 136, 139, 140, 141, 142, 143, 146, 147, 148, 149, 150, 153, 154, 155, 156, 157, 160, 161, 166, 167, 168, 169, 172, 173, 174, 175, 176, 179, 180, 181, 182, 183, 186, 187, 188], "excluded_lines": [], "start_line": 1}}}, "_cross_db_check.py": {"executed_lines": [], "summary": {"covered_lines": 0, "num_statements": 51, "percent_covered": 0.0, "percent_covered_display": "0", "missing_lines": 51, "excluded_lines": 0, "percent_statements_covered": 0.0, "percent_statements_covered_display": "0"}, "missing_lines": [1, 3, 4, 7, 14, 15, 17, 18, 19, 21, 22, 24, 25, 27, 28, 29, 31, 32, 34, 35, 36, 37, 38, 39, 40, 41, 42, 43, 46, 47, 48, 49, 50, 51, 52, 53, 54, 55, 58, 59, 60, 61, 62, 63, 64, 65, 66, 67, 68, 70, 71], "excluded_lines": [], "functions": {"": {"executed_lines": [], "summary": {"covered_lines": 0, "num_statements": 51, "percent_covered": 0.0, "percent_covered_display": "0", "missing_lines": 51, "excluded_lines": 0, "percent_statements_covered": 0.0, "percent_statements_covered_display": "0"}, "missing_lines": [1, 3, 4, 7, 14, 15, 17, 18, 19, 21, 22, 24, 25, 27, 28, 29, 31, 32, 34, 35, 36, 37, 38, 39, 40, 41, 42, 43, 46, 47, 48, 49, 50, 51, 52, 53, 54, 55, 58, 59, 60, 61, 62, 63, 64, 65, 66, 67, 68, 70, 71], "excluded_lines": [], "start_line": 1}}, "classes": {"": {"executed_lines": [], "summary": {"covered_lines": 0, "num_statements": 51, "percent_covered": 0.0, "percent_covered_display": "0", "missing_lines": 51, "excluded_lines": 0, "percent_statements_covered": 0.0, "percent_statements_covered_display": "0"}, "missing_lines": [1, 3, 4, 7, 14, 15, 17, 18, 19, 21, 22, 24, 25, 27, 28, 29, 31, 32, 34, 35, 36, 37, 38, 39, 40, 41, 42, 43, 46, 47, 48, 49, 50, 51, 52, 53, 54, 55, 58, 59, 60, 61, 62, 63, 64, 65, 66, 67, 68, 70, 71], "excluded_lines": [], "start_line": 1}}}, "_gen_db_dict.py": {"executed_lines": [], "summary": {"covered_lines": 0, "num_statements": 48, "percent_covered": 0.0, "percent_covered_display": "0", "missing_lines": 48, "excluded_lines": 0, "percent_statements_covered": 0.0, "percent_statements_covered_display": "0"}, "missing_lines": [3, 4, 6, 7, 9, 13, 15, 20, 21, 23, 30, 31, 32, 33, 34, 35, 36, 37, 38, 39, 40, 41, 42, 43, 44, 45, 46, 48, 49, 50, 51, 52, 53, 54, 55, 56, 57, 58, 59, 60, 61, 62, 63, 65, 66, 67, 68, 69], "excluded_lines": [], "functions": {"": {"executed_lines": [], "summary": {"covered_lines": 0, "num_statements": 48, "percent_covered": 0.0, "percent_covered_display": "0", "missing_lines": 48, "excluded_lines": 0, "percent_statements_covered": 0.0, "percent_statements_covered_display": "0"}, "missing_lines": [3, 4, 6, 7, 9, 13, 15, 20, 21, 23, 30, 31, 32, 33, 34, 35, 36, 37, 38, 39, 40, 41, 42, 43, 44, 45, 46, 48, 49, 50, 51, 52, 53, 54, 55, 56, 57, 58, 59, 60, 61, 62, 63, 65, 66, 67, 68, 69], "excluded_lines": [], "start_line": 1}}, "classes": {"": {"executed_lines": [], "summary": {"covered_lines": 0, "num_statements": 48, "percent_covered": 0.0, "percent_covered_display": "0", "missing_lines": 48, "excluded_lines": 0, "percent_statements_covered": 0.0, "percent_statements_covered_display": "0"}, "missing_lines": [3, 4, 6, 7, 9, 13, 15, 20, 21, 23, 30, 31, 32, 33, 34, 35, 36, 37, 38, 39, 40, 41, 42, 43, 44, 45, 46, 48, 49, 50, 51, 52, 53, 54, 55, 56, 57, 58, 59, 60, 61, 62, 63, 65, 66, 67, 68, 69], "excluded_lines": [], "start_line": 1}}}, "_gen_ddl.py": {"executed_lines": [], "summary": {"covered_lines": 0, "num_statements": 143, "percent_covered": 0.0, "percent_covered_display": "0", "missing_lines": 143, "excluded_lines": 2, "percent_statements_covered": 0.0, "percent_statements_covered_display": "0"}, "missing_lines": [3, 5, 6, 8, 9, 10, 11, 12, 13, 14, 15, 16, 17, 18, 19, 20, 21, 22, 23, 24, 25, 26, 27, 28, 29, 30, 31, 32, 33, 34, 35, 36, 37, 38, 39, 41, 42, 43, 44, 45, 46, 48, 49, 51, 52, 53, 54, 55, 56, 57, 58, 59, 60, 61, 62, 63, 64, 65, 66, 67, 69, 101, 109, 110, 111, 112, 113, 115, 116, 117, 118, 119, 120, 121, 122, 123, 124, 126, 128, 129, 130, 131, 132, 133, 135, 136, 137, 138, 139, 140, 141, 143, 144, 145, 147, 148, 149, 150, 153, 154, 156, 170, 171, 172, 173, 174, 175, 176, 178, 180, 181, 184, 185, 186, 187, 188, 189, 190, 191, 194, 195, 197, 198, 199, 200, 201, 203, 205, 206, 207, 208, 209, 210, 212, 213, 214, 215, 216, 218, 219, 221, 222, 223], "excluded_lines": [225, 226], "functions": {"infer_mysql_type": {"executed_lines": [], "summary": {"covered_lines": 0, "num_statements": 31, "percent_covered": 0.0, "percent_covered_display": "0", "missing_lines": 31, "excluded_lines": 0, "percent_statements_covered": 0.0, "percent_statements_covered_display": "0"}, "missing_lines": [9, 10, 11, 12, 13, 14, 15, 16, 17, 18, 19, 20, 21, 22, 23, 24, 25, 26, 27, 28, 29, 30, 31, 32, 33, 34, 35, 36, 37, 38, 39], "excluded_lines": [], "start_line": 8}, "get_default": {"executed_lines": [], "summary": {"covered_lines": 0, "num_statements": 24, "percent_covered": 0.0, "percent_covered_display": "0", "missing_lines": 24, "excluded_lines": 0, "percent_statements_covered": 0.0, "percent_statements_covered_display": "0"}, "missing_lines": [42, 43, 44, 45, 46, 48, 49, 51, 52, 53, 54, 55, 56, 57, 58, 59, 60, 61, 62, 63, 64, 65, 66, 67], "excluded_lines": [], "start_line": 41}, "generate": {"executed_lines": [], "summary": {"covered_lines": 0, "num_statements": 80, "percent_covered": 0.0, "percent_covered_display": "0", "missing_lines": 80, "excluded_lines": 0, "percent_statements_covered": 0.0, "percent_statements_covered_display": "0"}, "missing_lines": [110, 111, 112, 113, 115, 116, 117, 118, 119, 120, 121, 122, 123, 124, 126, 128, 129, 130, 131, 132, 133, 135, 136, 137, 138, 139, 140, 141, 143, 144, 145, 147, 148, 149, 150, 153, 154, 156, 170, 171, 172, 173, 174, 175, 176, 178, 180, 181, 184, 185, 186, 187, 188, 189, 190, 191, 194, 195, 197, 198, 199, 200, 201, 203, 205, 206, 207, 208, 209, 210, 212, 213, 214, 215, 216, 218, 219, 221, 222, 223], "excluded_lines": [], "start_line": 109}, "": {"executed_lines": [], "summary": {"covered_lines": 0, "num_statements": 8, "percent_covered": 0.0, "percent_covered_display": "0", "missing_lines": 8, "excluded_lines": 2, "percent_statements_covered": 0.0, "percent_statements_covered_display": "0"}, "missing_lines": [3, 5, 6, 8, 41, 69, 101, 109], "excluded_lines": [225, 226], "start_line": 1}}, "classes": {"": {"executed_lines": [], "summary": {"covered_lines": 0, "num_statements": 143, "percent_covered": 0.0, "percent_covered_display": "0", "missing_lines": 143, "excluded_lines": 2, "percent_statements_covered": 0.0, "percent_statements_covered_display": "0"}, "missing_lines": [3, 5, 6, 8, 9, 10, 11, 12, 13, 14, 15, 16, 17, 18, 19, 20, 21, 22, 23, 24, 25, 26, 27, 28, 29, 30, 31, 32, 33, 34, 35, 36, 37, 38, 39, 41, 42, 43, 44, 45, 46, 48, 49, 51, 52, 53, 54, 55, 56, 57, 58, 59, 60, 61, 62, 63, 64, 65, 66, 67, 69, 101, 109, 110, 111, 112, 113, 115, 116, 117, 118, 119, 120, 121, 122, 123, 124, 126, 128, 129, 130, 131, 132, 133, 135, 136, 137, 138, 139, 140, 141, 143, 144, 145, 147, 148, 149, 150, 153, 154, 156, 170, 171, 172, 173, 174, 175, 176, 178, 180, 181, 184, 185, 186, 187, 188, 189, 190, 191, 194, 195, 197, 198, 199, 200, 201, 203, 205, 206, 207, 208, 209, 210, 212, 213, 214, 215, 216, 218, 219, 221, 222, 223], "excluded_lines": [225, 226], "start_line": 1}}}, "_list_tables.py": {"executed_lines": [], "summary": {"covered_lines": 0, "num_statements": 16, "percent_covered": 0.0, "percent_covered_display": "0", "missing_lines": 16, "excluded_lines": 0, "percent_statements_covered": 0.0, "percent_statements_covered_display": "0"}, "missing_lines": [1, 3, 8, 9, 10, 12, 13, 15, 16, 17, 18, 19, 20, 21, 23, 24], "excluded_lines": [], "functions": {"": {"executed_lines": [], "summary": {"covered_lines": 0, "num_statements": 16, "percent_covered": 0.0, "percent_covered_display": "0", "missing_lines": 16, "excluded_lines": 0, "percent_statements_covered": 0.0, "percent_statements_covered_display": "0"}, "missing_lines": [1, 3, 8, 9, 10, 12, 13, 15, 16, 17, 18, 19, 20, 21, 23, 24], "excluded_lines": [], "start_line": 1}}, "classes": {"": {"executed_lines": [], "summary": {"covered_lines": 0, "num_statements": 16, "percent_covered": 0.0, "percent_covered_display": "0", "missing_lines": 16, "excluded_lines": 0, "percent_statements_covered": 0.0, "percent_statements_covered_display": "0"}, "missing_lines": [1, 3, 8, 9, 10, 12, 13, 15, 16, 17, 18, 19, 20, 21, 23, 24], "excluded_lines": [], "start_line": 1}}}, "_process_audit.py": {"executed_lines": [], "summary": {"covered_lines": 0, "num_statements": 26, "percent_covered": 0.0, "percent_covered_display": "0", "missing_lines": 26, "excluded_lines": 0, "percent_statements_covered": 0.0, "percent_statements_covered_display": "0"}, "missing_lines": [1, 3, 4, 7, 8, 9, 10, 11, 12, 13, 18, 21, 28, 29, 30, 31, 34, 35, 36, 37, 40, 47, 48, 49, 50, 52], "excluded_lines": [], "functions": {"": {"executed_lines": [], "summary": {"covered_lines": 0, "num_statements": 26, "percent_covered": 0.0, "percent_covered_display": "0", "missing_lines": 26, "excluded_lines": 0, "percent_statements_covered": 0.0, "percent_statements_covered_display": "0"}, "missing_lines": [1, 3, 4, 7, 8, 9, 10, 11, 12, 13, 18, 21, 28, 29, 30, 31, 34, 35, 36, 37, 40, 47, 48, 49, 50, 52], "excluded_lines": [], "start_line": 1}}, "classes": {"": {"executed_lines": [], "summary": {"covered_lines": 0, "num_statements": 26, "percent_covered": 0.0, "percent_covered_display": "0", "missing_lines": 26, "excluded_lines": 0, "percent_statements_covered": 0.0, "percent_statements_covered_display": "0"}, "missing_lines": [1, 3, 4, 7, 8, 9, 10, 11, 12, 13, 18, 21, 28, 29, 30, 31, 34, 35, 36, 37, 40, 47, 48, 49, 50, 52], "excluded_lines": [], "start_line": 1}}}, "_sqlite_backfill.py": {"executed_lines": [], "summary": {"covered_lines": 0, "num_statements": 76, "percent_covered": 0.0, "percent_covered_display": "0", "missing_lines": 76, "excluded_lines": 2, "percent_statements_covered": 0.0, "percent_statements_covered_display": "0"}, "missing_lines": [7, 10, 30, 32, 33, 34, 35, 36, 37, 40, 42, 43, 45, 46, 47, 50, 51, 52, 53, 55, 56, 58, 59, 60, 61, 62, 63, 64, 65, 66, 67, 68, 69, 70, 72, 75, 76, 77, 78, 79, 82, 83, 84, 85, 86, 88, 89, 93, 95, 98, 101, 105, 106, 109, 110, 111, 113, 114, 116, 117, 118, 119, 120, 121, 122, 123, 124, 125, 126, 127, 128, 129, 131, 132, 133, 134], "excluded_lines": [137, 138], "functions": {"get_process_code": {"executed_lines": [], "summary": {"covered_lines": 0, "num_statements": 6, "percent_covered": 0.0, "percent_covered_display": "0", "missing_lines": 6, "excluded_lines": 0, "percent_statements_covered": 0.0, "percent_statements_covered_display": "0"}, "missing_lines": [32, 33, 34, 35, 36, 37], "excluded_lines": [], "start_line": 30}, "backfill_one_db": {"executed_lines": [], "summary": {"covered_lines": 0, "num_statements": 43, "percent_covered": 0.0, "percent_covered_display": "0", "missing_lines": 43, "excluded_lines": 0, "percent_statements_covered": 0.0, "percent_statements_covered_display": "0"}, "missing_lines": [42, 43, 45, 46, 47, 50, 51, 52, 53, 55, 56, 58, 59, 60, 61, 62, 63, 64, 65, 66, 67, 68, 69, 70, 72, 75, 76, 77, 78, 79, 82, 83, 84, 85, 86, 88, 89, 93, 95, 98, 101, 105, 106], "excluded_lines": [], "start_line": 40}, "main": {"executed_lines": [], "summary": {"covered_lines": 0, "num_statements": 22, "percent_covered": 0.0, "percent_covered_display": "0", "missing_lines": 22, "excluded_lines": 0, "percent_statements_covered": 0.0, "percent_statements_covered_display": "0"}, "missing_lines": [110, 111, 113, 114, 116, 117, 118, 119, 120, 121, 122, 123, 124, 125, 126, 127, 128, 129, 131, 132, 133, 134], "excluded_lines": [], "start_line": 109}, "": {"executed_lines": [], "summary": {"covered_lines": 0, "num_statements": 5, "percent_covered": 0.0, "percent_covered_display": "0", "missing_lines": 5, "excluded_lines": 2, "percent_statements_covered": 0.0, "percent_statements_covered_display": "0"}, "missing_lines": [7, 10, 30, 40, 109], "excluded_lines": [137, 138], "start_line": 1}}, "classes": {"": {"executed_lines": [], "summary": {"covered_lines": 0, "num_statements": 76, "percent_covered": 0.0, "percent_covered_display": "0", "missing_lines": 76, "excluded_lines": 2, "percent_statements_covered": 0.0, "percent_statements_covered_display": "0"}, "missing_lines": [7, 10, 30, 32, 33, 34, 35, 36, 37, 40, 42, 43, 45, 46, 47, 50, 51, 52, 53, 55, 56, 58, 59, 60, 61, 62, 63, 64, 65, 66, 67, 68, 69, 70, 72, 75, 76, 77, 78, 79, 82, 83, 84, 85, 86, 88, 89, 93, 95, 98, 101, 105, 106, 109, 110, 111, 113, 114, 116, 117, 118, 119, 120, 121, 122, 123, 124, 125, 126, 127, 128, 129, 131, 132, 133, 134], "excluded_lines": [137, 138], "start_line": 1}}}, "_step1_ddl.py": {"executed_lines": [], "summary": {"covered_lines": 0, "num_statements": 37, "percent_covered": 0.0, "percent_covered_display": "0", "missing_lines": 37, "excluded_lines": 0, "percent_statements_covered": 0.0, "percent_statements_covered_display": "0"}, "missing_lines": [4, 6, 14, 16, 19, 20, 21, 22, 23, 24, 26, 29, 30, 31, 32, 33, 36, 37, 38, 39, 40, 41, 42, 45, 46, 47, 48, 49, 52, 53, 54, 55, 56, 57, 58, 60, 61], "excluded_lines": [], "functions": {"": {"executed_lines": [], "summary": {"covered_lines": 0, "num_statements": 37, "percent_covered": 0.0, "percent_covered_display": "0", "missing_lines": 37, "excluded_lines": 0, "percent_statements_covered": 0.0, "percent_statements_covered_display": "0"}, "missing_lines": [4, 6, 14, 16, 19, 20, 21, 22, 23, 24, 26, 29, 30, 31, 32, 33, 36, 37, 38, 39, 40, 41, 42, 45, 46, 47, 48, 49, 52, 53, 54, 55, 56, 57, 58, 60, 61], "excluded_lines": [], "start_line": 1}}, "classes": {"": {"executed_lines": [], "summary": {"covered_lines": 0, "num_statements": 37, "percent_covered": 0.0, "percent_covered_display": "0", "missing_lines": 37, "excluded_lines": 0, "percent_statements_covered": 0.0, "percent_statements_covered_display": "0"}, "missing_lines": [4, 6, 14, 16, 19, 20, 21, 22, 23, 24, 26, 29, 30, 31, 32, 33, 36, 37, 38, 39, 40, 41, 42, 45, 46, 47, 48, 49, 52, 53, 54, 55, 56, 57, 58, 60, 61], "excluded_lines": [], "start_line": 1}}}, "api_gateway.py": {"executed_lines": [], "summary": {"covered_lines": 0, "num_statements": 45, "percent_covered": 0.0, "percent_covered_display": "0", "missing_lines": 45, "excluded_lines": 8, "percent_statements_covered": 0.0, "percent_statements_covered_display": "0"}, "missing_lines": [3, 4, 5, 6, 8, 12, 15, 20, 23, 24, 27, 28, 30, 31, 34, 35, 36, 39, 40, 41, 42, 43, 44, 45, 48, 49, 51, 52, 53, 54, 56, 57, 58, 64, 65, 67, 70, 71, 72, 75, 76, 77, 78, 79, 80], "excluded_lines": [9, 10, 66, 82, 83, 84, 85, 86], "functions": {"auth_and_rate_limit": {"executed_lines": [], "summary": {"covered_lines": 0, "num_statements": 12, "percent_covered": 0.0, "percent_covered_display": "0", "missing_lines": 12, "excluded_lines": 0, "percent_statements_covered": 0.0, "percent_statements_covered_display": "0"}, "missing_lines": [30, 31, 34, 35, 36, 39, 40, 41, 42, 43, 44, 45], "excluded_lines": [], "start_line": 28}, "proxy": {"executed_lines": [], "summary": {"covered_lines": 0, "num_statements": 10, "percent_covered": 0.0, "percent_covered_display": "0", "missing_lines": 10, "excluded_lines": 1, "percent_statements_covered": 0.0, "percent_statements_covered_display": "0"}, "missing_lines": [51, 52, 53, 54, 56, 57, 58, 64, 65, 67], "excluded_lines": [66], "start_line": 49}, "health": {"executed_lines": [], "summary": {"covered_lines": 0, "num_statements": 1, "percent_covered": 0.0, "percent_covered_display": "0", "missing_lines": 1, "excluded_lines": 0, "percent_statements_covered": 0.0, "percent_statements_covered_display": "0"}, "missing_lines": [72], "excluded_lines": [], "start_line": 71}, "metrics": {"executed_lines": [], "summary": {"covered_lines": 0, "num_statements": 4, "percent_covered": 0.0, "percent_covered_display": "0", "missing_lines": 4, "excluded_lines": 0, "percent_statements_covered": 0.0, "percent_statements_covered_display": "0"}, "missing_lines": [77, 78, 79, 80], "excluded_lines": [], "start_line": 76}, "": {"executed_lines": [], "summary": {"covered_lines": 0, "num_statements": 18, "percent_covered": 0.0, "percent_covered_display": "0", "missing_lines": 18, "excluded_lines": 7, "percent_statements_covered": 0.0, "percent_statements_covered_display": "0"}, "missing_lines": [3, 4, 5, 6, 8, 12, 15, 20, 23, 24, 27, 28, 48, 49, 70, 71, 75, 76], "excluded_lines": [9, 10, 82, 83, 84, 85, 86], "start_line": 1}}, "classes": {"": {"executed_lines": [], "summary": {"covered_lines": 0, "num_statements": 45, "percent_covered": 0.0, "percent_covered_display": "0", "missing_lines": 45, "excluded_lines": 8, "percent_statements_covered": 0.0, "percent_statements_covered_display": "0"}, "missing_lines": [3, 4, 5, 6, 8, 12, 15, 20, 23, 24, 27, 28, 30, 31, 34, 35, 36, 39, 40, 41, 42, 43, 44, 45, 48, 49, 51, 52, 53, 54, 56, 57, 58, 64, 65, 67, 70, 71, 72, 75, 76, 77, 78, 79, 80], "excluded_lines": [9, 10, 66, 82, 83, 84, 85, 86], "start_line": 1}}}, "api_signature_integration.py": {"executed_lines": [], "summary": {"covered_lines": 0, "num_statements": 136, "percent_covered": 0.0, "percent_covered_display": "0", "missing_lines": 136, "excluded_lines": 29, "percent_statements_covered": 0.0, "percent_statements_covered_display": "0"}, "missing_lines": [9, 10, 11, 12, 13, 14, 15, 16, 21, 23, 26, 29, 41, 42, 45, 46, 48, 65, 66, 68, 69, 71, 72, 73, 75, 82, 92, 93, 94, 95, 97, 98, 100, 101, 103, 105, 115, 117, 118, 119, 121, 122, 124, 125, 127, 138, 140, 141, 143, 145, 164, 166, 168, 169, 170, 172, 173, 174, 176, 177, 178, 180, 181, 183, 185, 196, 197, 198, 199, 201, 202, 204, 205, 206, 207, 209, 212, 215, 227, 228, 229, 231, 233, 235, 245, 246, 248, 249, 251, 256, 258, 260, 261, 263, 265, 267, 268, 270, 271, 276, 278, 280, 282, 283, 286, 287, 290, 293, 294, 295, 298, 304, 305, 306, 309, 311, 312, 313, 315, 316, 323, 325, 327, 328, 330, 332, 335, 337, 338, 339, 341, 342, 344, 345, 350, 352], "excluded_lines": [18, 43, 165, 257, 326, 355, 356, 358, 360, 361, 362, 364, 365, 366, 368, 369, 370, 372, 373, 374, 375, 376, 378, 379, 380, 381, 382, 383, 385], "functions": {"APISignature.__init__": {"executed_lines": [], "summary": {"covered_lines": 0, "num_statements": 4, "percent_covered": 0.0, "percent_covered_display": "0", "missing_lines": 4, "excluded_lines": 1, "percent_statements_covered": 0.0, "percent_statements_covered_display": "0"}, "missing_lines": [41, 42, 45, 46], "excluded_lines": [43], "start_line": 29}, "APISignature.generate_signature": {"executed_lines": [], "summary": {"covered_lines": 0, "num_statements": 8, "percent_covered": 0.0, "percent_covered_display": "0", "missing_lines": 8, "excluded_lines": 0, "percent_statements_covered": 0.0, "percent_statements_covered_display": "0"}, "missing_lines": [65, 66, 68, 69, 71, 72, 73, 75], "excluded_lines": [], "start_line": 48}, "APISignature.validate_timestamp": {"executed_lines": [], "summary": {"covered_lines": 0, "num_statements": 9, "percent_covered": 0.0, "percent_covered_display": "0", "missing_lines": 9, "excluded_lines": 0, "percent_statements_covered": 0.0, "percent_statements_covered_display": "0"}, "missing_lines": [92, 93, 94, 95, 97, 98, 100, 101, 103], "excluded_lines": [], "start_line": 82}, "APISignature.validate_nonce": {"executed_lines": [], "summary": {"covered_lines": 0, "num_statements": 8, "percent_covered": 0.0, "percent_covered_display": "0", "missing_lines": 8, "excluded_lines": 0, "percent_statements_covered": 0.0, "percent_statements_covered_display": "0"}, "missing_lines": [115, 117, 118, 119, 121, 122, 124, 125], "excluded_lines": [], "start_line": 105}, "APISignature.validate_body": {"executed_lines": [], "summary": {"covered_lines": 0, "num_statements": 4, "percent_covered": 0.0, "percent_covered_display": "0", "missing_lines": 4, "excluded_lines": 0, "percent_statements_covered": 0.0, "percent_statements_covered_display": "0"}, "missing_lines": [138, 140, 141, 143], "excluded_lines": [], "start_line": 127}, "APISignature.validate_signature": {"executed_lines": [], "summary": {"covered_lines": 0, "num_statements": 14, "percent_covered": 0.0, "percent_covered_display": "0", "missing_lines": 14, "excluded_lines": 1, "percent_statements_covered": 0.0, "percent_statements_covered_display": "0"}, "missing_lines": [164, 166, 168, 169, 170, 172, 173, 174, 176, 177, 178, 180, 181, 183], "excluded_lines": [165], "start_line": 145}, "APISignature.validate_request": {"executed_lines": [], "summary": {"covered_lines": 0, "num_statements": 11, "percent_covered": 0.0, "percent_covered_display": "0", "missing_lines": 11, "excluded_lines": 0, "percent_statements_covered": 0.0, "percent_statements_covered_display": "0"}, "missing_lines": [196, 197, 198, 199, 201, 202, 204, 205, 206, 207, 209], "excluded_lines": [], "start_line": 185}, "APIRateLimiter.__init__": {"executed_lines": [], "summary": {"covered_lines": 0, "num_statements": 3, "percent_covered": 0.0, "percent_covered_display": "0", "missing_lines": 3, "excluded_lines": 0, "percent_statements_covered": 0.0, "percent_statements_covered_display": "0"}, "missing_lines": [227, 228, 229], "excluded_lines": [], "start_line": 215}, "APIRateLimiter._get_client_key": {"executed_lines": [], "summary": {"covered_lines": 0, "num_statements": 1, "percent_covered": 0.0, "percent_covered_display": "0", "missing_lines": 1, "excluded_lines": 0, "percent_statements_covered": 0.0, "percent_statements_covered_display": "0"}, "missing_lines": [233], "excluded_lines": [], "start_line": 231}, "APIRateLimiter.is_allowed": {"executed_lines": [], "summary": {"covered_lines": 0, "num_statements": 9, "percent_covered": 0.0, "percent_covered_display": "0", "missing_lines": 9, "excluded_lines": 1, "percent_statements_covered": 0.0, "percent_statements_covered_display": "0"}, "missing_lines": [245, 246, 248, 249, 251, 256, 258, 260, 261], "excluded_lines": [257], "start_line": 235}, "APIRateLimiter.get_remaining": {"executed_lines": [], "summary": {"covered_lines": 0, "num_statements": 6, "percent_covered": 0.0, "percent_covered_display": "0", "missing_lines": 6, "excluded_lines": 0, "percent_statements_covered": 0.0, "percent_statements_covered_display": "0"}, "missing_lines": [265, 267, 268, 270, 271, 276], "excluded_lines": [], "start_line": 263}, "APIRateLimiter.reset": {"executed_lines": [], "summary": {"covered_lines": 0, "num_statements": 3, "percent_covered": 0.0, "percent_covered_display": "0", "missing_lines": 3, "excluded_lines": 0, "percent_statements_covered": 0.0, "percent_statements_covered_display": "0"}, "missing_lines": [280, 282, 283], "excluded_lines": [], "start_line": 278}, "get_api_signature": {"executed_lines": [], "summary": {"covered_lines": 0, "num_statements": 3, "percent_covered": 0.0, "percent_covered_display": "0", "missing_lines": 3, "excluded_lines": 0, "percent_statements_covered": 0.0, "percent_statements_covered_display": "0"}, "missing_lines": [293, 294, 295], "excluded_lines": [], "start_line": 290}, "get_api_rate_limiter": {"executed_lines": [], "summary": {"covered_lines": 0, "num_statements": 3, "percent_covered": 0.0, "percent_covered_display": "0", "missing_lines": 3, "excluded_lines": 0, "percent_statements_covered": 0.0, "percent_statements_covered_display": "0"}, "missing_lines": [304, 305, 306], "excluded_lines": [], "start_line": 298}, "require_api_signature": {"executed_lines": [], "summary": {"covered_lines": 0, "num_statements": 3, "percent_covered": 0.0, "percent_covered_display": "0", "missing_lines": 3, "excluded_lines": 0, "percent_statements_covered": 0.0, "percent_statements_covered_display": "0"}, "missing_lines": [311, 312, 332], "excluded_lines": [], "start_line": 309}, "require_api_signature.wrapper": {"executed_lines": [], "summary": {"covered_lines": 0, "num_statements": 8, "percent_covered": 0.0, "percent_covered_display": "0", "missing_lines": 8, "excluded_lines": 1, "percent_statements_covered": 0.0, "percent_statements_covered_display": "0"}, "missing_lines": [313, 315, 316, 323, 325, 327, 328, 330], "excluded_lines": [326], "start_line": 312}, "require_api_rate_limit": {"executed_lines": [], "summary": {"covered_lines": 0, "num_statements": 3, "percent_covered": 0.0, "percent_covered_display": "0", "missing_lines": 3, "excluded_lines": 0, "percent_statements_covered": 0.0, "percent_statements_covered_display": "0"}, "missing_lines": [337, 338, 352], "excluded_lines": [], "start_line": 335}, "require_api_rate_limit.wrapper": {"executed_lines": [], "summary": {"covered_lines": 0, "num_statements": 6, "percent_covered": 0.0, "percent_covered_display": "0", "missing_lines": 6, "excluded_lines": 0, "percent_statements_covered": 0.0, "percent_statements_covered_display": "0"}, "missing_lines": [339, 341, 342, 344, 345, 350], "excluded_lines": [], "start_line": 338}, "": {"executed_lines": [], "summary": {"covered_lines": 0, "num_statements": 30, "percent_covered": 0.0, "percent_covered_display": "0", "missing_lines": 30, "excluded_lines": 25, "percent_statements_covered": 0.0, "percent_statements_covered_display": "0"}, "missing_lines": [9, 10, 11, 12, 13, 14, 15, 16, 21, 23, 26, 29, 48, 82, 105, 127, 145, 185, 212, 215, 231, 235, 263, 278, 286, 287, 290, 298, 309, 335], "excluded_lines": [18, 355, 356, 358, 360, 361, 362, 364, 365, 366, 368, 369, 370, 372, 373, 374, 375, 376, 378, 379, 380, 381, 382, 383, 385], "start_line": 1}}, "classes": {"APISignatureError": {"executed_lines": [], "summary": {"covered_lines": 0, "num_statements": 0, "percent_covered": 100.0, "percent_covered_display": "100", "missing_lines": 0, "excluded_lines": 0, "percent_statements_covered": 100.0, "percent_statements_covered_display": "100"}, "missing_lines": [], "excluded_lines": [], "start_line": 21}, "APISignature": {"executed_lines": [], "summary": {"covered_lines": 0, "num_statements": 58, "percent_covered": 0.0, "percent_covered_display": "0", "missing_lines": 58, "excluded_lines": 2, "percent_statements_covered": 0.0, "percent_statements_covered_display": "0"}, "missing_lines": [41, 42, 45, 46, 65, 66, 68, 69, 71, 72, 73, 75, 92, 93, 94, 95, 97, 98, 100, 101, 103, 115, 117, 118, 119, 121, 122, 124, 125, 138, 140, 141, 143, 164, 166, 168, 169, 170, 172, 173, 174, 176, 177, 178, 180, 181, 183, 196, 197, 198, 199, 201, 202, 204, 205, 206, 207, 209], "excluded_lines": [43, 165], "start_line": 26}, "APIRateLimiter": {"executed_lines": [], "summary": {"covered_lines": 0, "num_statements": 22, "percent_covered": 0.0, "percent_covered_display": "0", "missing_lines": 22, "excluded_lines": 1, "percent_statements_covered": 0.0, "percent_statements_covered_display": "0"}, "missing_lines": [227, 228, 229, 233, 245, 246, 248, 249, 251, 256, 258, 260, 261, 265, 267, 268, 270, 271, 276, 280, 282, 283], "excluded_lines": [257], "start_line": 212}, "": {"executed_lines": [], "summary": {"covered_lines": 0, "num_statements": 56, "percent_covered": 0.0, "percent_covered_display": "0", "missing_lines": 56, "excluded_lines": 26, "percent_statements_covered": 0.0, "percent_statements_covered_display": "0"}, "missing_lines": [9, 10, 11, 12, 13, 14, 15, 16, 21, 23, 26, 29, 48, 82, 105, 127, 145, 185, 212, 215, 231, 235, 263, 278, 286, 287, 290, 293, 294, 295, 298, 304, 305, 306, 309, 311, 312, 313, 315, 316, 323, 325, 327, 328, 330, 332, 335, 337, 338, 339, 341, 342, 344, 345, 350, 352], "excluded_lines": [18, 326, 355, 356, 358, 360, 361, 362, 364, 365, 366, 368, 369, 370, 372, 373, 374, 375, 376, 378, 379, 380, 381, 382, 383, 385], "start_line": 1}}}, "auto_publish_service.py": {"executed_lines": [19, 20, 21, 22, 26, 28, 29, 30, 31, 40, 47, 54, 55, 56, 57, 59, 63, 64, 65, 66, 67, 77, 78, 80, 81, 82, 83, 85, 86, 90, 97, 99, 106, 107, 109, 114, 124, 125, 137, 155, 162, 167, 213, 272, 292, 310, 322, 324, 325, 326, 347, 354, 358, 359, 360, 361, 362, 367], "summary": {"covered_lines": 58, "num_statements": 152, "percent_covered": 38.1578947368421, "percent_covered_display": "38", "missing_lines": 94, "excluded_lines": 22, "percent_statements_covered": 38.1578947368421, "percent_statements_covered_display": "38"}, "missing_lines": [32, 34, 35, 36, 37, 70, 72, 73, 75, 88, 110, 112, 127, 128, 130, 135, 144, 145, 146, 147, 148, 150, 151, 153, 181, 187, 189, 190, 191, 192, 194, 195, 196, 197, 199, 200, 201, 203, 204, 205, 206, 208, 211, 227, 229, 231, 233, 235, 236, 238, 239, 240, 254, 255, 256, 257, 261, 264, 265, 266, 269, 270, 280, 282, 283, 284, 289, 301, 302, 303, 307, 328, 329, 330, 332, 333, 334, 336, 338, 340, 342, 343, 356, 363, 365, 374, 375, 377, 378, 379, 380, 381, 382, 384], "excluded_lines": [24, 33, 69, 71, 74, 108, 111, 149, 152, 209, 228, 259, 262, 268, 290, 299, 308, 337, 345, 355, 364, 383], "functions": {"AutoPublishService.__init__": {"executed_lines": [54, 55, 56, 57], "summary": {"covered_lines": 4, "num_statements": 4, "percent_covered": 100.0, "percent_covered_display": "100", "missing_lines": 0, "excluded_lines": 0, "percent_statements_covered": 100.0, "percent_statements_covered_display": "100"}, "missing_lines": [], "excluded_lines": [], "start_line": 47}, "AutoPublishService._init_integration": {"executed_lines": [63, 64, 65, 66, 67], "summary": {"covered_lines": 5, "num_statements": 9, "percent_covered": 55.55555555555556, "percent_covered_display": "56", "missing_lines": 4, "excluded_lines": 3, "percent_statements_covered": 55.55555555555556, "percent_statements_covered_display": "56"}, "missing_lines": [70, 72, 73, 75], "excluded_lines": [69, 71, 74], "start_line": 59}, "AutoPublishService.config": {"executed_lines": [80, 81, 82, 83], "summary": {"covered_lines": 4, "num_statements": 4, "percent_covered": 100.0, "percent_covered_display": "100", "missing_lines": 0, "excluded_lines": 0, "percent_statements_covered": 100.0, "percent_statements_covered_display": "100"}, "missing_lines": [], "excluded_lines": [], "start_line": 78}, "AutoPublishService.integration": {"executed_lines": [], "summary": {"covered_lines": 0, "num_statements": 1, "percent_covered": 0.0, "percent_covered_display": "0", "missing_lines": 1, "excluded_lines": 0, "percent_statements_covered": 0.0, "percent_statements_covered_display": "0"}, "missing_lines": [88], "excluded_lines": [], "start_line": 86}, "AutoPublishService.is_available": {"executed_lines": [97], "summary": {"covered_lines": 1, "num_statements": 1, "percent_covered": 100.0, "percent_covered_display": "100", "missing_lines": 0, "excluded_lines": 0, "percent_statements_covered": 100.0, "percent_statements_covered_display": "100"}, "missing_lines": [], "excluded_lines": [], "start_line": 90}, "AutoPublishService.is_auto_publish_enabled": {"executed_lines": [106, 107, 109], "summary": {"covered_lines": 3, "num_statements": 5, "percent_covered": 60.0, "percent_covered_display": "60", "missing_lines": 2, "excluded_lines": 2, "percent_statements_covered": 60.0, "percent_statements_covered_display": "60"}, "missing_lines": [110, 112], "excluded_lines": [108, 111], "start_line": 99}, "AutoPublishService.should_auto_publish": {"executed_lines": [124, 125], "summary": {"covered_lines": 2, "num_statements": 6, "percent_covered": 33.333333333333336, "percent_covered_display": "33", "missing_lines": 4, "excluded_lines": 0, "percent_statements_covered": 33.333333333333336, "percent_statements_covered_display": "33"}, "missing_lines": [127, 128, 130, 135], "excluded_lines": [], "start_line": 114}, "AutoPublishService._is_auto_mode": {"executed_lines": [], "summary": {"covered_lines": 0, "num_statements": 8, "percent_covered": 0.0, "percent_covered_display": "0", "missing_lines": 8, "excluded_lines": 2, "percent_statements_covered": 0.0, "percent_statements_covered_display": "0"}, "missing_lines": [144, 145, 146, 147, 148, 150, 151, 153], "excluded_lines": [149, 152], "start_line": 137}, "AutoPublishService._get_retry_config": {"executed_lines": [162], "summary": {"covered_lines": 1, "num_statements": 1, "percent_covered": 100.0, "percent_covered_display": "100", "missing_lines": 0, "excluded_lines": 0, "percent_statements_covered": 100.0, "percent_statements_covered_display": "100"}, "missing_lines": [], "excluded_lines": [], "start_line": 155}, "AutoPublishService._prepare_task_data": {"executed_lines": [], "summary": {"covered_lines": 0, "num_statements": 19, "percent_covered": 0.0, "percent_covered_display": "0", "missing_lines": 19, "excluded_lines": 1, "percent_statements_covered": 0.0, "percent_statements_covered_display": "0"}, "missing_lines": [181, 187, 189, 190, 191, 192, 194, 195, 196, 197, 199, 200, 201, 203, 204, 205, 206, 208, 211], "excluded_lines": [209], "start_line": 167}, "AutoPublishService.publish_task": {"executed_lines": [], "summary": {"covered_lines": 0, "num_statements": 19, "percent_covered": 0.0, "percent_covered_display": "0", "missing_lines": 19, "excluded_lines": 4, "percent_statements_covered": 0.0, "percent_statements_covered_display": "0"}, "missing_lines": [227, 229, 231, 233, 235, 236, 238, 239, 240, 254, 255, 256, 257, 261, 264, 265, 266, 269, 270], "excluded_lines": [228, 259, 262, 268], "start_line": 213}, "AutoPublishService._on_publish_success": {"executed_lines": [], "summary": {"covered_lines": 0, "num_statements": 5, "percent_covered": 0.0, "percent_covered_display": "0", "missing_lines": 5, "excluded_lines": 1, "percent_statements_covered": 0.0, "percent_statements_covered_display": "0"}, "missing_lines": [280, 282, 283, 284, 289], "excluded_lines": [290], "start_line": 272}, "AutoPublishService._on_publish_failure": {"executed_lines": [], "summary": {"covered_lines": 0, "num_statements": 4, "percent_covered": 0.0, "percent_covered_display": "0", "missing_lines": 4, "excluded_lines": 2, "percent_statements_covered": 0.0, "percent_statements_covered_display": "0"}, "missing_lines": [301, 302, 303, 307], "excluded_lines": [299, 308], "start_line": 292}, "AutoPublishService.handle_production_confirmed": {"executed_lines": [322, 324, 325, 326], "summary": {"covered_lines": 4, "num_statements": 15, "percent_covered": 26.666666666666668, "percent_covered_display": "27", "missing_lines": 11, "excluded_lines": 2, "percent_statements_covered": 26.666666666666668, "percent_statements_covered_display": "27"}, "missing_lines": [328, 329, 330, 332, 333, 334, 336, 338, 340, 342, 343], "excluded_lines": [337, 345], "start_line": 310}, "AutoPublishService.register_event_handler": {"executed_lines": [354, 358, 359, 360, 361, 362], "summary": {"covered_lines": 6, "num_statements": 9, "percent_covered": 66.66666666666667, "percent_covered_display": "67", "missing_lines": 3, "excluded_lines": 2, "percent_statements_covered": 66.66666666666667, "percent_statements_covered_display": "67"}, "missing_lines": [356, 363, 365], "excluded_lines": [355, 364], "start_line": 347}, "AutoPublishService.unregister_event_handler": {"executed_lines": [], "summary": {"covered_lines": 0, "num_statements": 9, "percent_covered": 0.0, "percent_covered_display": "0", "missing_lines": 9, "excluded_lines": 1, "percent_statements_covered": 0.0, "percent_statements_covered_display": "0"}, "missing_lines": [374, 375, 377, 378, 379, 380, 381, 382, 384], "excluded_lines": [383], "start_line": 367}, "": {"executed_lines": [19, 20, 21, 22, 26, 28, 29, 30, 31, 40, 47, 59, 77, 78, 85, 86, 90, 99, 114, 137, 155, 167, 213, 272, 292, 310, 347, 367], "summary": {"covered_lines": 28, "num_statements": 33, "percent_covered": 84.84848484848484, "percent_covered_display": "85", "missing_lines": 5, "excluded_lines": 2, "percent_statements_covered": 84.84848484848484, "percent_statements_covered_display": "85"}, "missing_lines": [32, 34, 35, 36, 37], "excluded_lines": [24, 33], "start_line": 1}}, "classes": {"AutoPublishService": {"executed_lines": [54, 55, 56, 57, 63, 64, 65, 66, 67, 80, 81, 82, 83, 97, 106, 107, 109, 124, 125, 162, 322, 324, 325, 326, 354, 358, 359, 360, 361, 362], "summary": {"covered_lines": 30, "num_statements": 119, "percent_covered": 25.210084033613445, "percent_covered_display": "25", "missing_lines": 89, "excluded_lines": 20, "percent_statements_covered": 25.210084033613445, "percent_statements_covered_display": "25"}, "missing_lines": [70, 72, 73, 75, 88, 110, 112, 127, 128, 130, 135, 144, 145, 146, 147, 148, 150, 151, 153, 181, 187, 189, 190, 191, 192, 194, 195, 196, 197, 199, 200, 201, 203, 204, 205, 206, 208, 211, 227, 229, 231, 233, 235, 236, 238, 239, 240, 254, 255, 256, 257, 261, 264, 265, 266, 269, 270, 280, 282, 283, 284, 289, 301, 302, 303, 307, 328, 329, 330, 332, 333, 334, 336, 338, 340, 342, 343, 356, 363, 365, 374, 375, 377, 378, 379, 380, 381, 382, 384], "excluded_lines": [69, 71, 74, 108, 111, 149, 152, 209, 228, 259, 262, 268, 290, 299, 308, 337, 345, 355, 364, 383], "start_line": 40}, "": {"executed_lines": [19, 20, 21, 22, 26, 28, 29, 30, 31, 40, 47, 59, 77, 78, 85, 86, 90, 99, 114, 137, 155, 167, 213, 272, 292, 310, 347, 367], "summary": {"covered_lines": 28, "num_statements": 33, "percent_covered": 84.84848484848484, "percent_covered_display": "85", "missing_lines": 5, "excluded_lines": 2, "percent_statements_covered": 84.84848484848484, "percent_statements_covered_display": "85"}, "missing_lines": [32, 34, 35, 36, 37], "excluded_lines": [24, 33], "start_line": 1}}}, "backup_system.py": {"executed_lines": [], "summary": {"covered_lines": 0, "num_statements": 83, "percent_covered": 0.0, "percent_covered_display": "0", "missing_lines": 83, "excluded_lines": 2, "percent_statements_covered": 0.0, "percent_statements_covered_display": "0"}, "missing_lines": [5, 6, 7, 8, 9, 10, 11, 13, 15, 16, 17, 19, 20, 22, 23, 24, 26, 27, 29, 30, 31, 32, 33, 34, 35, 36, 37, 39, 40, 41, 42, 44, 45, 47, 49, 50, 51, 52, 53, 54, 55, 56, 57, 58, 59, 61, 62, 63, 64, 65, 66, 68, 71, 72, 73, 74, 76, 79, 81, 82, 84, 86, 87, 88, 89, 90, 91, 92, 93, 95, 97, 99, 100, 101, 102, 104, 105, 107, 108, 110, 112, 113, 114], "excluded_lines": [116, 117], "functions": {"backup_database": {"executed_lines": [], "summary": {"covered_lines": 0, "num_statements": 52, "percent_covered": 0.0, "percent_covered_display": "0", "missing_lines": 52, "excluded_lines": 0, "percent_statements_covered": 0.0, "percent_statements_covered_display": "0"}, "missing_lines": [15, 16, 17, 19, 20, 22, 23, 24, 26, 27, 29, 30, 31, 32, 33, 34, 35, 36, 37, 39, 40, 41, 42, 44, 45, 47, 49, 50, 51, 52, 53, 54, 55, 56, 57, 58, 59, 61, 62, 63, 64, 65, 66, 68, 71, 72, 73, 74, 76, 79, 81, 82], "excluded_lines": [], "start_line": 13}, "cleanup_old_backups": {"executed_lines": [], "summary": {"covered_lines": 0, "num_statements": 8, "percent_covered": 0.0, "percent_covered_display": "0", "missing_lines": 8, "excluded_lines": 0, "percent_statements_covered": 0.0, "percent_statements_covered_display": "0"}, "missing_lines": [86, 87, 88, 89, 90, 91, 92, 93], "excluded_lines": [], "start_line": 84}, "backup_scheduler": {"executed_lines": [], "summary": {"covered_lines": 0, "num_statements": 9, "percent_covered": 0.0, "percent_covered_display": "0", "missing_lines": 9, "excluded_lines": 0, "percent_statements_covered": 0.0, "percent_statements_covered_display": "0"}, "missing_lines": [97, 99, 100, 101, 102, 104, 105, 107, 108], "excluded_lines": [], "start_line": 95}, "start_backup_scheduler": {"executed_lines": [], "summary": {"covered_lines": 0, "num_statements": 3, "percent_covered": 0.0, "percent_covered_display": "0", "missing_lines": 3, "excluded_lines": 0, "percent_statements_covered": 0.0, "percent_statements_covered_display": "0"}, "missing_lines": [112, 113, 114], "excluded_lines": [], "start_line": 110}, "": {"executed_lines": [], "summary": {"covered_lines": 0, "num_statements": 11, "percent_covered": 0.0, "percent_covered_display": "0", "missing_lines": 11, "excluded_lines": 2, "percent_statements_covered": 0.0, "percent_statements_covered_display": "0"}, "missing_lines": [5, 6, 7, 8, 9, 10, 11, 13, 84, 95, 110], "excluded_lines": [116, 117], "start_line": 1}}, "classes": {"": {"executed_lines": [], "summary": {"covered_lines": 0, "num_statements": 83, "percent_covered": 0.0, "percent_covered_display": "0", "missing_lines": 83, "excluded_lines": 2, "percent_statements_covered": 0.0, "percent_statements_covered_display": "0"}, "missing_lines": [5, 6, 7, 8, 9, 10, 11, 13, 15, 16, 17, 19, 20, 22, 23, 24, 26, 27, 29, 30, 31, 32, 33, 34, 35, 36, 37, 39, 40, 41, 42, 44, 45, 47, 49, 50, 51, 52, 53, 54, 55, 56, 57, 58, 59, 61, 62, 63, 64, 65, 66, 68, 71, 72, 73, 74, 76, 79, 81, 82, 84, 86, 87, 88, 89, 90, 91, 92, 93, 95, 97, 99, 100, 101, 102, 104, 105, 107, 108, 110, 112, 113, 114], "excluded_lines": [116, 117], "start_line": 1}}}, "circuit_breaker_integration.py": {"executed_lines": [], "summary": {"covered_lines": 0, "num_statements": 92, "percent_covered": 0.0, "percent_covered_display": "0", "missing_lines": 92, "excluded_lines": 19, "percent_statements_covered": 0.0, "percent_statements_covered_display": "0"}, "missing_lines": [9, 10, 11, 12, 14, 22, 25, 28, 29, 31, 32, 33, 34, 35, 36, 38, 40, 42, 44, 45, 46, 48, 58, 59, 61, 70, 71, 73, 75, 77, 85, 87, 88, 89, 92, 121, 123, 124, 133, 134, 135, 137, 138, 139, 140, 142, 143, 144, 145, 146, 147, 149, 150, 151, 153, 154, 155, 157, 160, 162, 165, 168, 169, 171, 192, 194, 195, 196, 197, 199, 200, 201, 202, 203, 204, 205, 206, 207, 209, 211, 212, 213, 215, 221, 223, 225, 227, 228, 229, 230, 233, 235], "excluded_lines": [20, 136, 148, 238, 239, 241, 243, 244, 245, 246, 247, 249, 250, 251, 253, 254, 255, 256, 258], "functions": {"CircuitBreakerRegistry.__new__": {"executed_lines": [], "summary": {"covered_lines": 0, "num_statements": 5, "percent_covered": 0.0, "percent_covered_display": "0", "missing_lines": 5, "excluded_lines": 0, "percent_statements_covered": 0.0, "percent_statements_covered_display": "0"}, "missing_lines": [32, 33, 34, 35, 36], "excluded_lines": [], "start_line": 31}, "CircuitBreakerRegistry.get_breaker": {"executed_lines": [], "summary": {"covered_lines": 0, "num_statements": 1, "percent_covered": 0.0, "percent_covered_display": "0", "missing_lines": 1, "excluded_lines": 0, "percent_statements_covered": 0.0, "percent_statements_covered_display": "0"}, "missing_lines": [40], "excluded_lines": [], "start_line": 38}, "CircuitBreakerRegistry.register_breaker": {"executed_lines": [], "summary": {"covered_lines": 0, "num_statements": 3, "percent_covered": 0.0, "percent_covered_display": "0", "missing_lines": 3, "excluded_lines": 0, "percent_statements_covered": 0.0, "percent_statements_covered_display": "0"}, "missing_lines": [44, 45, 46], "excluded_lines": [], "start_line": 42}, "CircuitBreakerRegistry.get_or_create": {"executed_lines": [], "summary": {"covered_lines": 0, "num_statements": 6, "percent_covered": 0.0, "percent_covered_display": "0", "missing_lines": 6, "excluded_lines": 0, "percent_statements_covered": 0.0, "percent_statements_covered_display": "0"}, "missing_lines": [58, 59, 61, 70, 71, 73], "excluded_lines": [], "start_line": 48}, "CircuitBreakerRegistry.get_all_breakers": {"executed_lines": [], "summary": {"covered_lines": 0, "num_statements": 1, "percent_covered": 0.0, "percent_covered_display": "0", "missing_lines": 1, "excluded_lines": 0, "percent_statements_covered": 0.0, "percent_statements_covered_display": "0"}, "missing_lines": [77], "excluded_lines": [], "start_line": 75}, "CircuitBreakerRegistry.reset_all": {"executed_lines": [], "summary": {"covered_lines": 0, "num_statements": 3, "percent_covered": 0.0, "percent_covered_display": "0", "missing_lines": 3, "excluded_lines": 0, "percent_statements_covered": 0.0, "percent_statements_covered_display": "0"}, "missing_lines": [87, 88, 89], "excluded_lines": [], "start_line": 85}, "circuit_protected": {"executed_lines": [], "summary": {"covered_lines": 0, "num_statements": 3, "percent_covered": 0.0, "percent_covered_display": "0", "missing_lines": 3, "excluded_lines": 0, "percent_statements_covered": 0.0, "percent_statements_covered_display": "0"}, "missing_lines": [121, 123, 157], "excluded_lines": [], "start_line": 92}, "circuit_protected.decorator": {"executed_lines": [], "summary": {"covered_lines": 0, "num_statements": 6, "percent_covered": 0.0, "percent_covered_display": "0", "missing_lines": 6, "excluded_lines": 0, "percent_statements_covered": 0.0, "percent_statements_covered_display": "0"}, "missing_lines": [124, 133, 134, 153, 154, 155], "excluded_lines": [], "start_line": 123}, "circuit_protected.decorator.wrapper": {"executed_lines": [], "summary": {"covered_lines": 0, "num_statements": 14, "percent_covered": 0.0, "percent_covered_display": "0", "missing_lines": 14, "excluded_lines": 2, "percent_statements_covered": 0.0, "percent_statements_covered_display": "0"}, "missing_lines": [135, 137, 138, 139, 140, 142, 143, 144, 145, 146, 147, 149, 150, 151], "excluded_lines": [136, 148], "start_line": 134}, "CircuitBreakerManager.__init__": {"executed_lines": [], "summary": {"covered_lines": 0, "num_statements": 1, "percent_covered": 0.0, "percent_covered_display": "0", "missing_lines": 1, "excluded_lines": 0, "percent_statements_covered": 0.0, "percent_statements_covered_display": "0"}, "missing_lines": [169], "excluded_lines": [], "start_line": 168}, "CircuitBreakerManager.protect": {"executed_lines": [], "summary": {"covered_lines": 0, "num_statements": 14, "percent_covered": 0.0, "percent_covered_display": "0", "missing_lines": 14, "excluded_lines": 0, "percent_statements_covered": 0.0, "percent_statements_covered_display": "0"}, "missing_lines": [192, 194, 195, 196, 197, 199, 200, 201, 202, 203, 204, 205, 206, 207], "excluded_lines": [], "start_line": 171}, "CircuitBreakerManager.get_status": {"executed_lines": [], "summary": {"covered_lines": 0, "num_statements": 4, "percent_covered": 0.0, "percent_covered_display": "0", "missing_lines": 4, "excluded_lines": 0, "percent_statements_covered": 0.0, "percent_statements_covered_display": "0"}, "missing_lines": [211, 212, 213, 215], "excluded_lines": [], "start_line": 209}, "CircuitBreakerManager.get_all_status": {"executed_lines": [], "summary": {"covered_lines": 0, "num_statements": 1, "percent_covered": 0.0, "percent_covered_display": "0", "missing_lines": 1, "excluded_lines": 0, "percent_statements_covered": 0.0, "percent_statements_covered_display": "0"}, "missing_lines": [223], "excluded_lines": [], "start_line": 221}, "CircuitBreakerManager.is_available": {"executed_lines": [], "summary": {"covered_lines": 0, "num_statements": 4, "percent_covered": 0.0, "percent_covered_display": "0", "missing_lines": 4, "excluded_lines": 0, "percent_statements_covered": 0.0, "percent_statements_covered_display": "0"}, "missing_lines": [227, 228, 229, 230], "excluded_lines": [], "start_line": 225}, "get_circuit_breaker_manager": {"executed_lines": [], "summary": {"covered_lines": 0, "num_statements": 1, "percent_covered": 0.0, "percent_covered_display": "0", "missing_lines": 1, "excluded_lines": 0, "percent_statements_covered": 0.0, "percent_statements_covered_display": "0"}, "missing_lines": [235], "excluded_lines": [], "start_line": 233}, "test_api_call": {"executed_lines": [], "summary": {"covered_lines": 0, "num_statements": 0, "percent_covered": 100.0, "percent_covered_display": "100", "missing_lines": 0, "excluded_lines": 3, "percent_statements_covered": 100.0, "percent_statements_covered_display": "100"}, "missing_lines": [], "excluded_lines": [245, 246, 247], "start_line": 244}, "": {"executed_lines": [], "summary": {"covered_lines": 0, "num_statements": 25, "percent_covered": 0.0, "percent_covered_display": "0", "missing_lines": 25, "excluded_lines": 14, "percent_statements_covered": 0.0, "percent_statements_covered_display": "0"}, "missing_lines": [9, 10, 11, 12, 14, 22, 25, 28, 29, 31, 38, 42, 48, 75, 85, 92, 160, 162, 165, 168, 171, 209, 221, 225, 233], "excluded_lines": [20, 238, 239, 241, 243, 244, 249, 250, 251, 253, 254, 255, 256, 258], "start_line": 1}}, "classes": {"CircuitBreakerRegistry": {"executed_lines": [], "summary": {"covered_lines": 0, "num_statements": 19, "percent_covered": 0.0, "percent_covered_display": "0", "missing_lines": 19, "excluded_lines": 0, "percent_statements_covered": 0.0, "percent_statements_covered_display": "0"}, "missing_lines": [32, 33, 34, 35, 36, 40, 44, 45, 46, 58, 59, 61, 70, 71, 73, 77, 87, 88, 89], "excluded_lines": [], "start_line": 25}, "CircuitBreakerOpenError": {"executed_lines": [], "summary": {"covered_lines": 0, "num_statements": 0, "percent_covered": 100.0, "percent_covered_display": "100", "missing_lines": 0, "excluded_lines": 0, "percent_statements_covered": 100.0, "percent_statements_covered_display": "100"}, "missing_lines": [], "excluded_lines": [], "start_line": 160}, "CircuitBreakerManager": {"executed_lines": [], "summary": {"covered_lines": 0, "num_statements": 24, "percent_covered": 0.0, "percent_covered_display": "0", "missing_lines": 24, "excluded_lines": 0, "percent_statements_covered": 0.0, "percent_statements_covered_display": "0"}, "missing_lines": [169, 192, 194, 195, 196, 197, 199, 200, 201, 202, 203, 204, 205, 206, 207, 211, 212, 213, 215, 223, 227, 228, 229, 230], "excluded_lines": [], "start_line": 165}, "": {"executed_lines": [], "summary": {"covered_lines": 0, "num_statements": 49, "percent_covered": 0.0, "percent_covered_display": "0", "missing_lines": 49, "excluded_lines": 19, "percent_statements_covered": 0.0, "percent_statements_covered_display": "0"}, "missing_lines": [9, 10, 11, 12, 14, 22, 25, 28, 29, 31, 38, 42, 48, 75, 85, 92, 121, 123, 124, 133, 134, 135, 137, 138, 139, 140, 142, 143, 144, 145, 146, 147, 149, 150, 151, 153, 154, 155, 157, 160, 162, 165, 168, 171, 209, 221, 225, 233, 235], "excluded_lines": [20, 136, 148, 238, 239, 241, 243, 244, 245, 246, 247, 249, 250, 251, 253, 254, 255, 256, 258], "start_line": 1}}}, "clock_sync_integration.py": {"executed_lines": [], "summary": {"covered_lines": 0, "num_statements": 96, "percent_covered": 0.0, "percent_covered_display": "0", "missing_lines": 96, "excluded_lines": 26, "percent_statements_covered": 0.0, "percent_statements_covered_display": "0"}, "missing_lines": [9, 10, 11, 12, 13, 17, 20, 23, 37, 38, 39, 40, 41, 42, 44, 46, 48, 50, 52, 54, 56, 63, 64, 66, 67, 69, 70, 72, 73, 74, 76, 78, 79, 80, 82, 88, 90, 92, 93, 95, 97, 99, 100, 101, 103, 105, 106, 107, 109, 110, 111, 113, 114, 116, 118, 120, 122, 129, 130, 132, 134, 135, 137, 138, 139, 141, 142, 143, 145, 146, 147, 149, 154, 156, 158, 161, 163, 170, 171, 172, 174, 176, 186, 187, 189, 191, 193, 206, 209, 215, 216, 217, 220, 222, 225, 227], "excluded_lines": [15, 91, 94, 119, 157, 159, 230, 231, 233, 235, 236, 237, 239, 240, 242, 243, 244, 246, 247, 249, 250, 251, 253, 254, 255, 257], "functions": {"ClockSync.__init__": {"executed_lines": [], "summary": {"covered_lines": 0, "num_statements": 6, "percent_covered": 0.0, "percent_covered_display": "0", "missing_lines": 6, "excluded_lines": 0, "percent_statements_covered": 0.0, "percent_statements_covered_display": "0"}, "missing_lines": [37, 38, 39, 40, 41, 42], "excluded_lines": [], "start_line": 23}, "ClockSync.get_offset": {"executed_lines": [], "summary": {"covered_lines": 0, "num_statements": 1, "percent_covered": 0.0, "percent_covered_display": "0", "missing_lines": 1, "excluded_lines": 0, "percent_statements_covered": 0.0, "percent_statements_covered_display": "0"}, "missing_lines": [46], "excluded_lines": [], "start_line": 44}, "ClockSync.get_local_time": {"executed_lines": [], "summary": {"covered_lines": 0, "num_statements": 1, "percent_covered": 0.0, "percent_covered_display": "0", "missing_lines": 1, "excluded_lines": 0, "percent_statements_covered": 0.0, "percent_statements_covered_display": "0"}, "missing_lines": [50], "excluded_lines": [], "start_line": 48}, "ClockSync.get_synced_time": {"executed_lines": [], "summary": {"covered_lines": 0, "num_statements": 1, "percent_covered": 0.0, "percent_covered_display": "0", "missing_lines": 1, "excluded_lines": 0, "percent_statements_covered": 0.0, "percent_statements_covered_display": "0"}, "missing_lines": [54], "excluded_lines": [], "start_line": 52}, "ClockSync.sync_with_ntp": {"executed_lines": [], "summary": {"covered_lines": 0, "num_statements": 19, "percent_covered": 0.0, "percent_covered_display": "0", "missing_lines": 19, "excluded_lines": 2, "percent_statements_covered": 0.0, "percent_statements_covered_display": "0"}, "missing_lines": [63, 64, 66, 67, 69, 70, 72, 73, 74, 76, 78, 79, 80, 82, 88, 90, 92, 93, 95], "excluded_lines": [91, 94], "start_line": 56}, "ClockSync._build_ntp_packet": {"executed_lines": [], "summary": {"covered_lines": 0, "num_statements": 3, "percent_covered": 0.0, "percent_covered_display": "0", "missing_lines": 3, "excluded_lines": 0, "percent_statements_covered": 0.0, "percent_statements_covered_display": "0"}, "missing_lines": [99, 100, 101], "excluded_lines": [], "start_line": 97}, "ClockSync._calculate_offset": {"executed_lines": [], "summary": {"covered_lines": 0, "num_statements": 11, "percent_covered": 0.0, "percent_covered_display": "0", "missing_lines": 11, "excluded_lines": 1, "percent_statements_covered": 0.0, "percent_statements_covered_display": "0"}, "missing_lines": [105, 106, 107, 109, 110, 111, 113, 114, 116, 118, 120], "excluded_lines": [119], "start_line": 103}, "ClockSync.sync_with_http": {"executed_lines": [], "summary": {"covered_lines": 0, "num_statements": 19, "percent_covered": 0.0, "percent_covered_display": "0", "missing_lines": 19, "excluded_lines": 2, "percent_statements_covered": 0.0, "percent_statements_covered_display": "0"}, "missing_lines": [129, 130, 132, 134, 135, 137, 138, 139, 141, 142, 143, 145, 146, 147, 149, 154, 156, 158, 161], "excluded_lines": [157, 159], "start_line": 122}, "ClockSync.sync": {"executed_lines": [], "summary": {"covered_lines": 0, "num_statements": 4, "percent_covered": 0.0, "percent_covered_display": "0", "missing_lines": 4, "excluded_lines": 0, "percent_statements_covered": 0.0, "percent_statements_covered_display": "0"}, "missing_lines": [170, 171, 172, 174], "excluded_lines": [], "start_line": 163}, "ClockSync.is_synced": {"executed_lines": [], "summary": {"covered_lines": 0, "num_statements": 3, "percent_covered": 0.0, "percent_covered_display": "0", "missing_lines": 3, "excluded_lines": 0, "percent_statements_covered": 0.0, "percent_statements_covered_display": "0"}, "missing_lines": [186, 187, 189], "excluded_lines": [], "start_line": 176}, "ClockSync.get_sync_info": {"executed_lines": [], "summary": {"covered_lines": 0, "num_statements": 1, "percent_covered": 0.0, "percent_covered_display": "0", "missing_lines": 1, "excluded_lines": 0, "percent_statements_covered": 0.0, "percent_statements_covered_display": "0"}, "missing_lines": [193], "excluded_lines": [], "start_line": 191}, "get_clock_sync": {"executed_lines": [], "summary": {"covered_lines": 0, "num_statements": 3, "percent_covered": 0.0, "percent_covered_display": "0", "missing_lines": 3, "excluded_lines": 0, "percent_statements_covered": 0.0, "percent_statements_covered_display": "0"}, "missing_lines": [215, 216, 217], "excluded_lines": [], "start_line": 209}, "now": {"executed_lines": [], "summary": {"covered_lines": 0, "num_statements": 1, "percent_covered": 0.0, "percent_covered_display": "0", "missing_lines": 1, "excluded_lines": 0, "percent_statements_covered": 0.0, "percent_statements_covered_display": "0"}, "missing_lines": [222], "excluded_lines": [], "start_line": 220}, "now_timestamp": {"executed_lines": [], "summary": {"covered_lines": 0, "num_statements": 1, "percent_covered": 0.0, "percent_covered_display": "0", "missing_lines": 1, "excluded_lines": 0, "percent_statements_covered": 0.0, "percent_statements_covered_display": "0"}, "missing_lines": [227], "excluded_lines": [], "start_line": 225}, "": {"executed_lines": [], "summary": {"covered_lines": 0, "num_statements": 22, "percent_covered": 0.0, "percent_covered_display": "0", "missing_lines": 22, "excluded_lines": 21, "percent_statements_covered": 0.0, "percent_statements_covered_display": "0"}, "missing_lines": [9, 10, 11, 12, 13, 17, 20, 23, 44, 48, 52, 56, 97, 103, 122, 163, 176, 191, 206, 209, 220, 225], "excluded_lines": [15, 230, 231, 233, 235, 236, 237, 239, 240, 242, 243, 244, 246, 247, 249, 250, 251, 253, 254, 255, 257], "start_line": 1}}, "classes": {"ClockSync": {"executed_lines": [], "summary": {"covered_lines": 0, "num_statements": 69, "percent_covered": 0.0, "percent_covered_display": "0", "missing_lines": 69, "excluded_lines": 5, "percent_statements_covered": 0.0, "percent_statements_covered_display": "0"}, "missing_lines": [37, 38, 39, 40, 41, 42, 46, 50, 54, 63, 64, 66, 67, 69, 70, 72, 73, 74, 76, 78, 79, 80, 82, 88, 90, 92, 93, 95, 99, 100, 101, 105, 106, 107, 109, 110, 111, 113, 114, 116, 118, 120, 129, 130, 132, 134, 135, 137, 138, 139, 141, 142, 143, 145, 146, 147, 149, 154, 156, 158, 161, 170, 171, 172, 174, 186, 187, 189, 193], "excluded_lines": [91, 94, 119, 157, 159], "start_line": 20}, "": {"executed_lines": [], "summary": {"covered_lines": 0, "num_statements": 27, "percent_covered": 0.0, "percent_covered_display": "0", "missing_lines": 27, "excluded_lines": 21, "percent_statements_covered": 0.0, "percent_statements_covered_display": "0"}, "missing_lines": [9, 10, 11, 12, 13, 17, 20, 23, 44, 48, 52, 56, 97, 103, 122, 163, 176, 191, 206, 209, 215, 216, 217, 220, 222, 225, 227], "excluded_lines": [15, 230, 231, 233, 235, 236, 237, 239, 240, 242, 243, 244, 246, 247, 249, 250, 251, 253, 254, 255, 257], "start_line": 1}}}, "config.py": {"executed_lines": [6, 75], "summary": {"covered_lines": 2, "num_statements": 2, "percent_covered": 100.0, "percent_covered_display": "100", "missing_lines": 0, "excluded_lines": 0, "percent_statements_covered": 100.0, "percent_statements_covered_display": "100"}, "missing_lines": [], "excluded_lines": [], "functions": {"": {"executed_lines": [6, 75], "summary": {"covered_lines": 2, "num_statements": 2, "percent_covered": 100.0, "percent_covered_display": "100", "missing_lines": 0, "excluded_lines": 0, "percent_statements_covered": 100.0, "percent_statements_covered_display": "100"}, "missing_lines": [], "excluded_lines": [], "start_line": 1}}, "classes": {"": {"executed_lines": [6, 75], "summary": {"covered_lines": 2, "num_statements": 2, "percent_covered": 100.0, "percent_covered_display": "100", "missing_lines": 0, "excluded_lines": 0, "percent_statements_covered": 100.0, "percent_statements_covered_display": "100"}, "missing_lines": [], "excluded_lines": [], "start_line": 1}}}, "constants.py": {"executed_lines": [6, 9, 11, 12, 13, 14, 15, 16, 17, 18, 19, 20, 21, 24, 26, 27, 28, 29, 30, 31, 34, 36, 37, 38, 39, 42, 44, 45, 46, 47, 50, 52, 53, 54, 57, 59, 60, 63, 65, 66, 69, 71, 72, 73, 77, 123, 130, 137, 148, 156, 167, 177, 182], "summary": {"covered_lines": 53, "num_statements": 53, "percent_covered": 100.0, "percent_covered_display": "100", "missing_lines": 0, "excluded_lines": 0, "percent_statements_covered": 100.0, "percent_statements_covered_display": "100"}, "missing_lines": [], "excluded_lines": [], "functions": {"": {"executed_lines": [6, 9, 11, 12, 13, 14, 15, 16, 17, 18, 19, 20, 21, 24, 26, 27, 28, 29, 30, 31, 34, 36, 37, 38, 39, 42, 44, 45, 46, 47, 50, 52, 53, 54, 57, 59, 60, 63, 65, 66, 69, 71, 72, 73, 77, 123, 130, 137, 148, 156, 167, 177, 182], "summary": {"covered_lines": 53, "num_statements": 53, "percent_covered": 100.0, "percent_covered_display": "100", "missing_lines": 0, "excluded_lines": 0, "percent_statements_covered": 100.0, "percent_statements_covered_display": "100"}, "missing_lines": [], "excluded_lines": [], "start_line": 1}}, "classes": {"OrderStatus": {"executed_lines": [], "summary": {"covered_lines": 0, "num_statements": 0, "percent_covered": 100.0, "percent_covered_display": "100", "missing_lines": 0, "excluded_lines": 0, "percent_statements_covered": 100.0, "percent_statements_covered_display": "100"}, "missing_lines": [], "excluded_lines": [], "start_line": 9}, "ProductionStatus": {"executed_lines": [], "summary": {"covered_lines": 0, "num_statements": 0, "percent_covered": 100.0, "percent_covered_display": "100", "missing_lines": 0, "excluded_lines": 0, "percent_statements_covered": 100.0, "percent_statements_covered_display": "100"}, "missing_lines": [], "excluded_lines": [], "start_line": 24}, "ProcessStatus": {"executed_lines": [], "summary": {"covered_lines": 0, "num_statements": 0, "percent_covered": 100.0, "percent_covered_display": "100", "missing_lines": 0, "excluded_lines": 0, "percent_statements_covered": 100.0, "percent_statements_covered_display": "100"}, "missing_lines": [], "excluded_lines": [], "start_line": 34}, "QualityStatus": {"executed_lines": [], "summary": {"covered_lines": 0, "num_statements": 0, "percent_covered": 100.0, "percent_covered_display": "100", "missing_lines": 0, "excluded_lines": 0, "percent_statements_covered": 100.0, "percent_statements_covered_display": "100"}, "missing_lines": [], "excluded_lines": [], "start_line": 42}, "ShipmentStatus": {"executed_lines": [], "summary": {"covered_lines": 0, "num_statements": 0, "percent_covered": 100.0, "percent_covered_display": "100", "missing_lines": 0, "excluded_lines": 0, "percent_statements_covered": 100.0, "percent_statements_covered_display": "100"}, "missing_lines": [], "excluded_lines": [], "start_line": 50}, "FinishedGoodsStatus": {"executed_lines": [], "summary": {"covered_lines": 0, "num_statements": 0, "percent_covered": 100.0, "percent_covered_display": "100", "missing_lines": 0, "excluded_lines": 0, "percent_statements_covered": 100.0, "percent_statements_covered_display": "100"}, "missing_lines": [], "excluded_lines": [], "start_line": 57}, "InventoryStatus": {"executed_lines": [], "summary": {"covered_lines": 0, "num_statements": 0, "percent_covered": 100.0, "percent_covered_display": "100", "missing_lines": 0, "excluded_lines": 0, "percent_statements_covered": 100.0, "percent_statements_covered_display": "100"}, "missing_lines": [], "excluded_lines": [], "start_line": 63}, "PriorityLevel": {"executed_lines": [], "summary": {"covered_lines": 0, "num_statements": 0, "percent_covered": 100.0, "percent_covered_display": "100", "missing_lines": 0, "excluded_lines": 0, "percent_statements_covered": 100.0, "percent_statements_covered_display": "100"}, "missing_lines": [], "excluded_lines": [], "start_line": 69}, "": {"executed_lines": [6, 9, 11, 12, 13, 14, 15, 16, 17, 18, 19, 20, 21, 24, 26, 27, 28, 29, 30, 31, 34, 36, 37, 38, 39, 42, 44, 45, 46, 47, 50, 52, 53, 54, 57, 59, 60, 63, 65, 66, 69, 71, 72, 73, 77, 123, 130, 137, 148, 156, 167, 177, 182], "summary": {"covered_lines": 53, "num_statements": 53, "percent_covered": 100.0, "percent_covered_display": "100", "missing_lines": 0, "excluded_lines": 0, "percent_statements_covered": 100.0, "percent_statements_covered_display": "100"}, "missing_lines": [], "excluded_lines": [], "start_line": 1}}}, "container_event_listener.py": {"executed_lines": [22, 23, 24, 25, 29, 31, 32, 33, 34, 40, 41, 42, 43, 44, 49, 50, 51, 59, 66, 70, 71, 72, 73, 74, 76, 77, 78, 79, 80, 81, 87, 89, 93, 94, 95, 96, 100, 101, 102, 103, 107, 108, 115, 117, 118, 122, 123, 127, 164, 242, 259, 286, 340, 361, 397, 424, 441, 444, 463, 473, 499, 527], "summary": {"covered_lines": 62, "num_statements": 208, "percent_covered": 29.807692307692307, "percent_covered_display": "30", "missing_lines": 146, "excluded_lines": 51, "percent_statements_covered": 29.807692307692307, "percent_statements_covered_display": "30"}, "missing_lines": [35, 37, 38, 45, 47, 52, 54, 55, 56, 84, 97, 104, 120, 125, 138, 140, 142, 143, 145, 146, 148, 150, 152, 154, 155, 157, 159, 161, 176, 178, 180, 181, 183, 184, 185, 187, 189, 191, 193, 195, 196, 198, 200, 201, 203, 205, 220, 222, 223, 225, 226, 227, 239, 250, 251, 253, 254, 256, 271, 273, 274, 275, 276, 281, 282, 293, 294, 295, 296, 298, 300, 302, 304, 306, 307, 308, 310, 312, 314, 330, 332, 333, 337, 351, 353, 354, 355, 356, 368, 370, 372, 373, 374, 376, 377, 379, 380, 381, 383, 384, 386, 387, 389, 390, 391, 393, 395, 404, 405, 407, 408, 409, 410, 412, 413, 414, 416, 417, 418, 420, 422, 428, 453, 454, 455, 456, 458, 460, 470, 484, 486, 488, 495, 496, 510, 512, 514, 516, 523, 524, 537, 539, 541, 543, 549, 550], "excluded_lines": [27, 36, 46, 53, 83, 85, 98, 105, 139, 147, 151, 156, 162, 177, 188, 192, 197, 202, 237, 240, 257, 277, 279, 284, 299, 303, 311, 335, 338, 357, 359, 369, 394, 421, 485, 511, 538, 553, 554, 555, 556, 558, 563, 565, 566, 567, 568, 569, 571, 572, 573], "functions": {"ContainerEventListener.__init__": {"executed_lines": [70, 71, 72, 73, 74, 76, 77, 78, 79, 80, 81, 87], "summary": {"covered_lines": 12, "num_statements": 13, "percent_covered": 92.3076923076923, "percent_covered_display": "92", "missing_lines": 1, "excluded_lines": 2, "percent_statements_covered": 92.3076923076923, "percent_statements_covered_display": "92"}, "missing_lines": [84], "excluded_lines": [83, 85], "start_line": 66}, "ContainerEventListener._init_services": {"executed_lines": [93, 94, 95, 96, 100, 101, 102, 103], "summary": {"covered_lines": 8, "num_statements": 10, "percent_covered": 80.0, "percent_covered_display": "80", "missing_lines": 2, "excluded_lines": 2, "percent_statements_covered": 80.0, "percent_statements_covered_display": "80"}, "missing_lines": [97, 104], "excluded_lines": [98, 105], "start_line": 89}, "ContainerEventListener.is_ready": {"executed_lines": [115], "summary": {"covered_lines": 1, "num_statements": 1, "percent_covered": 100.0, "percent_covered_display": "100", "missing_lines": 0, "excluded_lines": 0, "percent_statements_covered": 100.0, "percent_statements_covered_display": "100"}, "missing_lines": [], "excluded_lines": [], "start_line": 108}, "ContainerEventListener.auto_publish_service": {"executed_lines": [], "summary": {"covered_lines": 0, "num_statements": 1, "percent_covered": 0.0, "percent_covered_display": "0", "missing_lines": 1, "excluded_lines": 0, "percent_statements_covered": 0.0, "percent_statements_covered_display": "0"}, "missing_lines": [120], "excluded_lines": [], "start_line": 118}, "ContainerEventListener.material_publish_service": {"executed_lines": [], "summary": {"covered_lines": 0, "num_statements": 1, "percent_covered": 0.0, "percent_covered_display": "0", "missing_lines": 1, "excluded_lines": 0, "percent_statements_covered": 0.0, "percent_statements_covered_display": "0"}, "missing_lines": [125], "excluded_lines": [], "start_line": 123}, "ContainerEventListener.on_order_created": {"executed_lines": [], "summary": {"covered_lines": 0, "num_statements": 14, "percent_covered": 0.0, "percent_covered_display": "0", "missing_lines": 14, "excluded_lines": 5, "percent_statements_covered": 0.0, "percent_statements_covered_display": "0"}, "missing_lines": [138, 140, 142, 143, 145, 146, 148, 150, 152, 154, 155, 157, 159, 161], "excluded_lines": [139, 147, 151, 156, 162], "start_line": 127}, "ContainerEventListener.on_process_created": {"executed_lines": [], "summary": {"covered_lines": 0, "num_statements": 25, "percent_covered": 0.0, "percent_covered_display": "0", "missing_lines": 25, "excluded_lines": 7, "percent_statements_covered": 0.0, "percent_statements_covered_display": "0"}, "missing_lines": [176, 178, 180, 181, 183, 184, 185, 187, 189, 191, 193, 195, 196, 198, 200, 201, 203, 205, 220, 222, 223, 225, 226, 227, 239], "excluded_lines": [177, 188, 192, 197, 202, 237, 240], "start_line": 164}, "ContainerEventListener.on_process_completed": {"executed_lines": [], "summary": {"covered_lines": 0, "num_statements": 5, "percent_covered": 0.0, "percent_covered_display": "0", "missing_lines": 5, "excluded_lines": 1, "percent_statements_covered": 0.0, "percent_statements_covered_display": "0"}, "missing_lines": [250, 251, 253, 254, 256], "excluded_lines": [257], "start_line": 242}, "ContainerEventListener.on_production_confirmed": {"executed_lines": [], "summary": {"covered_lines": 0, "num_statements": 7, "percent_covered": 0.0, "percent_covered_display": "0", "missing_lines": 7, "excluded_lines": 3, "percent_statements_covered": 0.0, "percent_statements_covered_display": "0"}, "missing_lines": [271, 273, 274, 275, 276, 281, 282], "excluded_lines": [277, 279, 284], "start_line": 259}, "ContainerEventListener._direct_publish_from_production_confirmed": {"executed_lines": [], "summary": {"covered_lines": 0, "num_statements": 18, "percent_covered": 0.0, "percent_covered_display": "0", "missing_lines": 18, "excluded_lines": 5, "percent_statements_covered": 0.0, "percent_statements_covered_display": "0"}, "missing_lines": [293, 294, 295, 296, 298, 300, 302, 304, 306, 307, 308, 310, 312, 314, 330, 332, 333, 337], "excluded_lines": [299, 303, 311, 335, 338], "start_line": 286}, "ContainerEventListener.on_material_prepared": {"executed_lines": [], "summary": {"covered_lines": 0, "num_statements": 5, "percent_covered": 0.0, "percent_covered_display": "0", "missing_lines": 5, "excluded_lines": 2, "percent_statements_covered": 0.0, "percent_statements_covered_display": "0"}, "missing_lines": [351, 353, 354, 355, 356], "excluded_lines": [357, 359], "start_line": 340}, "ContainerEventListener.subscribe_all": {"executed_lines": [], "summary": {"covered_lines": 0, "num_statements": 19, "percent_covered": 0.0, "percent_covered_display": "0", "missing_lines": 19, "excluded_lines": 2, "percent_statements_covered": 0.0, "percent_statements_covered_display": "0"}, "missing_lines": [368, 370, 372, 373, 374, 376, 377, 379, 380, 381, 383, 384, 386, 387, 389, 390, 391, 393, 395], "excluded_lines": [369, 394], "start_line": 361}, "ContainerEventListener.unsubscribe_all": {"executed_lines": [], "summary": {"covered_lines": 0, "num_statements": 14, "percent_covered": 0.0, "percent_covered_display": "0", "missing_lines": 14, "excluded_lines": 1, "percent_statements_covered": 0.0, "percent_statements_covered_display": "0"}, "missing_lines": [404, 405, 407, 408, 409, 410, 412, 413, 414, 416, 417, 418, 420, 422], "excluded_lines": [421], "start_line": 397}, "ContainerEventListener.show_status": {"executed_lines": [], "summary": {"covered_lines": 0, "num_statements": 1, "percent_covered": 0.0, "percent_covered_display": "0", "missing_lines": 1, "excluded_lines": 0, "percent_statements_covered": 0.0, "percent_statements_covered_display": "0"}, "missing_lines": [428], "excluded_lines": [], "start_line": 424}, "init_container_listener": {"executed_lines": [], "summary": {"covered_lines": 0, "num_statements": 6, "percent_covered": 0.0, "percent_covered_display": "0", "missing_lines": 6, "excluded_lines": 0, "percent_statements_covered": 0.0, "percent_statements_covered_display": "0"}, "missing_lines": [453, 454, 455, 456, 458, 460], "excluded_lines": [], "start_line": 444}, "get_container_listener": {"executed_lines": [], "summary": {"covered_lines": 0, "num_statements": 1, "percent_covered": 0.0, "percent_covered_display": "0", "missing_lines": 1, "excluded_lines": 0, "percent_statements_covered": 0.0, "percent_statements_covered_display": "0"}, "missing_lines": [470], "excluded_lines": [], "start_line": 463}, "publish_process_created_event": {"executed_lines": [], "summary": {"covered_lines": 0, "num_statements": 5, "percent_covered": 0.0, "percent_covered_display": "0", "missing_lines": 5, "excluded_lines": 1, "percent_statements_covered": 0.0, "percent_statements_covered_display": "0"}, "missing_lines": [484, 486, 488, 495, 496], "excluded_lines": [485], "start_line": 473}, "publish_production_confirmed_event": {"executed_lines": [], "summary": {"covered_lines": 0, "num_statements": 6, "percent_covered": 0.0, "percent_covered_display": "0", "missing_lines": 6, "excluded_lines": 1, "percent_statements_covered": 0.0, "percent_statements_covered_display": "0"}, "missing_lines": [510, 512, 514, 516, 523, 524], "excluded_lines": [511], "start_line": 499}, "publish_material_prepared_event": {"executed_lines": [], "summary": {"covered_lines": 0, "num_statements": 6, "percent_covered": 0.0, "percent_covered_display": "0", "missing_lines": 6, "excluded_lines": 1, "percent_statements_covered": 0.0, "percent_statements_covered_display": "0"}, "missing_lines": [537, 539, 541, 543, 549, 550], "excluded_lines": [538], "start_line": 527}, "": {"executed_lines": [22, 23, 24, 25, 29, 31, 32, 33, 34, 40, 41, 42, 43, 44, 49, 50, 51, 59, 66, 89, 107, 108, 117, 118, 122, 123, 127, 164, 242, 259, 286, 340, 361, 397, 424, 441, 444, 463, 473, 499, 527], "summary": {"covered_lines": 41, "num_statements": 50, "percent_covered": 82.0, "percent_covered_display": "82", "missing_lines": 9, "excluded_lines": 18, "percent_statements_covered": 82.0, "percent_statements_covered_display": "82"}, "missing_lines": [35, 37, 38, 45, 47, 52, 54, 55, 56], "excluded_lines": [27, 36, 46, 53, 553, 554, 555, 556, 558, 563, 565, 566, 567, 568, 569, 571, 572, 573], "start_line": 1}}, "classes": {"ContainerEventListener": {"executed_lines": [70, 71, 72, 73, 74, 76, 77, 78, 79, 80, 81, 87, 93, 94, 95, 96, 100, 101, 102, 103, 115], "summary": {"covered_lines": 21, "num_statements": 134, "percent_covered": 15.671641791044776, "percent_covered_display": "16", "missing_lines": 113, "excluded_lines": 30, "percent_statements_covered": 15.671641791044776, "percent_statements_
[...]
excluded_lines": 0, "percent_statements_covered": 100.0, "percent_statements_covered_display": "100"}, "missing_lines": [], "excluded_lines": [], "start_line": 1}}}, "utils\\storage\\__init__.py": {"executed_lines": [6, 8], "summary": {"covered_lines": 2, "num_statements": 2, "percent_covered": 100.0, "percent_covered_display": "100", "missing_lines": 0, "excluded_lines": 0, "percent_statements_covered": 100.0, "percent_statements_covered_display": "100"}, "missing_lines": [], "excluded_lines": [], "functions": {"": {"executed_lines": [6, 8], "summary": {"covered_lines": 2, "num_statements": 2, "percent_covered": 100.0, "percent_covered_display": "100", "missing_lines": 0, "excluded_lines": 0, "percent_statements_covered": 100.0, "percent_statements_covered_display": "100"}, "missing_lines": [], "excluded_lines": [], "start_line": 1}}, "classes": {"": {"executed_lines": [6, 8], "summary": {"covered_lines": 2, "num_statements": 2, "percent_covered": 100.0, "percent_covered_display": "100", "missing_lines": 0, "excluded_lines": 0, "percent_statements_covered": 100.0, "percent_statements_covered_display": "100"}, "missing_lines": [], "excluded_lines": [], "start_line": 1}}}, "utils\\storage\\json_store.py": {"executed_lines": [6, 7, 8, 11, 14, 15, 16, 18, 20, 21, 22, 24, 26, 27, 28, 29, 30, 31, 32, 34, 36, 37, 38, 39, 40, 41, 42, 43, 45, 47, 48, 49, 50, 52, 54, 55, 57, 59], "summary": {"covered_lines": 38, "num_statements": 38, "percent_covered": 100.0, "percent_covered_display": "100", "missing_lines": 0, "excluded_lines": 0, "percent_statements_covered": 100.0, "percent_statements_covered_display": "100"}, "missing_lines": [], "excluded_lines": [], "functions": {"JsonStore.__init__": {"executed_lines": [15, 16], "summary": {"covered_lines": 2, "num_statements": 2, "percent_covered": 100.0, "percent_covered_display": "100", "missing_lines": 0, "excluded_lines": 0, "percent_statements_covered": 100.0, "percent_statements_covered_display": "100"}, "missing_lines": [], "excluded_lines": [], "start_line": 14}, "JsonStore._ensure_dir": {"executed_lines": [20, 21, 22], "summary": {"covered_lines": 3, "num_statements": 3, "percent_covered": 100.0, "percent_covered_display": "100", "missing_lines": 0, "excluded_lines": 0, "percent_statements_covered": 100.0, "percent_statements_covered_display": "100"}, "missing_lines": [], "excluded_lines": [], "start_line": 18}, "JsonStore.load": {"executed_lines": [26, 27, 28, 29, 30, 31, 32], "summary": {"covered_lines": 7, "num_statements": 7, "percent_covered": 100.0, "percent_covered_display": "100", "missing_lines": 0, "excluded_lines": 0, "percent_statements_covered": 100.0, "percent_statements_covered_display": "100"}, "missing_lines": [], "excluded_lines": [], "start_line": 24}, "JsonStore.save": {"executed_lines": [36, 37, 38, 39, 40, 41, 42, 43], "summary": {"covered_lines": 8, "num_statements": 8, "percent_covered": 100.0, "percent_covered_display": "100", "missing_lines": 0, "excluded_lines": 0, "percent_statements_covered": 100.0, "percent_statements_covered_display": "100"}, "missing_lines": [], "excluded_lines": [], "start_line": 34}, "JsonStore.update": {"executed_lines": [47, 48, 49, 50, 52, 54, 55], "summary": {"covered_lines": 7, "num_statements": 7, "percent_covered": 100.0, "percent_covered_display": "100", "missing_lines": 0, "excluded_lines": 0, "percent_statements_covered": 100.0, "percent_statements_covered_display": "100"}, "missing_lines": [], "excluded_lines": [], "start_line": 45}, "JsonStore.clear": {"executed_lines": [59], "summary": {"covered_lines": 1, "num_statements": 1, "percent_covered": 100.0, "percent_covered_display": "100", "missing_lines": 0, "excluded_lines": 0, "percent_statements_covered": 100.0, "percent_statements_covered_display": "100"}, "missing_lines": [], "excluded_lines": [], "start_line": 57}, "": {"executed_lines": [6, 7, 8, 11, 14, 18, 24, 34, 45, 57], "summary": {"covered_lines": 10, "num_statements": 10, "percent_covered": 100.0, "percent_covered_display": "100", "missing_lines": 0, "excluded_lines": 0, "percent_statements_covered": 100.0, "percent_statements_covered_display": "100"}, "missing_lines": [], "excluded_lines": [], "start_line": 1}}, "classes": {"JsonStore": {"executed_lines": [15, 16, 20, 21, 22, 26, 27, 28, 29, 30, 31, 32, 36, 37, 38, 39, 40, 41, 42, 43, 47, 48, 49, 50, 52, 54, 55, 59], "summary": {"covered_lines": 28, "num_statements": 28, "percent_covered": 100.0, "percent_covered_display": "100", "missing_lines": 0, "excluded_lines": 0, "percent_statements_covered": 100.0, "percent_statements_covered_display": "100"}, "missing_lines": [], "excluded_lines": [], "start_line": 11}, "": {"executed_lines": [6, 7, 8, 11, 14, 18, 24, 34, 45, 57], "summary": {"covered_lines": 10, "num_statements": 10, "percent_covered": 100.0, "percent_covered_display": "100", "missing_lines": 0, "excluded_lines": 0, "percent_statements_covered": 100.0, "percent_statements_covered_display": "100"}, "missing_lines": [], "excluded_lines": [], "start_line": 1}}}, "utils\\validation\\__init__.py": {"executed_lines": [6, 14], "summary": {"covered_lines": 2, "num_statements": 2, "percent_covered": 100.0, "percent_covered_display": "100", "missing_lines": 0, "excluded_lines": 0, "percent_statements_covered": 100.0, "percent_statements_covered_display": "100"}, "missing_lines": [], "excluded_lines": [], "functions": {"": {"executed_lines": [6, 14], "summary": {"covered_lines": 2, "num_statements": 2, "percent_covered": 100.0, "percent_covered_display": "100", "missing_lines": 0, "excluded_lines": 0, "percent_statements_covered": 100.0, "percent_statements_covered_display": "100"}, "missing_lines": [], "excluded_lines": [], "start_line": 1}}, "classes": {"": {"executed_lines": [6, 14], "summary": {"covered_lines": 2, "num_statements": 2, "percent_covered": 100.0, "percent_covered_display": "100", "missing_lines": 0, "excluded_lines": 0, "percent_statements_covered": 100.0, "percent_statements_covered_display": "100"}, "missing_lines": [], "excluded_lines": [], "start_line": 1}}}, "utils\\validators.py": {"executed_lines": [6, 7, 8, 9, 11, 14, 17, 18, 20, 21, 22, 24, 25, 27, 28, 29, 30, 31, 32, 33, 34, 36, 37, 39, 40, 41, 42, 44, 45, 46, 47, 48, 50, 51, 53, 54, 55, 57, 58, 60, 61, 62, 64, 65, 67, 68, 69, 70, 71, 74, 77, 78, 80, 83, 84, 85, 86, 89, 90, 91, 92, 93, 94, 95, 98, 99, 100, 101, 102, 104, 105, 107, 109, 110, 113, 119, 121, 124, 127, 128, 130, 133, 134, 135, 136, 137, 138, 139, 142, 143, 144, 145, 146, 147, 148, 150, 151, 153, 156, 159, 160, 162, 165, 166, 167, 168, 169, 170, 171, 174, 175, 176, 177, 178, 179, 180, 182, 183, 185, 188, 191, 192, 194, 196, 201, 203, 205, 206, 208, 209, 210, 213, 214, 215, 216, 219, 220, 221, 222, 223, 225, 227, 228, 230], "summary": {"covered_lines": 144, "num_statements": 144, "percent_covered": 100.0, "percent_covered_display": "100", "missing_lines": 0, "excluded_lines": 0, "percent_statements_covered": 100.0, "percent_statements_covered_display": "100"}, "missing_lines": [], "excluded_lines": [], "functions": {"CommonValidators.required": {"executed_lines": [20, 21, 22], "summary": {"covered_lines": 3, "num_statements": 3, "percent_covered": 100.0, "percent_covered_display": "100", "missing_lines": 0, "excluded_lines": 0, "percent_statements_covered": 100.0, "percent_statements_covered_display": "100"}, "missing_lines": [], "excluded_lines": [], "start_line": 18}, "CommonValidators.length": {"executed_lines": [27, 28, 29, 30, 31, 32, 33, 34], "summary": {"covered_lines": 8, "num_statements": 8, "percent_covered": 100.0, "percent_covered_display": "100", "missing_lines": 0, "excluded_lines": 0, "percent_statements_covered": 100.0, "percent_statements_covered_display": "100"}, "missing_lines": [], "excluded_lines": [], "start_line": 25}, "CommonValidators.range": {"executed_lines": [39, 40, 41, 42, 44, 45, 46, 47, 48], "summary": {"covered_lines": 9, "num_statements": 9, "percent_covered": 100.0, "percent_covered_display": "100", "missing_lines": 0, "excluded_lines": 0, "percent_statements_covered": 100.0, "percent_statements_covered_display": "100"}, "missing_lines": [], "excluded_lines": [], "start_line": 37}, "CommonValidators.pattern": {"executed_lines": [53, 54, 55], "summary": {"covered_lines": 3, "num_statements": 3, "percent_covered": 100.0, "percent_covered_display": "100", "missing_lines": 0, "excluded_lines": 0, "percent_statements_covered": 100.0, "percent_statements_covered_display": "100"}, "missing_lines": [], "excluded_lines": [], "start_line": 51}, "CommonValidators.choices": {"executed_lines": [60, 61, 62], "summary": {"covered_lines": 3, "num_statements": 3, "percent_covered": 100.0, "percent_covered_display": "100", "missing_lines": 0, "excluded_lines": 0, "percent_statements_covered": 100.0, "percent_statements_covered_display": "100"}, "missing_lines": [], "excluded_lines": [], "start_line": 58}, "CommonValidators.date_format": {"executed_lines": [67, 68, 69, 70, 71], "summary": {"covered_lines": 5, "num_statements": 5, "percent_covered": 100.0, "percent_covered_display": "100", "missing_lines": 0, "excluded_lines": 0, "percent_statements_covered": 100.0, "percent_statements_covered_display": "100"}, "missing_lines": [], "excluded_lines": [], "start_line": 65}, "OrderValidator.validate_create": {"executed_lines": [80, 83, 84, 85, 86, 89, 90, 91, 92, 93, 94, 95, 98, 99, 100, 101, 102, 104, 105, 107], "summary": {"covered_lines": 20, "num_statements": 20, "percent_covered": 100.0, "percent_covered_display": "100", "missing_lines": 0, "excluded_lines": 0, "percent_statements_covered": 100.0, "percent_statements_covered_display": "100"}, "missing_lines": [], "excluded_lines": [], "start_line": 78}, "OrderValidator.validate_update": {"executed_lines": [113, 119, 121], "summary": {"covered_lines": 3, "num_statements": 3, "percent_covered": 100.0, "percent_covered_display": "100", "missing_lines": 0, "excluded_lines": 0, "percent_statements_covered": 100.0, "percent_statements_covered_display": "100"}, "missing_lines": [], "excluded_lines": [], "start_line": 110}, "ProcessValidator.validate_report": {"executed_lines": [130, 133, 134, 135, 136, 137, 138, 139, 142, 143, 144, 145, 146, 147, 148, 150, 151, 153], "summary": {"covered_lines": 18, "num_statements": 18, "percent_covered": 100.0, "percent_covered_display": "100", "missing_lines": 0, "excluded_lines": 0, "percent_statements_covered": 100.0, "percent_statements_covered_display": "100"}, "missing_lines": [], "excluded_lines": [], "start_line": 128}, "InventoryValidator.validate_adjustment": {"executed_lines": [162, 165, 166, 167, 168, 169, 170, 171, 174, 175, 176, 177, 178, 179, 180, 182, 183, 185], "summary": {"covered_lines": 18, "num_statements": 18, "percent_covered": 100.0, "percent_covered_display": "100", "missing_lines": 0, "excluded_lines": 0, "percent_statements_covered": 100.0, "percent_statements_covered_display": "100"}, "missing_lines": [], "excluded_lines": [], "start_line": 160}, "FormValidator.__init__": {"executed_lines": [192], "summary": {"covered_lines": 1, "num_statements": 1, "percent_covered": 100.0, "percent_covered_display": "100", "missing_lines": 0, "excluded_lines": 0, "percent_statements_covered": 100.0, "percent_statements_covered_display": "100"}, "missing_lines": [], "excluded_lines": [], "start_line": 191}, "FormValidator.add_rule": {"executed_lines": [196, 201], "summary": {"covered_lines": 2, "num_statements": 2, "percent_covered": 100.0, "percent_covered_display": "100", "missing_lines": 0, "excluded_lines": 0, "percent_statements_covered": 100.0, "percent_statements_covered_display": "100"}, "missing_lines": [], "excluded_lines": [], "start_line": 194}, "FormValidator.validate": {"executed_lines": [205, 206, 208, 209, 210, 213, 214, 215, 216, 219, 220, 221, 222, 223, 225, 227, 228, 230], "summary": {"covered_lines": 18, "num_statements": 18, "percent_covered": 100.0, "percent_covered_display": "100", "missing_lines": 0, "excluded_lines": 0, "percent_statements_covered": 100.0, "percent_statements_covered_display": "100"}, "missing_lines": [], "excluded_lines": [], "start_line": 203}, "": {"executed_lines": [6, 7, 8, 9, 11, 14, 17, 18, 24, 25, 36, 37, 50, 51, 57, 58, 64, 65, 74, 77, 78, 109, 110, 124, 127, 128, 156, 159, 160, 188, 191, 194, 203], "summary": {"covered_lines": 33, "num_statements": 33, "percent_covered": 100.0, "percent_covered_display": "100", "missing_lines": 0, "excluded_lines": 0, "percent_statements_covered": 100.0, "percent_statements_covered_display": "100"}, "missing_lines": [], "excluded_lines": [], "start_line": 1}}, "classes": {"CommonValidators": {"executed_lines": [20, 21, 22, 27, 28, 29, 30, 31, 32, 33, 34, 39, 40, 41, 42, 44, 45, 46, 47, 48, 53, 54, 55, 60, 61, 62, 67, 68, 69, 70, 71], "summary": {"covered_lines": 31, "num_statements": 31, "percent_covered": 100.0, "percent_covered_display": "100", "missing_lines": 0, "excluded_lines": 0, "percent_statements_covered": 100.0, "percent_statements_covered_display": "100"}, "missing_lines": [], "excluded_lines": [], "start_line": 14}, "OrderValidator": {"executed_lines": [80, 83, 84, 85, 86, 89, 90, 91, 92, 93, 94, 95, 98, 99, 100, 101, 102, 104, 105, 107, 113, 119, 121], "summary": {"covered_lines": 23, "num_statements": 23, "percent_covered": 100.0, "percent_covered_display": "100", "missing_lines": 0, "excluded_lines": 0, "percent_statements_covered": 100.0, "percent_statements_covered_display": "100"}, "missing_lines": [], "excluded_lines": [], "start_line": 74}, "ProcessValidator": {"executed_lines": [130, 133, 134, 135, 136, 137, 138, 139, 142, 143, 144, 145, 146, 147, 148, 150, 151, 153], "summary": {"covered_lines": 18, "num_statements": 18, "percent_covered": 100.0, "percent_covered_display": "100", "missing_lines": 0, "excluded_lines": 0, "percent_statements_covered": 100.0, "percent_statements_covered_display": "100"}, "missing_lines": [], "excluded_lines": [], "start_line": 124}, "InventoryValidator": {"executed_lines": [162, 165, 166, 167, 168, 169, 170, 171, 174, 175, 176, 177, 178, 179, 180, 182, 183, 185], "summary": {"covered_lines": 18, "num_statements": 18, "percent_covered": 100.0, "percent_covered_display": "100", "missing_lines": 0, "excluded_lines": 0, "percent_statements_covered": 100.0, "percent_statements_covered_display": "100"}, "missing_lines": [], "excluded_lines": [], "start_line": 156}, "FormValidator": {"executed_lines": [192, 196, 201, 205, 206, 208, 209, 210, 213, 214, 215, 216, 219, 220, 221, 222, 223, 225, 227, 228, 230], "summary": {"covered_lines": 21, "num_statements": 21, "percent_covered": 100.0, "percent_covered_display": "100", "missing_lines": 0, "excluded_lines": 0, "percent_statements_covered": 100.0, "percent_statements_covered_display": "100"}, "missing_lines": [], "excluded_lines": [], "start_line": 188}, "": {"executed_lines": [6, 7, 8, 9, 11, 14, 17, 18, 24, 25, 36, 37, 50, 51, 57, 58, 64, 65, 74, 77, 78, 109, 110, 124, 127, 128, 156, 159, 160, 188, 191, 194, 203], "summary": {"covered_lines": 33, "num_statements": 33, "percent_covered": 100.0, "percent_covered_display": "100", "missing_lines": 0, "excluded_lines": 0, "percent_statements_covered": 100.0, "percent_statements_covered_display": "100"}, "missing_lines": [], "excluded_lines": [], "start_line": 1}}}, "utils\\window_manager.py": {"executed_lines": [6, 7, 8, 11, 13, 16, 18, 19, 20, 21, 22, 23, 24, 25, 26, 29, 31, 32, 33, 34, 35, 36, 37, 38, 39, 40, 45, 47, 49, 52, 53, 54, 55, 56, 59, 60, 61, 62, 63, 67, 68, 69, 70, 71, 73, 75], "summary": {"covered_lines": 46, "num_statements": 51, "percent_covered": 90.19607843137256, "percent_covered_display": "90", "missing_lines": 5, "excluded_lines": 0, "percent_statements_covered": 90.19607843137256, "percent_statements_covered_display": "90"}, "missing_lines": [41, 42, 57, 58, 65], "excluded_lines": [], "functions": {"get_window_config_path": {"executed_lines": [13], "summary": {"covered_lines": 1, "num_statements": 1, "percent_covered": 100.0, "percent_covered_display": "100", "missing_lines": 0, "excluded_lines": 0, "percent_statements_covered": 100.0, "percent_statements_covered_display": "100"}, "missing_lines": [], "excluded_lines": [], "start_line": 11}, "load_window_size": {"executed_lines": [18, 19, 20, 21, 22, 23, 24, 25, 26], "summary": {"covered_lines": 9, "num_statements": 9, "percent_covered": 100.0, "percent_covered_display": "100", "missing_lines": 0, "excluded_lines": 0, "percent_statements_covered": 100.0, "percent_statements_covered_display": "100"}, "missing_lines": [], "excluded_lines": [], "start_line": 16}, "save_window_size": {"executed_lines": [31, 32, 33, 34, 35, 36, 37, 38, 39, 40], "summary": {"covered_lines": 10, "num_statements": 12, "percent_covered": 83.33333333333333, "percent_covered_display": "83", "missing_lines": 2, "excluded_lines": 0, "percent_statements_covered": 83.33333333333333, "percent_statements_covered_display": "83"}, "missing_lines": [41, 42], "excluded_lines": [], "start_line": 29}, "setup_resizable_window": {"executed_lines": [47, 49, 52, 53, 54, 55, 56, 59, 60, 61, 62, 63, 67, 73, 75], "summary": {"covered_lines": 15, "num_statements": 18, "percent_covered": 83.33333333333333, "percent_covered_display": "83", "missing_lines": 3, "excluded_lines": 0, "percent_statements_covered": 83.33333333333333, "percent_statements_covered_display": "83"}, "missing_lines": [57, 58, 65], "excluded_lines": [], "start_line": 45}, "setup_resizable_window.on_resize": {"executed_lines": [68, 69, 70, 71], "summary": {"covered_lines": 4, "num_statements": 4, "percent_covered": 100.0, "percent_covered_display": "100", "missing_lines": 0, "excluded_lines": 0, "percent_statements_covered": 100.0, "percent_statements_covered_display": "100"}, "missing_lines": [], "excluded_lines": [], "start_line": 67}, "": {"executed_lines": [6, 7, 8, 11, 16, 29, 45], "summary": {"covered_lines": 7, "num_statements": 7, "percent_covered": 100.0, "percent_covered_display": "100", "missing_lines": 0, "excluded_lines": 0, "percent_statements_covered": 100.0, "percent_statements_covered_display": "100"}, "missing_lines": [], "excluded_lines": [], "start_line": 1}}, "classes": {"": {"executed_lines": [6, 7, 8, 11, 13, 16, 18, 19, 20, 21, 22, 23, 24, 25, 26, 29, 31, 32, 33, 34, 35, 36, 37, 38, 39, 40, 45, 47, 49, 52, 53, 54, 55, 56, 59, 60, 61, 62, 63, 67, 68, 69, 70, 71, 73, 75], "summary": {"covered_lines": 46, "num_statements": 51, "percent_covered": 90.19607843137256, "percent_covered_display": "90", "missing_lines": 5, "excluded_lines": 0, "percent_statements_covered": 90.19607843137256, "percent_statements_covered_display": "90"}, "missing_lines": [41, 42, 57, 58, 65], "excluded_lines": [], "start_line": 1}}}, "version.py": {"executed_lines": [1, 2], "summary": {"covered_lines": 2, "num_statements": 2, "percent_covered": 100.0, "percent_covered_display": "100", "missing_lines": 0, "excluded_lines": 0, "percent_statements_covered": 100.0, "percent_statements_covered_display": "100"}, "missing_lines": [], "excluded_lines": [], "functions": {"": {"executed_lines": [1, 2], "summary": {"covered_lines": 2, "num_statements": 2, "percent_covered": 100.0, "percent_covered_display": "100", "missing_lines": 0, "excluded_lines": 0, "percent_statements_covered": 100.0, "percent_statements_covered_display": "100"}, "missing_lines": [], "excluded_lines": [], "start_line": 1}}, "classes": {"": {"executed_lines": [1, 2], "summary": {"covered_lines": 2, "num_statements": 2, "percent_covered": 100.0, "percent_covered_display": "100", "missing_lines": 0, "excluded_lines": 0, "percent_statements_covered": 100.0, "percent_statements_covered_display": "100"}, "missing_lines": [], "excluded_lines": [], "start_line": 1}}}}, "totals": {"covered_lines": 9053, "num_statements": 17240, "percent_covered": 52.511600928074245, "percent_covered_display": "53", "missing_lines": 8187, "excluded_lines": 950, "percent_statements_covered": 52.511600928074245, "percent_statements_covered_display": "53"}}