<?xml version="1.0" encoding="utf-8"?><testsuites name="pytest tests"><testsuite name="pytest" errors="0" failures="1" skipped="0" tests="2" time="2.730" timestamp="2026-06-08T16:33:00.610433+08:00" hostname="LAPTOP-8M4VG0NI"><testcase classname="tests.e2e.test_flows.TestE2EFlow1" name="test_order_lifecycle" time="0.016" /><testcase classname="tests.e2e.test_flows.TestE2EFlow1" name="test_schedule_status" time="0.028"><failure message="assert 500 &lt; 500&#10; +  where 500 = &lt;Response [500]&gt;.status_code">E   assert 500 &lt; 500
     +  where 500 = &lt;Response [500]&gt;.status_code</failure></testcase></testsuite></testsuites>