<?xml version="1.0" encoding="utf-8"?><testsuites name="pytest tests"><testsuite name="pytest" errors="0" failures="1" skipped="11" tests="2632" time="16.643" timestamp="2026-06-08T17:59:46.721799+08:00" hostname="LAPTOP-8M4VG0NI"><testcase classname="tests.unit.core.test_app.TestGetVersion" name="test_get_version_returns_string" time="0.005" /><testcase classname="tests.unit.core.test_app.TestGetBuildInfo" name="test_get_build_info_contains_keys" time="0.001" /><testcase classname="tests.unit.core.test_app.TestInitializeApp" name="test_initialize_app_full_flow" time="0.002" /><testcase classname="tests.unit.core.test_app.TestInitializeApp" name="test_initialize_app_db_error_raised" time="0.001" /><testcase classname="tests.unit.core.test_app.TestCreateSecureFlaskApp" name="test_create_basic_app" time="0.442" /><testcase classname="tests.unit.core.test_app.TestCreateSecureFlaskApp" name="test_create_app_with_limiter" time="0.001" /><testcase classname="tests.unit.core.test_app.TestCreateSecureFlaskApp" name="test_create_app_with_blueprints" time="0.001" /><testcase classname="tests.unit.core.test_app.TestCreateSecureFlaskApp" name="test_favicon_returns_204" time="0.010" /><testcase classname="tests.unit.core.test_app.TestCreateSecureFlaskApp" name="test_global_error_handler_returns_500" time="0.002" /><testcase classname="tests.unit.core.test_circuit_breaker.TestCircuitBreakerStructure" name="test_class_exists" time="0.000" /><testcase classname="tests.unit.core.test_circuit_breaker.TestCircuitBreakerStructure" name="test_three_states_defined" time="0.000" /><testcase classname="tests.unit.core.test_circuit_breaker.TestCircuitBreakerStructure" name="test_circuit_breaker_open_error_exists" time="0.000" /><testcase classname="tests.unit.core.test_circuit_breaker.TestCircuitBreakerStructure" name="test_initial_state_is_closed" time="0.000" /><testcase classname="tests.unit.core.test_circuit_breaker.TestCircuitBreakerStructure" name="test_thread_safety_lock_exists" time="0.000" /><testcase classname="tests.unit.core.test_circuit_breaker.TestCircuitBreakerStructure" name="test_default_parameters" time="0.000" /><testcase classname="tests.unit.core.test_circuit_breaker.TestClosedState" name="test_successful_call_returns_result" time="0.000" /><testcase classname="tests.unit.core.test_circuit_breaker.TestClosedState" name="test_successful_call_passes_args_kwargs" time="0.000" /><testcase classname="tests.unit.core.test_circuit_breaker.TestClosedState" name="test_success_resets_failure_count" time="0.000" /><testcase classname="tests.unit.core.test_circuit_breaker.TestClosedState" name="test_failures_accumulate" time="0.000" /><testcase classname="tests.unit.core.test_circuit_breaker.TestClosedState" name="test_raises_original_exception" time="0.001" /><testcase classname="tests.unit.core.test_circuit_breaker.TestClosedToOpenTransition" name="test_transitions_to_open_when_failure_threshold_reached" time="0.000" /><testcase classname="tests.unit.core.test_circuit_breaker.TestClosedToOpenTransition" name="test_stays_open_after_threshold" time="0.000" /><testcase classname="tests.unit.core.test_circuit_breaker.TestClosedToOpenTransition" name="test_open_state_raises_circuit_breaker_open_error" time="0.000" /><testcase classname="tests.unit.core.test_circuit_breaker.TestOpenToHalfOpenTransition" name="test_transitions_to_half_open_after_timeout" time="0.153" /><testcase classname="tests.unit.core.test_circuit_breaker.TestOpenToHalfOpenTransition" name="test_half_open_allows_calls" time="0.153" /><testcase classname="tests.unit.core.test_circuit_breaker.TestHalfOpenToClosedTransition" name="test_transitions_to_closed_after_success_threshold" time="0.152" /><testcase classname="tests.unit.core.test_circuit_breaker.TestHalfOpenToClosedTransition" name="test_closed_state_resets_failure_count" time="0.152" /><testcase classname="tests.unit.core.test_circuit_breaker.TestHalfOpenFailure" name="test_half_open_failure_should_go_back_to_open" time="0.152" /><testcase classname="tests.unit.core.test_circuit_breaker.TestConcurrency" name="test_concurrent_calls_under_stress" time="0.007" /><testcase classname="tests.unit.core.test_circuit_breaker.TestConcurrency" name="test_state_remains_consistent_under_concurrent_failures" time="0.004" /><testcase classname="tests.unit.core.test_common_queries_complete.TestCommonQueriesFindById" name="test_find_by_id_default" time="0.003" /><testcase classname="tests.unit.core.test_common_queries_complete.TestCommonQueriesFindById" name="test_find_by_id_custom_column" time="0.001" /><testcase classname="tests.unit.core.test_common_queries_complete.TestCommonQueriesFindById" name="test_find_by_id_custom_columns" time="0.001" /><testcase classname="tests.unit.core.test_common_queries_complete.TestCommonQueriesFindByColumn" name="test_find_by_column" time="0.001" /><testcase classname="tests.unit.core.test_common_queries_complete.TestCommonQueriesFindByColumn" name="test_find_by_column_custom_columns" time="0.001" /><testcase classname="tests.unit.core.test_common_queries_complete.TestCommonQueriesFindAllByColumn" name="test_find_all_by_column" time="0.001" /><testcase classname="tests.unit.core.test_common_queries_complete.TestCommonQueriesFindAllByColumn" name="test_find_all_with_order_by" time="0.001" /><testcase classname="tests.unit.core.test_common_queries_complete.TestCommonQueriesFindAllByColumn" name="test_find_all_with_extra_conditions" time="0.001" /><testcase classname="tests.unit.core.test_common_queries_complete.TestCommonQueriesAggregate" name="test_aggregate_basic" time="0.001" /><testcase classname="tests.unit.core.test_common_queries_complete.TestCommonQueriesAggregate" name="test_aggregate_with_where" time="0.001" /><testcase classname="tests.unit.core.test_common_queries_complete.TestCommonQueriesAggregate" name="test_aggregate_with_extra_conditions" time="0.001" /><testcase classname="tests.unit.core.test_common_queries_complete.TestCommonQueriesAggregate" name="test_aggregate_with_where_and_extra" time="0.001" /><testcase classname="tests.unit.core.test_common_queries_complete.TestCommonQueriesUpsertSelect" name="test_upsert_select_default" time="0.001" /><testcase classname="tests.unit.core.test_common_queries_complete.TestCommonQueriesUpsertSelect" name="test_upsert_select_custom_columns" time="0.001" /><testcase classname="tests.unit.core.test_config.TestDatabaseConfig" name="test_host_default" time="0.001" /><testcase classname="tests.unit.core.test_config.TestDatabaseConfig" name="test_port_default" time="0.001" /><testcase classname="tests.unit.core.test_config.TestDatabaseConfig" name="test_env_override" time="0.001" /><testcase classname="tests.unit.core.test_config.TestConfigLoading" name="test_env_file_loads" time="0.001" /><testcase classname="tests.unit.core.test_config.TestConfigLoading" name="test_ensure_dir_creates" time="0.011" /><testcase classname="tests.unit.core.test_constants_and_enums.TestOrderStatus" name="test_values_exist" time="0.001" /><testcase classname="tests.unit.core.test_constants_and_enums.TestOrderStatus" name="test_specific" time="0.001" /><testcase classname="tests.unit.core.test_constants_and_enums.TestProductionStatus" name="test_values" time="0.001" /><testcase classname="tests.unit.core.test_constants_and_enums.TestQualityStatus" name="test_values" time="0.001" /><testcase classname="tests.unit.core.test_constants_and_enums.TestLogisticsCompanies" name="test_get_all" time="0.005" /><testcase classname="tests.unit.core.test_constants_and_enums.TestLogisticsCompanies" name="test_constants" time="0.001" /><testcase classname="tests.unit.core.test_constants_and_enums.TestLogisticsCompanies" name="test_add_remove" time="0.012" /><testcase classname="tests.unit.core.test_constants_and_enums.TestMaterialCalculator" name="test_instantiate" time="0.015" /><testcase classname="tests.unit.core.test_constants_and_enums.TestMaterialCalculator" name="test_with_params" time="0.001" /><testcase classname="tests.unit.core.test_constants_and_enums.TestMaterialCalculator" name="test_get_materials_by_category" time="0.041" /><testcase classname="tests.unit.core.test_constants_and_enums.TestMaterialCalculator" name="test_format_material_display" time="0.000" /><testcase classname="tests.unit.core.test_constants_and_enums.TestMaterialCalculator" name="test_validate_order_params" time="0.000" /><testcase classname="tests.unit.core.test_constants_and_enums.TestMaterialCalculator" name="test_get_available_spec_fields" time="0.001" /><testcase classname="tests.unit.core.test_constants_and_enums.TestMaterialCalculator" name="test_get_available_qty_fields" time="0.001" /><testcase classname="tests.unit.core.test_constants_and_enums.TestMaterialCalculator" name="test_calculate_material_types" time="0.002" /><testcase classname="tests.unit.core.test_constants_and_enums.TestMaterialCalculator" name="test_preview_calculation" time="0.001" /><testcase classname="tests.unit.core.test_constants_and_enums.TestLogisticsTrackerConfig" name="test_config_default" time="0.007" /><testcase classname="tests.unit.core.test_constants_and_enums.TestLogisticsTrackerConfig" name="test_config_switch" time="0.000" /><testcase classname="tests.unit.core.test_constants_and_enums.TestSettingsManager" name="test_instantiate" time="0.002" /><testcase classname="tests.unit.core.test_constants_and_enums.TestSettingsManager" name="test_color_ops" time="0.000" /><testcase classname="tests.unit.core.test_constants_and_enums.TestSettingsManager" name="test_font_ops" time="0.000" /><testcase classname="tests.unit.core.test_constants_and_enums.TestHelpers" name="test_format_amount" time="0.002" /><testcase classname="tests.unit.core.test_constants_and_enums.TestHelpers" name="test_truncate" time="0.001" /><testcase classname="tests.unit.core.test_constants_and_enums.TestHelpers" name="test_get_urgency_color" time="0.008" /><testcase classname="tests.unit.core.test_constants_and_enums.TestHelpers" name="test_validate_date" time="0.001" /><testcase classname="tests.unit.core.test_constants_and_enums.TestHelpers" name="test_days_until" time="0.001" /><testcase classname="tests.unit.core.test_constants_and_enums.TestHelpers" name="test_format_date" time="0.001" /><testcase classname="tests.unit.core.test_core_modules.TestCircuitBreaker" name="test_closed_to_open_after_failures" time="0.001" /><testcase classname="tests.unit.core.test_core_modules.TestCircuitBreaker" name="test_open_rejects_calls" time="0.001" /><testcase classname="tests.unit.core.test_core_modules.TestCircuitBreaker" name="test_half_open_success_returns_to_closed" time="0.021" /><testcase classname="tests.unit.core.test_core_modules.TestRuleEngine" name="test_load_rules_from_json" time="0.013" /><testcase classname="tests.unit.core.test_core_modules.TestRuleEngine" name="test_get_process_miss_returns_default" time="0.001" /><testcase classname="tests.unit.core.test_core_modules.TestEventBus" name="test_publish_subscribe" time="0.001" /><testcase classname="tests.unit.core.test_core_modules.TestEventBus" name="test_reset_clears_handlers" time="0.001" /><testcase classname="tests.unit.core.test_core_modules.TestFeatureFlags" name="test_load_from_env" time="0.004" /><testcase classname="tests.unit.core.test_core_modules.TestFeatureFlags" name="test_unknown_flag_returns_default" time="0.001" /><testcase classname="tests.unit.core.test_core_modules.TestMetrics" name="test_counter_increment" time="0.004" /><testcase classname="tests.unit.core.test_core_modules.TestMetrics" name="test_p99_calculation" time="0.001" /><testcase classname="tests.unit.core.test_core_modules.TestErrorCodes" name="test_error_code_equality" time="0.004" /><testcase classname="tests.unit.core.test_core_modules.TestErrorCodes" name="test_domain_constants" time="0.001" /><testcase classname="tests.unit.core.test_core_modules.TestEventType" name="test_no_duplicate_values" time="0.001" /><testcase classname="tests.unit.core.test_core_modules.TestEventType" name="test_order_events_exist" time="0.001" /><testcase classname="tests.unit.core.test_coverage_fillers.TestJsonSafe" name="test_allows_json_content_type" time="0.003" /><testcase classname="tests.unit.core.test_coverage_fillers.TestJsonSafe" name="test_allows_text_plain" time="0.001" /><testcase classname="tests.unit.core.test_coverage_fillers.TestJsonSafe" name="test_rejects_form_data" time="0.001" /><testcase classname="tests.unit.core.test_coverage_fillers.TestJsonSafe" name="test_skips_get_requests" time="0.001" /><testcase classname="tests.unit.core.test_coverage_fillers.TestJsonSafe" name="test_skips_delete_requests" time="0.001" /><testcase classname="tests.unit.core.test_coverage_fillers.TestJsonSafe" name="test_no_content_type_header" time="0.003" /><testcase classname="tests.unit.core.test_coverage_fillers.TestErrorCode" name="test_basic_init" time="0.000" /><testcase classname="tests.unit.core.test_coverage_fillers.TestErrorCode" name="test_default_http_status" time="0.000" /><testcase classname="tests.unit.core.test_coverage_fillers.TestErrorCode" name="test_repr" time="0.000" /><testcase classname="tests.unit.core.test_coverage_fillers.TestErrorCode" name="test_eq_same_code_true" time="0.000" /><testcase classname="tests.unit.core.test_coverage_fillers.TestErrorCode" name="test_eq_different_code_false" time="0.000" /><testcase classname="tests.unit.core.test_coverage_fillers.TestErrorCode" name="test_eq_non_errorcode" time="0.000" /><testcase classname="tests.unit.core.test_coverage_fillers.TestErrorDomain" name="test_constants" time="0.000" /><testcase classname="tests.unit.core.test_coverage_fillers.TestErrorSeverity" name="test_constants" time="0.000" /><testcase classname="tests.unit.core.test_coverage_fillers.TestErrorsDict" name="test_keys_exist" time="0.000" /><testcase classname="tests.unit.core.test_coverage_fillers.TestErrorsDict" name="test_order_not_found_details" time="0.000" /><testcase classname="tests.unit.core.test_coverage_fillers.TestErrorsDict" name="test_module_level_aliases" time="0.000" /><testcase classname="tests.unit.core.test_coverage_fillers.TestEvents" name="test_event_types_defined" time="0.000" /><testcase classname="tests.unit.core.test_coverage_fillers.TestEvents" name="test_get_all_events" time="0.000" /><testcase classname="tests.unit.core.test_coverage_fillers.TestEvents" name="test_is_valid_event_name" time="0.000" /><testcase classname="tests.unit.core.test_coverage_fillers.TestEvents" name="test_is_valid_event_value" time="0.000" /><testcase classname="tests.unit.core.test_coverage_fillers.TestEvents" name="test_get_event_category" time="0.000" /><testcase classname="tests.unit.core.test_coverage_fillers.TestEvents" name="test_event_data_basic" time="0.000" /><testcase classname="tests.unit.core.test_coverage_fillers.TestEvents" name="test_event_data_default_data" time="0.000" /><testcase classname="tests.unit.core.test_coverage_fillers.TestEvents" name="test_event_data_get_set" time="0.000" /><testcase classname="tests.unit.core.test_coverage_fillers.TestEvents" name="test_event_data_to_dict" time="0.000" /><testcase classname="tests.unit.core.test_coverage_fillers.TestEvents" name="test_event_data_repr" time="0.000" /><testcase classname="tests.unit.core.test_coverage_fillers.TestEvents" name="test_create_event_factory" time="0.001" /><testcase classname="tests.unit.core.test_db.TestSingleton" name="test_db_is_singleton" time="0.001" /><testcase classname="tests.unit.core.test_db.TestSingleton" name="test_pool_is_singleton" time="0.001" /><testcase classname="tests.unit.core.test_db.TestSingleton" name="test_db_init" time="0.001" /><testcase classname="tests.unit.core.test_db.TestConnectionPool" name="test_init" time="0.001" /><testcase classname="tests.unit.core.test_db.TestConnectionPool" name="test_init_defaults" time="0.001" /><testcase classname="tests.unit.core.test_db.TestConnectionPool" name="test_get_creates_connection" time="0.001" /><testcase classname="tests.unit.core.test_db.TestConnectionPool" name="test_get_reuses_connection" time="0.001" /><testcase classname="tests.unit.core.test_db.TestConnectionPool" name="test_get_bad_connection_fallback" time="0.001" /><testcase classname="tests.unit.core.test_db.TestConnectionPool" name="test_return_and_reuse" time="0.001" /><testcase classname="tests.unit.core.test_db.TestConnectionPool" name="test_return_full_pool_closes" time="0.001" /><testcase classname="tests.unit.core.test_db.TestConnectionPool" name="test_close_all" time="0.001" /><testcase classname="tests.unit.core.test_db.TestPooledConnection" name="test_close_returns_to_pool" time="0.002" /><testcase classname="tests.unit.core.test_db.TestPooledConnection" name="test_getattr_delegates" time="0.001" /><testcase classname="tests.unit.core.test_db.TestPooledConnection" name="test_cursor_delegates" time="0.001" /><testcase classname="tests.unit.core.test_db.TestPooledConnection" name="test_commit_delegates" time="0.001" /><testcase classname="tests.unit.core.test_db.TestPooledConnection" name="test_rollback_delegates" time="0.001" /><testcase classname="tests.unit.core.test_db.TestConfig" name="test_config_defaults" time="0.000" /><testcase classname="tests.unit.core.test_db.TestConfig" name="test_db_prefix_priority" time="0.001" /><testcase classname="tests.unit.core.test_db.TestConfig" name="test_mysql_fallback" time="0.001" /><testcase classname="tests.unit.core.test_db.TestConfig" name="test_pool_size_bounds" time="0.001" /><testcase classname="tests.unit.core.test_db.TestBackwardCompat" name="test_get_connection_returns_pooled" time="0.001" /><testcase classname="tests.unit.core.test_db.TestBackwardCompat" name="test_get_connection_context" time="0.001" /><testcase classname="tests.unit.core.test_db.TestBackwardCompat" name="test_legacy_imports_exist" time="0.001" /><testcase classname="tests.unit.core.test_db.TestConvenience" name="test_execute_query" time="0.002" /><testcase classname="tests.unit.core.test_db.TestConvenience" name="test_execute_update" time="0.002" /><testcase classname="tests.unit.core.test_db.TestConvenience" name="test_execute_insert" time="0.002" /><testcase classname="tests.unit.core.test_db.TestConvenience" name="test_transaction_commits" time="0.002" /><testcase classname="tests.unit.core.test_db.TestConvenience" name="test_transaction_rollback_on_error" time="0.002" /><testcase classname="tests.unit.core.test_db.TestEdgeCases" name="test_get_connection_without_init_auto_inits" time="0.002" /><testcase classname="tests.unit.core.test_db.TestEdgeCases" name="test_close_idempotent" time="0.001" /><testcase classname="tests.unit.core.test_db.TestEdgeCases" name="test_reload_config" time="0.002" /><testcase classname="tests.unit.core.test_error_codes_complete.TestStructuredErrorCodeMethods" name="test_str_representation" time="0.009" /><testcase classname="tests.unit.core.test_error_codes_complete.TestStructuredErrorCodeMethods" name="test_repr_representation" time="0.001" /><testcase classname="tests.unit.core.test_error_codes_complete.TestStructuredErrorCodeMethods" name="test_to_dict" time="0.001" /><testcase classname="tests.unit.core.test_error_codes_complete.TestLightweightErrorCode" name="test_lightweight_str" time="0.011" /><testcase classname="tests.unit.core.test_error_codes_complete.TestLightweightErrorCode" name="test_lightweight_repr" time="0.008" /><testcase classname="tests.unit.core.test_error_codes_complete.TestLightweightErrorCode" name="test_lightweight_to_dict" time="0.005" /><testcase classname="tests.unit.core.test_error_codes_complete.TestErrorCodeDataclassMethods" name="test_error_code_str" time="0.000" /><testcase classname="tests.unit.core.test_error_codes_complete.TestErrorCodeDataclassMethods" name="test_error_code_repr" time="0.000" /><testcase classname="tests.unit.core.test_error_codes_complete.TestStructuredErrorLookupFunctions" name="test_get_error_found" time="0.000" /><testcase classname="tests.unit.core.test_error_codes_complete.TestStructuredErrorLookupFunctions" name="test_get_error_not_found" time="0.000" /><testcase classname="tests.unit.core.test_error_codes_complete.TestStructuredErrorLookupFunctions" name="test_get_error_by_e_code_found" time="0.000" /><testcase classname="tests.unit.core.test_error_codes_complete.TestStructuredErrorLookupFunctions" name="test_get_error_by_e_code_not_found" time="0.000" /><testcase classname="tests.unit.core.test_error_codes_complete.TestStructuredErrorLookupFunctions" name="test_get_errors_by_domain" time="0.000" /><testcase classname="tests.unit.core.test_error_codes_complete.TestStructuredErrorLookupFunctions" name="test_get_errors_by_domain_not_found" time="0.000" /><testcase classname="tests.unit.core.test_error_codes_complete.TestStructuredErrorLookupFunctions" name="test_get_errors_by_severity_new" time="0.000" /><testcase classname="tests.unit.core.test_error_codes_complete.TestStructuredErrorLookupFunctions" name="test_get_errors_by_severity_new_not_found" time="0.000" /><testcase classname="tests.unit.core.test_error_codes_complete.TestStructuredErrorLookupFunctions" name="test_get_all_errors" time="0.000" /><testcase classname="tests.unit.core.test_error_codes_complete.TestStructuredErrorLookupFunctions" name="test_get_error_count" time="0.000" /><testcase classname="tests.unit.core.test_error_codes_complete.TestStructuredErrorLookupFunctions" name="test_get_errors_summary" time="0.000" /><testcase classname="tests.unit.core.test_error_codes_complete.TestOriginalErrorLookupFunctions" name="test_get_error_info_found" time="0.000" /><testcase classname="tests.unit.core.test_error_codes_complete.TestOriginalErrorLookupFunctions" name="test_get_error_info_not_found" time="0.000" /><testcase classname="tests.unit.core.test_error_codes_complete.TestOriginalErrorLookupFunctions" name="test_get_all_error_codes" time="0.000" /><testcase classname="tests.unit.core.test_error_codes_complete.TestOriginalErrorLookupFunctions" name="test_get_errors_by_severity" time="0.000" /><testcase classname="tests.unit.core.test_error_codes_complete.TestOriginalErrorLookupFunctions" name="test_get_errors_by_severity_not_found" time="0.000" /><testcase classname="tests.unit.core.test_error_codes_complete.TestOriginalErrorLookupFunctions" name="test_format_error_for_display_found" time="0.000" /><testcase classname="tests.unit.core.test_error_codes_complete.TestOriginalErrorLookupFunctions" name="test_format_error_for_display_not_found" time="0.000" /><testcase classname="tests.unit.core.test_error_codes_complete.TestOriginalErrorLookupFunctions" name="test_format_error_for_display_without_original" time="0.000" /><testcase classname="tests.unit.core.test_error_codes_complete.TestOriginalErrorLookupFunctions" name="test_get_error_summary" time="0.000" /><testcase classname="tests.unit.core.test_error_codes_complete.TestErrorCodeConstants" name="test_error_domain_constants" time="0.000" /><testcase classname="tests.unit.core.test_error_codes_complete.TestErrorCodeConstants" name="test_error_severity_constants" time="0.000" /><testcase classname="tests.unit.core.test_error_codes_complete.TestErrorCodeConstants" name="test_error_codes_dict_has_required_keys" time="0.000" /><testcase classname="tests.unit.core.test_error_handler.TestRecognizeErrorCode" name="test_recognize_db_error" time="0.002" /><testcase classname="tests.unit.core.test_error_handler.TestRecognizeErrorCode" name="test_recognize_access_denied" time="0.000" /><testcase classname="tests.unit.core.test_error_handler.TestRecognizeErrorCode" name="test_recognize_syntax_error" time="0.000" /><testcase classname="tests.unit.core.test_error_handler.TestRecognizeErrorCode" name="test_recognize_module_not_found" time="0.000" /><testcase classname="tests.unit.core.test_error_handler.TestRecognizeErrorCode" name="test_recognize_json_decode" time="0.001" /><testcase classname="tests.unit.core.test_error_handler.TestRecognizeErrorCode" name="test_recognize_connection_lost" time="0.001" /><testcase classname="tests.unit.core.test_error_handler.TestRecognizeErrorCode" name="test_recognize_table_not_exist" time="0.000" /><testcase classname="tests.unit.core.test_error_handler.TestRecognizeErrorCode" name="test_recognize_unknown_column" time="0.000" /><testcase classname="tests.unit.core.test_error_handler.TestRecognizeErrorCode" name="test_recognize_float_error" time="0.000" /><testcase classname="tests.unit.core.test_error_handler.TestRecognizeErrorCode" name="test_empty_returns_none" time="0.000" /><testcase classname="tests.unit.core.test_error_handler.TestRecognizeErrorCode" name="test_unrecognized_returns_none" time="0.001" /><testcase classname="tests.unit.core.test_error_handler.TestErrorContext" name="test_context_manager_no_error" time="0.000" /><testcase classname="tests.unit.core.test_error_handler.TestErrorContext" name="test_context_manager_with_error_raises" time="0.001" /><testcase classname="tests.unit.core.test_error_handler.TestErrorContext" name="test_context_manager_with_error_suppressed" time="0.001" /><testcase classname="tests.unit.core.test_error_handler.TestSafeErrorHandle" name="test_decorator_normal" time="0.000" /><testcase classname="tests.unit.core.test_error_handler.TestSafeErrorHandle" name="test_decorator_raises" time="0.001" /><testcase classname="tests.unit.core.test_error_handler.TestGetErrorLookupUrl" name="test_lookup_url" time="0.000" /><testcase classname="tests.unit.core.test_error_handler.TestErrorPatterns" name="test_sql_injection_pattern" time="0.000" /><testcase classname="tests.unit.core.test_error_handler.TestErrorPatterns" name="test_eval_risk" time="0.000" /><testcase classname="tests.unit.core.test_error_handler_complete.TestRecognizeErrorCode" name="test_utf8_error" time="0.000" /><testcase classname="tests.unit.core.test_error_handler_complete.TestRecognizeErrorCode" name="test_invalid_unicode_char" time="0.000" /><testcase classname="tests.unit.core.test_error_handler_complete.TestRecognizeErrorCode" name="test_unterminated_string" time="0.000" /><testcase classname="tests.unit.core.test_error_handler_complete.TestRecognizeErrorCode" name="test_indentation_error" time="0.000" /><testcase classname="tests.unit.core.test_error_handler_complete.TestRecognizeErrorCode" name="test_syntax_error_invalid_syntax" time="0.000" /><testcase classname="tests.unit.core.test_error_handler_complete.TestRecognizeErrorCode" name="test_name_not_defined" time="0.000" /><testcase classname="tests.unit.core.test_error_handler_complete.TestRecognizeErrorCode" name="test_mysql_cant_connect" time="0.000" /><testcase classname="tests.unit.core.test_error_handler_complete.TestRecognizeErrorCode" name="test_mysql_access_denied" time="0.000" /><testcase classname="tests.unit.core.test_error_handler_complete.TestRecognizeErrorCode" name="test_mysql_unknown_database" time="0.000" /><testcase classname="tests.unit.core.test_error_handler_complete.TestRecognizeErrorCode" name="test_mysql_syntax_error" time="0.000" /><testcase classname="tests.unit.core.test_error_handler_complete.TestRecognizeErrorCode" name="test_mysql_table_not_exist" time="0.000" /><testcase classname="tests.unit.core.test_error_handler_complete.TestRecognizeErrorCode" name="test_mysql_unknown_column" time="0.000" /><testcase classname="tests.unit.core.test_error_handler_complete.TestRecognizeErrorCode" name="test_mysql_too_many_connections" time="0.000" /><testcase classname="tests.unit.core.test_error_handler_complete.TestRecognizeErrorCode" name="test_mysql_lost_connection" time="0.000" /><testcase classname="tests.unit.core.test_error_handler_complete.TestRecognizeErrorCode" name="test_mysql_blob_default" time="0.000" /><testcase classname="tests.unit.core.test_error_handler_complete.TestRecognizeErrorCode" name="test_no_module_found" time="0.000" /><testcase classname="tests.unit.core.test_error_handler_complete.TestRecognizeErrorCode" name="test_cannot_import_name" time="0.000" /><testcase classname="tests.unit.core.test_error_handler_complete.TestRecognizeErrorCode" name="test_circular_import" time="0.000" /><testcase classname="tests.unit.core.test_error_handler_complete.TestRecognizeErrorCode" name="test_module_not_found_error" time="0.000" /><testcase classname="tests.unit.core.test_error_handler_complete.TestRecognizeErrorCode" name="test_hardcoded_password" time="0.000" /><testcase classname="tests.unit.core.test_error_handler_complete.TestRecognizeErrorCode" name="test_hardcoded_api_key" time="0.000" /><testcase classname="tests.unit.core.test_error_handler_complete.TestRecognizeErrorCode" name="test_sql_injection" time="0.000" /><testcase classname="tests.unit.core.test_error_handler_complete.TestRecognizeErrorCode" name="test_eval_security" time="0.000" /><testcase classname="tests.unit.core.test_error_handler_complete.TestRecognizeErrorCode" name="test_invalid_float_literal" time="0.000" /><testcase classname="tests.unit.core.test_error_handler_complete.TestRecognizeErrorCode" name="test_invalid_int_literal" time="0.000" /><testcase classname="tests.unit.core.test_error_handler_complete.TestRecognizeErrorCode" name="test_unknown_error" time="0.000" /><testcase classname="tests.unit.core.test_error_handler_complete.TestRecognizeErrorCode" name="test_empty_message" time="0.000" /><testcase classname="tests.unit.core.test_error_handler_complete.TestHandleError" name="test_handle_error_with_known_code" time="0.001" /><testcase classname="tests.unit.core.test_error_handler_complete.TestHandleError" name="test_handle_error_unknown_code" time="0.001" /><testcase classname="tests.unit.core.test_error_handler_complete.TestHandleError" name="test_handle_error_import_error_fallback" time="0.001" /><testcase classname="tests.unit.core.test_error_handler_complete.TestShowErrorDialog" name="test_show_error_dialog_with_tkinter" time="0.031" /><testcase classname="tests.unit.core.test_error_handler_complete.TestShowErrorDialog" name="test_show_error_dialog_tkinter_unavailable" time="0.001" /><testcase classname="tests.unit.core.test_error_handler_complete.TestLogErrorToDb" name="test_log_error_to_db_basic" time="0.051" /><testcase classname="tests.unit.core.test_event_bus_factory.TestCreateEventBus" name="test_default_inprocess" time="0.005" /><testcase classname="tests.unit.core.test_event_bus_factory.TestCreateEventBus" name="test_unknown_backend_falls_to_inprocess" time="0.003" /><testcase classname="tests.unit.core.test_event_bus_factory.TestCreateEventBus" name="test_redis_backend_success" time="0.011" /><testcase classname="tests.unit.core.test_event_bus_factory.TestCreateEventBus" name="test_redis_backend_fallback" time="0.001" /><testcase classname="tests.unit.core.test_event_bus_factory.TestCreateEventBus" name="test_redis_backend_default_host_port" time="0.002" /><testcase classname="tests.unit.core.test_event_bus_factory.TestCreateEventBus" name="test_sync_event_bus_fallback" time="0.001" /><testcase classname="tests.unit.core.test_event_store.TestEventStore" name="test_append_success" time="0.001" /><testcase classname="tests.unit.core.test_event_store.TestEventStore" name="test_append_payload_too_large_rejected" time="0.001" /><testcase classname="tests.unit.core.test_event_store.TestEventStore" name="test_append_db_error_returns_false" time="0.001" /><testcase classname="tests.unit.core.test_event_store.TestEventStore" name="test_get_events_returns_chronological" time="0.001" /><testcase classname="tests.unit.core.test_event_store.TestEventStore" name="test_get_events_empty_aggregate" time="0.001" /><testcase classname="tests.unit.core.test_event_store.TestEventStore" name="test_get_events_db_error_returns_empty" time="0.001" /><testcase classname="tests.unit.core.test_event_store.TestEventStore" name="test_replay_calls_handler_for_each_event" time="0.001" /><testcase classname="tests.unit.core.test_event_store.TestEventStore" name="test_replay_handler_exception_does_not_stop" time="0.001" /><testcase classname="tests.unit.core.test_events.TestEventType" name="test_order_events_exist" time="0.000" /><testcase classname="tests.unit.core.test_events.TestEventType" name="test_process_events_exist" time="0.000" /><testcase classname="tests.unit.core.test_events.TestEventType" name="test_production_events_exist" time="0.000" /><testcase classname="tests.unit.core.test_events.TestEventType" name="test_material_events_exist" time="0.000" /><testcase classname="tests.unit.core.test_events.TestEventType" name="test_qc_events_exist" time="0.000" /><testcase classname="tests.unit.core.test_events.TestEventType" name="test_inventory_events_exist" time="0.000" /><testcase classname="tests.unit.core.test_events.TestEventType" name="test_event_value_format" time="0.000" /><testcase classname="tests.unit.core.test_events.TestEventType" name="test_get_event_category" time="0.000" /><testcase classname="tests.unit.core.test_events.TestEventType" name="test_is_valid_event" time="0.000" /><testcase classname="tests.unit.core.test_events.TestEventType" name="test_get_all_events" time="0.000" /><testcase classname="tests.unit.core.test_events.TestEventData" name="test_event_data_init" time="0.000" /><testcase classname="tests.unit.core.test_events.TestEventData" name="test_event_data_get" time="0.000" /><testcase classname="tests.unit.core.test_events.TestEventData" name="test_event_data_set" time="0.000" /><testcase classname="tests.unit.core.test_events.TestEventData" name="test_event_data_to_dict" time="0.000" /><testcase classname="tests.unit.core.test_events.TestCreateEvent" name="test_create_event_basic" time="0.000" /><testcase classname="tests.unit.core.test_events.TestCreateEvent" name="test_create_event_multiple_params" time="0.000" /><testcase classname="tests.unit.core.test_events.TestCreateEvent" name="test_create_event_empty_data" time="0.000" /><testcase classname="tests.unit.core.test_exceptions.TestBusinessException" name="test_basic" time="0.000" /><testcase classname="tests.unit.core.test_exceptions.TestBusinessException" name="test_with_details" time="0.000" /><testcase classname="tests.unit.core.test_exceptions.TestBusinessException" name="test_str_with_details" time="0.000" /><testcase classname="tests.unit.core.test_exceptions.TestBusinessException" name="test_str_without_details" time="0.000" /><testcase classname="tests.unit.core.test_exceptions.TestBusinessException" name="test_to_dict" time="0.000" /><testcase classname="tests.unit.core.test_exceptions.TestValidationException" name="test_basic" time="0.000" /><testcase classname="tests.unit.core.test_exceptions.TestValidationException" name="test_with_field" time="0.000" /><testcase classname="tests.unit.core.test_exceptions.TestValidationException" name="test_with_details" time="0.000" /><testcase classname="tests.unit.core.test_exceptions.TestNotFoundException" name="test_basic" time="0.000" /><testcase classname="tests.unit.core.test_exceptions.TestDuplicateException" name="test_basic" time="0.000" /><testcase classname="tests.unit.core.test_exceptions.TestPermissionException" name="test_default" time="0.000" /><testcase classname="tests.unit.core.test_exceptions.TestPermissionException" name="test_custom_message" time="0.000" /><testcase classname="tests.unit.core.test_exceptions.TestStateException" name="test_basic" time="0.000" /><testcase classname="tests.unit.core.test_exceptions.TestStateException" name="test_with_states" time="0.000" /><testcase classname="tests.unit.core.test_exceptions.TestDatabaseException" name="test_basic" time="0.000" /><testcase classname="tests.unit.core.test_exceptions.TestDatabaseException" name="test_with_sql" time="0.000" /><testcase classname="tests.unit.core.test_exceptions.TestConfigException" name="test_basic" time="0.000" /><testcase classname="tests.unit.core.test_exceptions.TestConfigException" name="test_with_key" time="0.000" /><testcase classname="tests.unit.core.test_exceptions.TestSafeCursorExecute" name="test_success" time="0.001" /><testcase classname="tests.unit.core.test_exceptions.TestSafeCursorExecute" name="test_error_rollback" time="0.001" /><testcase classname="tests.unit.core.test_exceptions.TestSafeCursorInsert" name="test_success" time="0.001" /><testcase classname="tests.unit.core.test_exceptions.TestSafeCursorInsert" name="test_error_returns_none" time="0.001" /><testcase classname="tests.unit.core.test_exceptions.TestHandleExceptions" name="test_normal_flow" time="0.000" /><testcase classname="tests.unit.core.test_exceptions.TestHandleExceptions" name="test_business_exception_passthrough" time="0.000" /><testcase classname="tests.unit.core.test_exceptions.TestHandleExceptions" name="test_general_exception_wraps" time="0.000" /><testcase classname="tests.unit.core.test_exceptions.TestValidationRequired" name="test_all_fields_present" time="0.000" /><testcase classname="tests.unit.core.test_exceptions.TestValidationRequired" name="test_missing_field_raises" time="0.000" /><testcase classname="tests.unit.core.test_final_gaps.TestEventStoreFallback" name="test_get_conn_without_factory" time="0.001" /><testcase classname="tests.unit.core.test_final_gaps.TestEventStoreFallback" name="test_set_factory_and_get_conn" time="0.000" /><testcase classname="tests.unit.core.test_final_gaps.TestMetricsModuleFunctions" name="test_record_metric_calls_global" time="0.000" /><testcase classname="tests.unit.core.test_final_gaps.TestMetricsModuleFunctions" name="test_record_latency_calls_global" time="0.000" /><testcase classname="tests.unit.core.test_final_gaps.TestFeatureFlagsAll" name="test_all_returns_dict" time="0.000" /><testcase classname="tests.unit.core.test_final_gaps.TestFeatureFlagsAll" name="test_all_empty" time="0.000" /><testcase classname="tests.unit.core.test_final_gaps.TestInventoryAdjustmentZeroFixed" name="test_adjustment_zero_after_fix" time="0.000" /><testcase classname="tests.unit.core.test_gap_fillers.TestRuleEngineGaps" name="test_get_rule_engine_singleton" time="0.001" /><testcase classname="tests.unit.core.test_gap_fillers.TestRuleEngineGaps" name="test_load_bad_json_survives" time="0.005" /><testcase classname="tests.unit.core.test_gap_fillers.TestRuleEngineGaps" name="test_get_process_rules_empty" time="0.001" /><testcase classname="tests.unit.core.test_gap_fillers.TestMetricsGaps" name="test_p99_empty_returns_zero" time="0.000" /><testcase classname="tests.unit.core.test_gap_fillers.TestMetricsGaps" name="test_get_summary" time="0.000" /><testcase classname="tests.unit.core.test_gap_fillers.TestMetricsGaps" name="test_record_metric_module" time="0.000" /><testcase classname="tests.unit.core.test_gap_fillers.TestMetricsGaps" name="test_record_latency_module" time="0.000" /><testcase classname="tests.unit.core.test_gap_fillers.TestMetricsGaps" name="test_get_metrics_module" time="0.000" /><testcase classname="tests.unit.core.test_gap_fillers.TestEventStoreGaps" name="test_event_store_module_imports" time="0.000" /><testcase classname="tests.unit.core.test_process_code.TestProcessCodesIntegrity" name="test_count_exactly_19" time="0.000" /><testcase classname="tests.unit.core.test_process_code.TestProcessCodesIntegrity" name="test_all_keys_are_strings" time="0.000" /><testcase classname="tests.unit.core.test_process_code.TestProcessCodesIntegrity" name="test_all_values_valid_format" time="0.001" /><testcase classname="tests.unit.core.test_process_code.TestProcessCodesIntegrity" name="test_no_duplicate_values" time="0.000" /><testcase classname="tests.unit.core.test_process_code.TestProcessCodesIntegrity" name="test_full_range_all_codes" time="0.000" /><testcase classname="tests.unit.core.test_process_code.TestProcessCodesIntegrity" name="test_all_standard_names_present" time="0.000" /><testcase classname="tests.unit.core.test_process_code.TestGetProcessCodeStandard" name="test_standard_process_returns_correct_code[\u539f\u6750\u6599\u51c6\u5907-P01]" time="0.000" /><testcase classname="tests.unit.core.test_process_code.TestGetProcessCodeStandard" name="test_standard_process_returns_correct_code[\u710a\u63a5\u773c\u955c\u7f51-P02]" time="0.000" /><testcase classname="tests.unit.core.test_process_code.TestGetProcessCodeStandard" name="test_standard_process_returns_correct_code[\u6fc0\u5149\u5207\u677f-P03]" time="0.000" /><testcase classname="tests.unit.core.test_process_code.TestGetProcessCodeStandard" name="test_standard_process_returns_correct_code[\u94fe\u677f\u51b2\u538b\u5b54-P04]" time="0.000" /><testcase classname="tests.unit.core.test_process_code.TestGetProcessCodeStandard" name="test_standard_process_returns_correct_code[\u94fe\u677f\u51b2\u538b\u6210\u578b-P05]" time="0.001" /><testcase classname="tests.unit.core.test_process_code.TestGetProcessCodeStandard" name="test_standard_process_returns_correct_code[\u7f16\u5236\u5de6\u65cb-P06]" time="0.000" /><testcase classname="tests.unit.core.test_process_code.TestGetProcessCodeStandard" name="test_standard_process_returns_correct_code[\u7f16\u5236\u53f3\u65cb-P07]" time="0.000" /><testcase classname="tests.unit.core.test_process_code.TestGetProcessCodeStandard" name="test_standard_process_returns_correct_code[\u7a7f\u66f2\u8f74-P08]" time="0.000" /><testcase classname="tests.unit.core.test_process_code.TestGetProcessCodeStandard" name="test_standard_process_returns_correct_code[\u8f93\u9001\u5e26\u7ec4\u88c5\u7a7f\u6746-P09]" time="0.000" /><testcase classname="tests.unit.core.test_process_code.TestGetProcessCodeStandard" name="test_standard_process_returns_correct_code[\u5b89\u88c5\u94fe\u6761-P10]" time="0.001" /><testcase classname="tests.unit.core.test_process_code.TestGetProcessCodeStandard" name="test_standard_process_returns_correct_code[\u5b89\u88c5\u88d9\u8fb9-P11]" time="0.000" /><testcase classname="tests.unit.core.test_process_code.TestGetProcessCodeStandard" name="test_standard_process_returns_correct_code[\u6574\u5f62\u6821\u76f4-P12]" time="0.000" /><testcase classname="tests.unit.core.test_process_code.TestGetProcessCodeStandard" name="test_standard_process_returns_correct_code[\u710a\u63a5\u8f93\u9001\u5e26-P13]" time="0.001" /><testcase classname="tests.unit.core.test_process_code.TestGetProcessCodeStandard" name="test_standard_process_returns_correct_code[\u8868\u9762\u5904\u7406-P14]" time="0.001" /><testcase classname="tests.unit.core.test_process_code.TestGetProcessCodeStandard" name="test_standard_process_returns_correct_code[\u8d28\u91cf\u68c0\u9a8c-P15]" time="0.000" /><testcase classname="tests.unit.core.test_process_code.TestGetProcessCodeStandard" name="test_standard_process_returns_correct_code[\u5305\u88c5\u5165\u5e93-P16]" time="0.000" /><testcase classname="tests.unit.core.test_process_code.TestGetProcessCodeEdgeCases" name="test_empty_string_returns_empty" time="0.000" /><testcase classname="tests.unit.core.test_process_code.TestGetProcessCodeEdgeCases" name="test_none_returns_empty" time="0.000" /><testcase classname="tests.unit.core.test_process_code.TestGetProcessCodeEdgeCases" name="test_whitespace_generates_hash" time="0.000" /><testcase classname="tests.unit.core.test_process_code.TestGetProcessCodeEdgeCases" name="test_non_standard_returns_px_format" time="0.000" /><testcase classname="tests.unit.core.test_process_code.TestGetProcessCodeEdgeCases" name="test_non_standard_is_deterministic" time="0.000" /><testcase classname="tests.unit.core.test_process_code.TestGetProcessCodeEdgeCases" name="test_non_standard_different_names_different_codes" time="0.000" /><testcase classname="tests.unit.core.test_process_code.TestGetProcessCodeEdgeCases" name="test_long_process_name_does_not_crash" time="0.000" /><testcase classname="tests.unit.core.test_process_code.TestGetProcessCodeEdgeCases" name="test_unicode_process_name" time="0.000" /><testcase classname="tests.unit.core.test_process_code.TestGetProcessCodeEdgeCases" name="test_garbage_data" time="0.000" /><testcase classname="tests.unit.core.test_process_code.TestGetProcessCodeEdgeCases" name="test_pure_english_name" time="0.000" /><testcase classname="tests.unit.core.test_process_code.TestGetProcessCodeDeterminism" name="test_same_name_same_result_no_matter_process" time="0.000" /><testcase classname="tests.unit.core.test_process_code.TestGetProcessCodeDeterminism" name="test_px_format_is_always_uppercase" time="0.000" /><testcase classname="tests.unit.core.test_process_code.TestGetProcessCodeDeterminism" name="test_px_code_is_unique_for_each_standard" time="0.000" /><testcase classname="tests.unit.core.test_process_code.TestProcessCodeCompatibility" name="test_code_fits_in_varchar_10" time="0.000" /><testcase classname="tests.unit.core.test_process_code.TestProcessCodeCompatibility" name="test_code_is_ascii" time="0.000" /><testcase classname="tests.unit.core.test_process_code.TestProcessCodeCompatibility" name="test_no_special_sql_chars" time="0.000" /><testcase classname="tests.unit.core.test_process_code.TestHashCorrectness" name="test_known_hash" time="0.000" /><testcase classname="tests.unit.core.test_process_code.TestHashCorrectness" name="test_hash_consistent_with_md5_spec" time="0.000" /><testcase classname="tests.unit.core.test_process_code_custom.TestRegisterProcess" name="test_register_auto_code" time="0.000" /><testcase classname="tests.unit.core.test_process_code_custom.TestRegisterProcess" name="test_register_with_explicit_code" time="0.000" /><testcase classname="tests.unit.core.test_process_code_custom.TestRegisterProcess" name="test_register_multiple_auto_increment" time="0.000" /><testcase classname="tests.unit.core.test_process_code_custom.TestRegisterProcess" name="test_register_duplicate_returns_existing" time="0.000" /><testcase classname="tests.unit.core.test_process_code_custom.TestRegisterProcess" name="test_register_standard_returns_pcode" time="0.000" /><testcase classname="tests.unit.core.test_process_code_custom.TestRegisterProcess" name="test_register_strips_whitespace" time="0.000" /><testcase classname="tests.unit.core.test_process_code_custom.TestRegisterProcess" name="test_register_empty_raises" time="0.000" /><testcase classname="tests.unit.core.test_process_code_custom.TestRegisterProcess" name="test_register_none_raises" time="0.000" /><testcase classname="tests.unit.core.test_process_code_custom.TestRegisterProcess" name="test_register_whitespace_only_raises" time="0.000" /><testcase classname="tests.unit.core.test_process_code_custom.TestUnregisterProcess" name="test_unregister_custom_succeeds" time="0.000" /><testcase classname="tests.unit.core.test_process_code_custom.TestUnregisterProcess" name="test_unregister_standard_fails" time="0.000" /><testcase classname="tests.unit.core.test_process_code_custom.TestUnregisterProcess" name="test_unregister_nonexistent_fails" time="0.000" /><testcase classname="tests.unit.core.test_process_code_custom.TestUnregisterProcess" name="test_unregister_then_re_register_new_code" time="0.000" /><testcase classname="tests.unit.core.test_process_code_custom.TestUnregisterProcess" name="test_unregistered_not_in_lists" time="0.000" /><testcase classname="tests.unit.core.test_process_code_custom.TestGetAllProcesses" name="test_initial_16_standard" time="0.000" /><testcase classname="tests.unit.core.test_process_code_custom.TestGetAllProcesses" name="test_after_register_increases" time="0.000" /><testcase classname="tests.unit.core.test_process_code_custom.TestGetAllProcesses" name="test_get_all_codes_includes_custom" time="0.000" /><testcase classname="tests.unit.core.test_process_code_custom.TestIsRegistered" name="test_standard" time="0.000" /><testcase classname="tests.unit.core.test_process_code_custom.TestIsRegistered" name="test_custom" time="0.000" /><testcase classname="tests.unit.core.test_process_code_custom.TestIsRegistered" name="test_unknown" time="0.000" /><testcase classname="tests.unit.core.test_process_code_custom.TestProcessCodeAfterRegister" name="test_registered_uses_registered_code" time="0.000" /><testcase classname="tests.unit.core.test_process_code_custom.TestProcessCodeAfterRegister" name="test_unregistered_still_px_hash" time="0.000" /><testcase classname="tests.unit.core.test_process_code_custom.TestProcessCodeAfterRegister" name="test_register_then_unregister_back_to_px" time="0.000" /><testcase classname="tests.unit.core.test_process_code_custom.TestCustomProcessEdgeCases" name="test_max_auto_code_no_overflow" time="0.000" /><testcase classname="tests.unit.core.test_process_code_custom.TestCustomProcessEdgeCases" name="test_special_chars_in_name" time="0.000" /><testcase classname="tests.unit.core.test_process_code_custom.TestCustomProcessEdgeCases" name="test_very_long_name" time="0.000" /><testcase classname="tests.unit.core.test_process_code_custom.TestCustomProcessEdgeCases" name="test_reset_clears_all" time="0.000" /><testcase classname="tests.unit.core.test_process_code_custom.TestCustomProcessEdgeCases" name="test_register_preserves_standards" time="0.000" /><testcase classname="tests.unit.core.test_process_code_custom.TestCustomProcessEndToEnd" name="test_register_in_all_processes" time="0.000" /><testcase classname="tests.unit.core.test_process_code_custom.TestCustomProcessEndToEnd" name="test_full_flow" time="0.000" /><testcase classname="tests.unit.core.test_process_code_integration.TestSQLiteBackfill" name="test_backfill_missing_process_code" time="0.009" /><testcase classname="tests.unit.core.test_process_code_integration.TestSQLiteBackfill" name="test_backfill_preserves_existing_process_code" time="0.005" /><testcase classname="tests.unit.core.test_process_code_integration.TestSQLiteBackfill" name="test_order_level_package_no_process" time="0.005" /><testcase classname="tests.unit.core.test_process_code_integration.TestMySQLMatchingLogic" name="test_exact_match_updates_one_record" time="0.000" /><testcase classname="tests.unit.core.test_process_code_integration.TestMySQLMatchingLogic" name="test_wrong_process_code_returns_zero" time="0.000" /><testcase classname="tests.unit.core.test_process_code_integration.TestMySQLMatchingLogic" name="test_wrong_order_id_returns_zero" time="0.000" /><testcase classname="tests.unit.core.test_process_code_integration.TestMySQLMatchingLogic" name="test_different_orders_same_code_independent" time="0.000" /><testcase classname="tests.unit.core.test_process_code_integration.TestMySQLMatchingLogic" name="test_no_duplicate_matching" time="0.000" /><testcase classname="tests.unit.core.test_process_code_integration.TestMySQLMatchingLogic" name="test_rowcount_zero_means_no_match" time="0.000" /><testcase classname="tests.unit.core.test_process_code_integration.TestMySQLMatchingLogic" name="test_multiple_updates_accumulate" time="0.000" /><testcase classname="tests.unit.core.test_process_code_integration.TestEndToEndProcessCodeFlow" name="test_insert_then_match" time="0.007" /><testcase classname="tests.unit.core.test_process_code_integration.TestEndToEndProcessCodeFlow" name="test_non_standard_process_insert_then_match" time="0.006" /><testcase classname="tests.unit.core.test_process_code_integration.TestFallbackLogic" name="test_fallback_when_process_code_missing" time="0.005" /><testcase classname="tests.unit.core.test_process_code_integration.TestFallbackLogic" name="test_fallback_when_both_missing" time="0.000" /><testcase classname="tests.unit.core.test_process_code_integration.TestFallbackLogic" name="test_fallback_for_non_standard" time="0.000" /><testcase classname="tests.unit.core.test_process_code_integration.TestConcurrentSafety" name="test_same_process_code_always_same_result" time="0.002" /><testcase classname="tests.unit.core.test_process_code_integration.TestConcurrentSafety" name="test_get_process_code_is_thread_safe" time="0.003" /><testcase classname="tests.unit.core.test_process_code_mysql.TestMySQLProcessRecords" name="test_process_code_column_exists" time="0.000"><skipped type="pytest.skip" message="需要生产数据库状态一致，跳过集成测试">D:\yuan\gbd3.0\tests\unit\core\test_process_code_mysql.py:52: 需要生产数据库状态一致，跳过集成测试</skipped></testcase><testcase classname="tests.unit.core.test_process_code_mysql.TestMySQLProcessRecords" name="test_no_empty_process_code" time="0.000"><skipped type="pytest.skip" message="需要生产数据库状态一致，跳过集成测试">D:\yuan\gbd3.0\tests\unit\core\test_process_code_mysql.py:57: 需要生产数据库状态一致，跳过集成测试</skipped></testcase><testcase classname="tests.unit.core.test_process_code_mysql.TestMySQLProcessRecords" name="test_all_standard_names_in_pcodes" time="0.000"><skipped type="pytest.skip" message="需要生产数据库状态一致，跳过集成测试">D:\yuan\gbd3.0\tests\unit\core\test_process_code_mysql.py:62: 需要生产数据库状态一致，跳过集成测试</skipped></testcase><testcase classname="tests.unit.core.test_process_code_mysql.TestMySQLProcessRecords" name="test_no_duplicate_order_code" time="0.000"><skipped type="pytest.skip" message="需要生产数据库状态一致，跳过集成测试">D:\yuan\gbd3.0\tests\unit\core\test_process_code_mysql.py:69: 需要生产数据库状态一致，跳过集成测试</skipped></testcase><testcase classname="tests.unit.core.test_process_code_mysql.TestMySQLProcessRecords" name="test_idx_process_code_exists" time="0.000"><skipped type="pytest.skip" message="需要生产数据库状态一致，跳过集成测试">D:\yuan\gbd3.0\tests\unit\core\test_process_code_mysql.py:78: 需要生产数据库状态一致，跳过集成测试</skipped></testcase><testcase classname="tests.unit.core.test_process_code_mysql.TestMySQLProcessRecords" name="test_process_names_table_exists" time="0.000"><skipped type="pytest.skip" message="需要生产数据库状态一致，跳过集成测试">D:\yuan\gbd3.0\tests\unit\core\test_process_code_mysql.py:84: 需要生产数据库状态一致，跳过集成测试</skipped></testcase><testcase classname="tests.unit.core.test_process_code_mysql.TestMySQLProcessRecords" name="test_process_names_has_16_entries" time="0.000"><skipped type="pytest.skip" message="需要生产数据库状态一致，跳过集成测试">D:\yuan\gbd3.0\tests\unit\core\test_process_code_mysql.py:89: 需要生产数据库状态一致，跳过集成测试</skipped></testcase><testcase classname="tests.unit.core.test_process_code_mysql.TestMySQLProcessRecords" name="test_process_records_count" time="0.000"><skipped type="pytest.skip" message="需要生产数据库状态一致，跳过集成测试">D:\yuan\gbd3.0\tests\unit\core\test_process_code_mysql.py:94: 需要生产数据库状态一致，跳过集成测试</skipped></testcase><testcase classname="tests.unit.core.test_process_code_mysql.TestMySQLMatchingReal" name="test_order_code_match_is_unique" time="0.000"><skipped type="pytest.skip" message="需要生产数据库状态一致，跳过集成测试">D:\yuan\gbd3.0\tests\unit\core\test_process_code_mysql.py:119: 需要生产数据库状态一致，跳过集成测试</skipped></testcase><testcase classname="tests.unit.core.test_process_code_mysql.TestMySQLMatchingReal" name="test_update_match_simulation" time="0.000"><skipped type="pytest.skip" message="需要生产数据库状态一致，跳过集成测试">D:\yuan\gbd3.0\tests\unit\core\test_process_code_mysql.py:126: 需要生产数据库状态一致，跳过集成测试</skipped></testcase><testcase classname="tests.unit.core.test_process_code_mysql.TestMySQLMatchingReal" name="test_process_code_format_consistent" time="0.000"><skipped type="pytest.skip" message="需要生产数据库状态一致，跳过集成测试">D:\yuan\gbd3.0\tests\unit\core\test_process_code_mysql.py:155: 需要生产数据库状态一致，跳过集成测试</skipped></testcase><testcase classname="tests.unit.core.test_process_code_order.TestDisplaySeq" name="test_default_seq_auto" time="0.000" /><testcase classname="tests.unit.core.test_process_code_order.TestDisplaySeq" name="test_explicit_seq" time="0.000" /><testcase classname="tests.unit.core.test_process_code_order.TestDisplaySeq" name="test_standard_seq_fixed" time="0.000" /><testcase classname="tests.unit.core.test_process_code_order.TestDisplaySeq" name="test_unknown_seq" time="0.000" /><testcase classname="tests.unit.core.test_process_code_order.TestGetAllProcessesSorted" name="test_default_sort_by_seq" time="0.000" /><testcase classname="tests.unit.core.test_process_code_order.TestGetAllProcessesSorted" name="test_no_sort_standards_first" time="0.000" /><testcase classname="tests.unit.core.test_process_code_order.TestGetAllProcessesSorted" name="test_total_count" time="0.000" /><testcase classname="tests.unit.core.test_process_code_order.TestReorderProcesses" name="test_reorder_custom_only" time="0.000" /><testcase classname="tests.unit.core.test_process_code_order.TestReorderProcesses" name="test_reorder_includes_standards" time="0.000" /><testcase classname="tests.unit.core.test_process_code_order.TestReorderProcesses" name="test_missing_in_order_goes_last" time="0.000" /><testcase classname="tests.unit.core.test_process_code_order.TestMoveProcess" name="test_move_down" time="0.000" /><testcase classname="tests.unit.core.test_process_code_order.TestMoveProcess" name="test_move_up" time="0.001" /><testcase classname="tests.unit.core.test_process_code_order.TestMoveProcess" name="test_move_top" time="0.001" /><testcase classname="tests.unit.core.test_process_code_order.TestMoveProcess" name="test_move_bottom" time="0.001" /><testcase classname="tests.unit.core.test_process_code_order.TestMoveProcess" name="test_move_at_edge_does_not_crash" time="0.001" /><testcase classname="tests.unit.core.test_process_code_order.TestMoveProcess" name="test_move_unknown_returns_minus_one" time="0.001" /><testcase classname="tests.unit.core.test_process_code_order.TestMoveProcess" name="test_move_standard_works" time="0.001" /><testcase classname="tests.unit.core.test_process_code_order.TestMoveProcess" name="test_move_standard_to_top" time="0.001" /><testcase classname="tests.unit.core.test_process_code_order.TestMoveProcess" name="test_standard_can_be_reordered" time="0.001" /><testcase classname="tests.unit.core.test_process_code_order.TestMoveProcess" name="test_other_standards_keep_default_after_move" time="0.001" /><testcase classname="tests.unit.core.test_process_code_order.TestEndToEndOrdering" name="test_full_ordering_flow" time="0.001" /><testcase classname="tests.unit.core.test_process_code_order.TestEndToEndOrdering" name="test_insert_between_standards" time="0.000" /><testcase classname="tests.unit.core.test_process_code_order.TestEndToEndOrdering" name="test_register_without_seq_goes_end" time="0.001" /><testcase classname="tests.unit.core.test_push_50.TestLogger" name="test_get_logger" time="0.004" /><testcase classname="tests.unit.core.test_push_50.TestLogger" name="test_structured_logger" time="0.001" /><testcase classname="tests.unit.core.test_push_50.TestLogger" name="test_get_request_id" time="0.000" /><testcase classname="tests.unit.core.test_push_50.TestLogger" name="test_log_with_trace" time="0.000" /><testcase classname="tests.unit.core.test_push_50.TestModelsImports" name="test_order_dao" time="0.001" /><testcase classname="tests.unit.core.test_push_50.TestModelsImports" name="test_production_dao" time="0.000" /><testcase classname="tests.unit.core.test_push_50.TestModelsImports" name="test_process_dao" time="0.000" /><testcase classname="tests.unit.core.test_push_50.TestModelsImports" name="test_shipment_dao" time="0.001" /><testcase classname="tests.unit.core.test_push_50.TestModelsImports" name="test_quality_dao" time="0.000" /><testcase classname="tests.unit.core.test_push_50.TestModelsImports" name="test_unit_dao" time="0.002" /><testcase classname="tests.unit.core.test_push_50.TestModelsImports" name="test_inventory_dao" time="0.001" /><testcase classname="tests.unit.core.test_push_50.TestModelsImports" name="test_operator_dao" time="0.000" /><testcase classname="tests.unit.core.test_push_50.TestModelsImports" name="test_alert_module" time="0.002" /><testcase classname="tests.unit.core.test_push_50.TestModelsImports" name="test_bom_module" time="0.002" /><testcase classname="tests.unit.core.test_push_50.TestModelsImports" name="test_enums" time="0.002" /><testcase classname="tests.unit.core.test_push_50.TestModelsImports" name="test_order_log" time="0.001" /><testcase classname="tests.unit.core.test_push_50.TestModelsImports" name="test_operation_log" time="0.002" /><testcase classname="tests.unit.core.test_push_50.TestModelsImports" name="test_process_calc_rule_module" time="0.004" /><testcase classname="tests.unit.core.test_push_50.TestModelsImports" name="test_quality_rule_module" time="0.002" /><testcase classname="tests.unit.core.test_push_50.TestModelsImports" name="test_product_type_module" time="0.002" /><testcase classname="tests.unit.core.test_push_50.TestModelsImports" name="test_production_stats" time="0.002" /><testcase classname="tests.unit.core.test_push_50.TestModelsImports" name="test_material_rules" time="0.000" /><testcase classname="tests.unit.core.test_push_50.TestModelsImports" name="test_material_rules_template" time="0.002" /><testcase classname="tests.unit.core.test_push_50.TestServicesImports" name="test_audit_service" time="0.000" /><testcase classname="tests.unit.core.test_push_50.TestServicesImports" name="test_inventory_notifier" time="0.002" /><testcase classname="tests.unit.core.test_push_50.TestServicesImports" name="test_schedule_dispatch" time="0.000" /><testcase classname="tests.unit.core.test_push_50.TestServicesImports" name="test_wechat_report" time="0.000" /><testcase classname="tests.unit.core.test_push_50.TestServicesImports" name="test_inventory_sync" time="0.001" /><testcase classname="tests.unit.core.test_push_to_30.TestErrorHandlerPush" name="test_handle_error_with_recognized_code" time="0.001" /><testcase classname="tests.unit.core.test_push_to_30.TestErrorHandlerPush" name="test_handle_error_unknown" time="0.001" /><testcase classname="tests.unit.core.test_push_to_30.TestErrorHandlerPush" name="test_log_error_to_db_fails_gracefully" time="0.043" /><testcase classname="tests.unit.core.test_push_to_30.TestErrorHandlerPush" name="test_recognize_business_error" time="0.001" /><testcase classname="tests.unit.core.test_push_to_30.TestErrorHandlerPush" name="test_recognize_state_error" time="0.001" /><testcase classname="tests.unit.core.test_push_to_30.TestErrorHandlerPush" name="test_recognize_connection_timeout" time="0.001" /><testcase classname="tests.unit.core.test_push_to_30.TestErrorHandlerPush" name="test_recognize_unknown_column" time="0.000" /><testcase classname="tests.unit.core.test_push_to_30.TestErrorHandlerPush" name="test_recognize_unknown_database" time="0.000" /><testcase classname="tests.unit.core.test_push_to_30.TestErrorHandlerPush" name="test_recognize_cursor_closed" time="0.000" /><testcase classname="tests.unit.core.test_push_to_30.TestEventBusPush" name="test_events_class_constants" time="0.000" /><testcase classname="tests.unit.core.test_push_to_30.TestEventBusPush" name="test_on_event_decorator" time="0.000" /><testcase classname="tests.unit.core.test_push_to_30.TestEventBusPush" name="test_module_level_publish" time="0.000" /><testcase classname="tests.unit.core.test_push_to_30.TestEventBusPush" name="test_event_bus_factory_create" time="0.003" /><testcase classname="tests.unit.core.test_push_to_30.TestSagaPush" name="test_saga_orchestrator_init" time="0.002" /><testcase classname="tests.unit.core.test_push_to_30.TestSagaPush" name="test_saga_step" time="0.000" /><testcase classname="tests.unit.core.test_push_to_30.TestSagaPush" name="test_saga_step_str" time="0.001" /><testcase classname="tests.unit.core.test_redis_event_bus.TestRedisEventBusInit" name="test_init_redis_available" time="0.001" /><testcase classname="tests.unit.core.test_redis_event_bus.TestRedisEventBusInit" name="test_init_redis_unavailable" time="0.001" /><testcase classname="tests.unit.core.test_redis_event_bus.TestRedisEventBusInit" name="test_init_redis_ping_fails" time="0.001" /><testcase classname="tests.unit.core.test_redis_event_bus.TestRedisEventBusInit" name="test_init_redis_not_installed" time="0.001" /><testcase classname="tests.unit.core.test_redis_event_bus.TestRedisEventBusInit" name="test_init_defaults" time="0.000" /><testcase classname="tests.unit.core.test_redis_event_bus.TestRedisEventBusPublish" name="test_publish_with_redis" time="0.001" /><testcase classname="tests.unit.core.test_redis_event_bus.TestRedisEventBusPublish" name="test_publish_with_redis_failure" time="0.001" /><testcase classname="tests.unit.core.test_redis_event_bus.TestRedisEventBusPublish" name="test_publish_without_redis" time="0.001" /><testcase classname="tests.unit.core.test_redis_event_bus.TestRedisEventBusPublish" name="test_publish_multiple_handlers" time="0.001" /><testcase classname="tests.unit.core.test_redis_event_bus.TestRedisEventBusPublish" name="test_publish_no_subscribers" time="0.001" /><testcase classname="tests.unit.core.test_redis_event_bus.TestRedisEventBusPublish" name="test_publish_handler_raises" time="0.002" /><testcase classname="tests.unit.core.test_redis_event_bus.TestRedisEventBusSubscribe" name="test_subscribe_new_event" time="0.001" /><testcase classname="tests.unit.core.test_redis_event_bus.TestRedisEventBusSubscribe" name="test_subscribe_existing_event" time="0.001" /><testcase classname="tests.unit.core.test_redis_event_bus.TestRedisEventBusSubscribe" name="test_subscribe_starts_listener" time="0.001" /><testcase classname="tests.unit.core.test_redis_event_bus.TestRedisEventBusSubscribe" name="test_subscribe_no_listener_if_redis_none" time="0.001" /><testcase classname="tests.unit.core.test_redis_event_bus.TestRedisEventBusSubscribe" name="test_subscribe_does_not_restart_listener" time="0.001" /><testcase classname="tests.unit.core.test_redis_event_bus.TestRedisEventBusStartListener" name="test_start_listener_creates_thread" time="0.001" /><testcase classname="tests.unit.core.test_redis_event_bus.TestRedisEventBusStartListener" name="test_listener_processes_message" time="0.102" /><testcase classname="tests.unit.core.test_redis_event_bus.TestRedisEventBusStartListener" name="test_listener_skips_non_message" time="0.105" /><testcase classname="tests.unit.core.test_redis_event_bus.TestRedisEventBusStartListener" name="test_listener_bad_json" time="0.103" /><testcase classname="tests.unit.core.test_redis_event_bus.TestRedisEventBusStartListener" name="test_listener_handler_raises" time="0.105" /><testcase classname="tests.unit.core.test_redis_event_bus.TestRedisEventBusStartListener" name="test_publish_both_redis_and_memory" time="0.001" /><testcase classname="tests.unit.core.test_saga.TestSagaOrchestrator" name="test_run_success" time="0.000" /><testcase classname="tests.unit.core.test_saga.TestSagaOrchestrator" name="test_run_with_compensation" time="0.000" /><testcase classname="tests.unit.core.test_saga.TestSagaOrchestrator" name="test_saga_step_dataclass" time="0.000" /><testcase classname="tests.unit.core.test_saga.TestSagaOrchestrator" name="test_create_order_fulfillment_saga" time="0.000" /><testcase classname="tests.unit.core.test_saga.TestSagaOrchestrator" name="test_create_order_fulfillment_saga_run" time="0.000" /><testcase classname="tests.unit.core.test_saga.TestSagaSaveDeadLetter" name="test_dead_letter_write_success" time="0.003" /><testcase classname="tests.unit.core.test_saga.TestSagaSaveDeadLetter" name="test_dead_letter_write_fail_logged" time="0.001" /><testcase classname="tests.unit.core.test_saga.TestSagaSaveDeadLetter" name="test_dead_letter_create_table_syntax" time="0.001" /><testcase classname="tests.unit.core.test_sprint30.TestCorsConfig" name="test_init_cors_valid" time="0.001" /><testcase classname="tests.unit.core.test_sprint30.TestCorsConfig" name="test_init_cors_multiple_origins" time="0.001" /><testcase classname="tests.unit.core.test_sprint30.TestCorsConfig" name="test_init_cors_env_var" time="0.035" /><testcase classname="tests.unit.core.test_sprint30.TestCorsConfig" name="test_init_cors_rejects_star" time="0.001" /><testcase classname="tests.unit.core.test_sprint30.TestCorsConfig" name="test_init_cors_rejects_empty" time="0.001" /><testcase classname="tests.unit.core.test_sprint30.TestEventBusFull" name="test_global_singleton" time="0.000" /><testcase classname="tests.unit.core.test_sprint30.TestEventBusFull" name="test_multiple_subscribers_same_event" time="0.000" /><testcase classname="tests.unit.core.test_sprint30.TestEventBusFull" name="test_unsubscribe" time="0.000" /><testcase classname="tests.unit.core.test_sprint30.TestEventBusFull" name="test_publish_no_subscribers" time="0.000" /><testcase classname="tests.unit.core.test_sprint30.TestEventBusFull" name="test_reset_clears_all" time="0.000" /><testcase classname="tests.unit.core.test_sprint30.TestEventBusFull" name="test_publish_with_data_types" time="0.000" /><testcase classname="tests.unit.core.test_sprint30.TestEventBusFactory" name="test_create_default_bus" time="0.000" /><testcase classname="tests.unit.core.test_sprint30.TestEventBusFactory" name="test_create_event_bus_with_name" time="0.000" /><testcase classname="tests.unit.models.database.test_config.TestGetDbConfig" name="test_reads_from_env" time="0.001" /><testcase classname="tests.unit.models.database.test_config.TestGetDbConfig" name="test_env_override" time="0.000" /><testcase classname="tests.unit.models.database.test_config.TestMYSQL_CONFIG" name="test_fallback_when_db_config_missing" time="0.285" /><testcase classname="tests.unit.models.database.test_config.TestMYSQL_CONFIG" name="test_import_from_db_config" time="0.276" /><testcase classname="tests.unit.models.database.test_connection_pool.TestModuleInit" name="test_pymysql_imported_by_default" time="0.002" /><testcase classname="tests.unit.models.database.test_connection_pool.TestModuleInit" name="test_pymysql_none_when_missing" time="0.218" /><testcase classname="tests.unit.models.database.test_connection_pool.TestMySQLConnectionPoolSingleton" name="test_singleton" time="0.000" /><testcase classname="tests.unit.models.database.test_connection_pool.TestMySQLConnectionPoolSingleton" name="test_default_pool_size" time="0.000" /><testcase classname="tests.unit.models.database.test_connection_pool.TestMySQLConnectionPoolSingleton" name="test_min_pool_size" time="0.000" /><testcase classname="tests.unit.models.database.test_connection_pool.TestMySQLConnectionPoolSingleton" name="test_max_pool_size" time="0.000" /><testcase classname="tests.unit.models.database.test_connection_pool.TestMySQLConnectionPoolSingleton" name="test_pool_size_from_env" time="0.000" /><testcase classname="tests.unit.models.database.test_connection_pool.TestPoolOperations" name="test_init_sets_cursorclass" time="0.001" /><testcase classname="tests.unit.models.database.test_connection_pool.TestPoolOperations" name="test_get_connection_returns_none_when_no_config" time="0.000" /><testcase classname="tests.unit.models.database.test_connection_pool.TestPoolOperations" name="test_get_connection_creates_new" time="0.001" /><testcase classname="tests.unit.models.database.test_connection_pool.TestPoolOperations" name="test_get_connection_reuses_existing" time="0.001" /><testcase classname="tests.unit.models.database.test_connection_pool.TestPoolOperations" name="test_get_connection_fallback_on_ping_fail" time="0.001" /><testcase classname="tests.unit.models.database.test_connection_pool.TestPoolOperations" name="test_get_pooled_connection_no_config" time="0.000" /><testcase classname="tests.unit.models.database.test_connection_pool.TestPoolOperations" name="test_get_pooled_connection_from_pool" time="0.001" /><testcase classname="tests.unit.models.database.test_connection_pool.TestPoolOperations" name="test_get_pooled_connection_new" time="0.001" /><testcase classname="tests.unit.models.database.test_connection_pool.TestPoolOperations" name="test_get_pooled_connection_fallback" time="0.001" /><testcase classname="tests.unit.models.database.test_connection_pool.TestPoolMaintenance" name="test_return_none" time="0.000" /><testcase classname="tests.unit.models.database.test_connection_pool.TestPoolMaintenance" name="test_return_connection" time="0.001" /><testcase classname="tests.unit.models.database.test_connection_pool.TestPoolMaintenance" name="test_return_when_pool_full" time="0.001" /><testcase classname="tests.unit.models.database.test_connection_pool.TestPoolMaintenance" name="test_return_ping_fail_then_close" time="0.001" /><testcase classname="tests.unit.models.database.test_connection_pool.TestPoolMaintenance" name="test_return_full_ping_fail_close_fail" time="0.001" /><testcase classname="tests.unit.models.database.test_connection_pool.TestPoolMaintenance" name="test_close_all" time="0.001" /><testcase classname="tests.unit.models.database.test_connection_pool.TestPoolMaintenance" name="test_close_all_partial_failure" time="0.001" /><testcase classname="tests.unit.models.database.test_connection_pool.TestPooledConnection" name="test_getattr_delegates" time="0.001" /><testcase classname="tests.unit.models.database.test_connection_pool.TestPooledConnection" name="test_close_returns_to_pool" time="0.001" /><testcase classname="tests.unit.models.database.test_connection_pool.TestPooledConnection" name="test_cursor_delegates" time="0.001" /><testcase classname="tests.unit.models.database.test_connection_pool.TestPooledConnection" name="test_cursor_with_kwargs" time="0.001" /><testcase classname="tests.unit.models.database.test_connection_pool.TestPooledConnection" name="test_commit_delegates" time="0.001" /><testcase classname="tests.unit.models.database.test_connection_pool.TestPooledConnection" name="test_rollback_delegates" time="0.001" /><testcase classname="tests.unit.models.database.test_connection_pool.TestModuleFunctions" name="test_get_mysql_pool_creates_and_inits" time="0.001" /><testcase classname="tests.unit.models.database.test_connection_pool.TestModuleFunctions" name="test_get_mysql_pool_is_singleton" time="0.001" /><testcase classname="tests.unit.models.database.test_connection_pool.TestModuleFunctions" name="test_get_mysql_pool_no_pymysql" time="0.001" /><testcase classname="tests.unit.models.database.test_connection_pool.TestModuleFunctions" name="test_cleanup_mysql_pool" time="0.001" /><testcase classname="tests.unit.models.database.test_connection_pool.TestModuleFunctions" name="test_cleanup_mysql_pool_no_pool" time="0.001" /><testcase classname="tests.unit.models.database.test_connection_pool.TestModuleFunctions" name="test_create_connection" time="0.001" /><testcase classname="tests.unit.models.database.test_connection_pool.TestModuleFunctions" name="test_create_connection_no_pymysql" time="0.205" /><testcase classname="tests.unit.models.database.test_connection_pool.TestModuleFunctions" name="test_get_connection_delegates" time="0.001" /><testcase classname="tests.unit.models.database.test_connection_pool.TestModuleFunctions" name="test_get_connection_context" time="0.001" /><testcase classname="tests.unit.models.database.test_connection_pool.TestModuleFunctions" name="test_reload_db_config" time="0.001" /><testcase classname="tests.unit.models.database.test_connection_pool.TestModuleFunctions" name="test_get_connection_is_new" time="0.001" /><testcase classname="tests.unit.models.database.test_connection_pool.TestModuleFunctions" name="test_create_connection_no_pool_result" time="0.001" /><testcase classname="tests.unit.models.database.test_connection_pool.TestModuleFunctions" name="test_create_connection_no_pymysql_inline" time="0.001" /><testcase classname="tests.unit.models.database.test_utils_db.TestValidateSqlIdentifier" name="test_empty_string" time="0.000" /><testcase classname="tests.unit.models.database.test_utils_db.TestValidateSqlIdentifier" name="test_none" time="0.000" /><testcase classname="tests.unit.models.database.test_utils_db.TestValidateSqlIdentifier" name="test_valid_identifier" time="0.000" /><testcase classname="tests.unit.models.database.test_utils_db.TestValidateSqlIdentifier" name="test_invalid_identifier" time="0.000" /><testcase classname="tests.unit.models.database.test_utils_db.TestSafeTableName" name="test_valid_table" time="0.000" /><testcase classname="tests.unit.models.database.test_utils_db.TestSafeTableName" name="test_invalid_table" time="0.000" /><testcase classname="tests.unit.models.database.test_utils_db.TestGenerateOrderNo" name="test_generates_order_no_with_new_row" time="0.001" /><testcase classname="tests.unit.models.database.test_utils_db.TestGenerateOrderNo" name="test_generates_order_no_no_row" time="0.001" /><testcase classname="tests.unit.models.database.test_utils_db.TestGenerateShipmentNo" name="test_generates_shipment_no" time="0.001" /><testcase classname="tests.unit.models.database.test_utils_db.TestGenerateShipmentNo" name="test_generates_shipment_no_no_row" time="0.001" /><testcase classname="tests.unit.models.database.test_utils_db.TestLogStatusChange" name="test_logs_status_change" time="0.001" /><testcase classname="tests.unit.models.database.test_utils_db.TestLogStatusChange" name="test_logs_status_change_default_operator" time="0.001" /><testcase classname="tests.unit.models.database.test_utils_db.TestLogStatusChange" name="test_logs_exception_suppressed" time="0.002" /><testcase classname="tests.unit.models.database.test_utils_db.TestLogStatusChange" name="test_logs_exception_none_values" time="0.001" /><testcase classname="tests.unit.models.test_alert.TestAlertDAO" name="test_get_overdue_orders_empty" time="0.001" /><testcase classname="tests.unit.models.test_alert.TestAlertDAO" name="test_get_overdue_orders_with_overdue_dateobj" time="0.001" /><testcase classname="tests.unit.models.test_alert.TestAlertDAO" name="test_get_overdue_orders_with_overdue_str" time="0.002" /><testcase classname="tests.unit.models.test_alert.TestAlertDAO" name="test_get_overdue_orders_future_date_not_overdue" time="0.001" /><testcase classname="tests.unit.models.test_alert.TestAlertDAO" name="test_get_overdue_orders_bad_date_skipped" time="0.001" /><testcase classname="tests.unit.models.test_alert.TestAlertDAO" name="test_get_overdue_orders_strptime_exception" time="0.001" /><testcase classname="tests.unit.models.test_alert.TestAlertDAO" name="test_get_warning_orders_else_continue" time="0.001" /><testcase classname="tests.unit.models.test_alert.TestAlertDAO" name="test_get_warning_orders" time="0.001" /><testcase classname="tests.unit.models.test_alert.TestAlertDAO" name="test_get_warning_orders_out_of_range" time="0.001" /><testcase classname="tests.unit.models.test_alert.TestAlertDAO" name="test_get_overdue_processes_empty" time="0.001" /><testcase classname="tests.unit.models.test_alert.TestAlertDAO" name="test_get_overdue_processes_with_overdue" time="0.001" /><testcase classname="tests.unit.models.test_alert.TestAlertDAO" name="test_get_overdue_processes_future_not_overdue" time="0.001" /><testcase classname="tests.unit.models.test_alert.TestAlertDAO" name="test_get_overdue_processes_no_planned_date" time="0.001" /><testcase classname="tests.unit.models.test_alert.TestAlertDAO" name="test_get_overdue_processes_with_dateobj" time="0.001" /><testcase classname="tests.unit.models.test_alert.TestAlertDAO" name="test_get_overdue_processes_strptime_exception" time="0.001" /><testcase classname="tests.unit.models.test_alert.TestAlertDAO" name="test_get_overdue_processes_planned_date_not_date_nor_str" time="0.001" /><testcase classname="tests.unit.models.test_alert.TestAlertDAO" name="test_get_low_inventory_empty" time="0.001" /><testcase classname="tests.unit.models.test_alert.TestAlertDAO" name="test_get_low_inventory_with_alerts" time="0.001" /><testcase classname="tests.unit.models.test_alert.TestAlertDAO" name="test_get_all_alerts" time="0.001" /><testcase classname="tests.unit.models.test_alert.TestInitAlertTable" name="test_init_alert_table_creates_table" time="0.001" /><testcase classname="tests.unit.models.test_base_dao.TestBaseDAO" name="test_get_by_id" time="0.004" /><testcase classname="tests.unit.models.test_base_dao.TestBaseDAO" name="test_create_returns_int" time="0.002" /><testcase classname="tests.unit.models.test_base_dao.TestBaseDAO" name="test_update_returns_bool" time="0.002" /><testcase classname="tests.unit.models.test_base_dao.TestBaseDAO" name="test_delete_returns_bool" time="0.003" /><testcase classname="tests.unit.models.test_base_dao.TestBaseDAO" name="test_count_returns_int" time="0.001" /><testcase classname="tests.unit.models.test_base_dao_complete.TestBaseDAOGetAll" name="test_get_all_no_filters" 
[...]
se classname="tests.unit.utils.test_pagination.TestPager" name="test_page_size_zero_clamped_to_one" time="0.000" /><testcase classname="tests.unit.utils.test_pagination.TestPager" name="test_has_next" time="0.000" /><testcase classname="tests.unit.utils.test_pagination.TestPager" name="test_has_next_false_on_last_page" time="0.000" /><testcase classname="tests.unit.utils.test_pagination.TestPager" name="test_has_prev" time="0.000" /><testcase classname="tests.unit.utils.test_pagination.TestPager" name="test_has_prev_false_on_first_page" time="0.000" /><testcase classname="tests.unit.utils.test_pagination.TestPager" name="test_to_dict" time="0.000" /><testcase classname="tests.unit.utils.test_pagination.TestPager" name="test_last_page_partial" time="0.000" /><testcase classname="tests.unit.utils.test_pagination.TestPaginateQuery" name="test_empty_result" time="0.001" /><testcase classname="tests.unit.utils.test_pagination.TestPaginateQuery" name="test_with_results" time="0.001" /><testcase classname="tests.unit.utils.test_pagination.TestPaginateQuery" name="test_cursor_closed_after_error" time="0.001" /><testcase classname="tests.unit.utils.test_pagination.TestPaginateQuery" name="test_params_passed" time="0.001" /><testcase classname="tests.unit.utils.test_pagination.TestCommonCacheKeys" name="test_returns_dict_with_keys" time="0.000" /><testcase classname="tests.unit.utils.test_process_templates.TestGetAllProcessTemplates" name="test_empty_db" time="0.001" /><testcase classname="tests.unit.utils.test_process_templates.TestGetAllProcessTemplates" name="test_with_templates" time="0.001" /><testcase classname="tests.unit.utils.test_process_templates.TestGetAllProcessTemplates" name="test_null_data_json" time="0.001" /><testcase classname="tests.unit.utils.test_process_templates.TestSaveProcessTemplates" name="test_save_success" time="0.001" /><testcase classname="tests.unit.utils.test_process_templates.TestSaveProcessTemplates" name="test_save_exception" time="0.001" /><testcase classname="tests.unit.utils.test_process_templates.TestAddProcessTemplate" name="test_add_success" time="0.001" /><testcase classname="tests.unit.utils.test_process_templates.TestAddProcessTemplate" name="test_add_duplicate" time="0.001" /><testcase classname="tests.unit.utils.test_process_templates.TestDeleteProcessTemplate" name="test_delete" time="0.002" /><testcase classname="tests.unit.utils.test_process_templates.TestRenameProcessTemplate" name="test_rename" time="0.002" /><testcase classname="tests.unit.utils.test_push_50_b3.TestServiceDetails" name="test_order_service_create_minimal" time="0.000" /><testcase classname="tests.unit.utils.test_push_50_b3.TestServiceDetails" name="test_process_service_init" time="0.000" /><testcase classname="tests.unit.utils.test_push_50_b3.TestServiceDetails" name="test_audit_service_init" time="0.000" /><testcase classname="tests.unit.utils.test_push_50_b3.TestServiceDetails" name="test_inventory_sync_import" time="0.000" /><testcase classname="tests.unit.utils.test_push_50_b3.TestSagaMethods" name="test_saga_step_repr" time="0.000" /><testcase classname="tests.unit.utils.test_push_50_b3.TestSagaMethods" name="test_orchestrator_init" time="0.000" /><testcase classname="tests.unit.utils.test_push_50_b3.TestErrorHandlerDetails" name="test_recognize_missing_file" time="0.001" /><testcase classname="tests.unit.utils.test_push_50_b3.TestErrorHandlerDetails" name="test_recognize_permission_error" time="0.000" /><testcase classname="tests.unit.utils.test_push_50_b3.TestErrorHandlerDetails" name="test_recognize_connection_error" time="0.000" /><testcase classname="tests.unit.utils.test_push_50_b3.TestErrorHandlerDetails" name="test_recognize_http_error" time="0.000" /><testcase classname="tests.unit.utils.test_push_50_b3.TestConfigDetails" name="test_config_get_sqlite_path" time="0.000" /><testcase classname="tests.unit.utils.test_push_50_b3.TestConfigDetails" name="test_config_is_sqlite_func" time="0.000" /><testcase classname="tests.unit.utils.test_push_50_b3.TestDatabaseDetails" name="test_connection_pool_singleton" time="0.000" /><testcase classname="tests.unit.utils.test_push_50_b3.TestUtilsDetails" name="test_log_cleanup_module" time="0.000" /><testcase classname="tests.unit.utils.test_push_50_b3.TestUtilsDetails" name="test_log_scheduler_module" time="0.000" /><testcase classname="tests.unit.utils.test_push_50_b3.TestUtilsDetails" name="test_material_templates_module" time="0.000" /><testcase classname="tests.unit.utils.test_push_50_b3.TestUtilsDetails" name="test_process_templates_module" time="0.000" /><testcase classname="tests.unit.utils.test_push_50_b3.TestUtilsDetails" name="test_query_cache_functions" time="0.002" /><testcase classname="tests.unit.utils.test_push_50_b3.TestUtilsDetails" name="test_storage_json_store" time="0.000" /><testcase classname="tests.unit.utils.test_push_50_bulk.TestServicesMethods" name="test_audit_service_log" time="0.004" /><testcase classname="tests.unit.utils.test_push_50_bulk.TestServicesMethods" name="test_wechat_report_init" time="0.000" /><testcase classname="tests.unit.utils.test_push_50_bulk.TestServicesMethods" name="test_inventory_notifier_check" time="0.000" /><testcase classname="tests.unit.utils.test_push_50_bulk.TestServicesMethods" name="test_schedule_dispatch_init" time="0.000" /><testcase classname="tests.unit.utils.test_push_50_bulk.TestServicesMethods" name="test_order_service_module" time="0.000" /><testcase classname="tests.unit.utils.test_push_50_bulk.TestServicesMethods" name="test_process_service_module" time="0.000" /><testcase classname="tests.unit.utils.test_push_50_bulk.TestServicesMethods" name="test_base_service" time="0.000" /><testcase classname="tests.unit.utils.test_push_50_bulk.TestCoreModules" name="test_cors_config" time="0.001" /><testcase classname="tests.unit.utils.test_push_50_bulk.TestCoreModules" name="test_event_bus_factory" time="0.001" /><testcase classname="tests.unit.utils.test_push_50_bulk.TestCoreModules" name="test_feature_flags" time="0.001" /><testcase classname="tests.unit.utils.test_push_50_bulk.TestUtilsImports" name="test_app_init" time="0.003" /><testcase classname="tests.unit.utils.test_push_50_bulk.TestUtilsImports" name="test_backup_manager" time="0.000" /><testcase classname="tests.unit.utils.test_push_50_bulk.TestUtilsImports" name="test_copyable_widgets" time="0.000" /><testcase classname="tests.unit.utils.test_push_50_bulk.TestUtilsImports" name="test_custom_types" time="0.000" /><testcase classname="tests.unit.utils.test_push_50_bulk.TestUtilsImports" name="test_dao_patches" time="0.000" /><testcase classname="tests.unit.utils.test_push_50_bulk.TestUtilsImports" name="test_db_utils" time="0.000" /><testcase classname="tests.unit.utils.test_push_50_bulk.TestUtilsImports" name="test_excel_utils_import" time="0.000" /><testcase classname="tests.unit.utils.test_push_50_bulk.TestUtilsImports" name="test_log_cleanup" time="0.000" /><testcase classname="tests.unit.utils.test_push_50_bulk.TestUtilsImports" name="test_log_scheduler" time="0.000" /><testcase classname="tests.unit.utils.test_push_50_bulk.TestUtilsImports" name="test_material_templates" time="0.000" /><testcase classname="tests.unit.utils.test_push_50_bulk.TestUtilsImports" name="test_process_templates" time="0.001" /><testcase classname="tests.unit.utils.test_push_50_bulk.TestUtilsImports" name="test_query_cache" time="0.001" /><testcase classname="tests.unit.utils.test_push_50_bulk.TestUtilsImports" name="test_storage_init" time="0.001" /><testcase classname="tests.unit.utils.test_push_50_bulk.TestUtilsImports" name="test_validation_init" time="0.002" /><testcase classname="tests.unit.utils.test_push_50_bulk.TestUtilsImports" name="test_window_manager" time="0.002" /><testcase classname="tests.unit.utils.test_query_cache_complete.TestQueryCacheBasics" name="test_set_and_get" time="0.001" /><testcase classname="tests.unit.utils.test_query_cache_complete.TestQueryCacheBasics" name="test_get_not_found" time="0.001" /><testcase classname="tests.unit.utils.test_query_cache_complete.TestQueryCacheBasics" name="test_cache_with_params" time="0.001" /><testcase classname="tests.unit.utils.test_query_cache_complete.TestQueryCacheBasics" name="test_clear_cache" time="0.001" /><testcase classname="tests.unit.utils.test_query_cache_complete.TestQueryCacheExpiry" name="test_expired_cache_returns_none" time="1.108" /><testcase classname="tests.unit.utils.test_query_cache_complete.TestQueryCacheExpiry" name="test_invalidate_by_pattern" time="0.000" /><testcase classname="tests.unit.utils.test_query_cache_complete.TestQueryCacheStats" name="test_stats" time="0.000" /><testcase classname="tests.unit.utils.test_query_cache_complete.TestQueryCacheEviction" name="test_max_size_eviction" time="0.001" /><testcase classname="tests.unit.utils.test_query_cache_complete.TestQueryCacheGenerateKey" name="test_same_sql_different_params" time="0.000" /><testcase classname="tests.unit.utils.test_query_cache_complete.TestQueryCacheGenerateKey" name="test_same_sql_same_params" time="0.000" /><testcase classname="tests.unit.utils.test_query_cache_complete.TestQueryCacheInvalidateDecorator" name="test_decorator_invalidates" time="0.001" /><testcase classname="tests.unit.utils.test_query_cache_complete.TestQueryCacheInvalidateDecorator" name="test_decorator_with_args" time="0.001" /><testcase classname="tests.unit.utils.test_query_cache_complete.TestQueryCacheInvalidateDecorator" name="test_decorator_preserves_return_value" time="0.000" /><testcase classname="tests.unit.utils.test_settings_manager_complete.TestSettingsManagerSave" name="test_save_settings_success" time="0.004" /><testcase classname="tests.unit.utils.test_settings_manager_complete.TestSettingsManagerSave" name="test_save_settings_io_error" time="0.003" /><testcase classname="tests.unit.utils.test_settings_manager_complete.TestSettingsManagerSave" name="test_save_settings_exception" time="0.016" /><testcase classname="tests.unit.utils.test_settings_manager_complete.TestSettingsManagerLoad" name="test_load_settings_missing_file" time="0.003" /><testcase classname="tests.unit.utils.test_settings_manager_complete.TestSettingsManagerLoad" name="test_load_settings_corrupt_json" time="0.004" /><testcase classname="tests.unit.utils.test_settings_manager_complete.TestSettingsManagerDefaults" name="test_default_colors_has_required_keys" time="0.000" /><testcase classname="tests.unit.utils.test_settings_manager_complete.TestSettingsManagerDefaults" name="test_default_fonts_has_required_keys" time="0.000" /><testcase classname="tests.unit.utils.test_settings_manager_complete.TestSettingsManagerDefaults" name="test_settings_manager_singleton" time="0.000" /><testcase classname="tests.unit.utils.test_sprint30_utils.TestSettingsManager" name="test_singleton" time="0.000" /><testcase classname="tests.unit.utils.test_sprint30_utils.TestSettingsManager" name="test_get_color_returns_string" time="0.000" /><testcase classname="tests.unit.utils.test_sprint30_utils.TestSettingsManager" name="test_get_color_unknown" time="0.000" /><testcase classname="tests.unit.utils.test_sprint30_utils.TestSettingsManager" name="test_set_valid_color" time="0.000" /><testcase classname="tests.unit.utils.test_sprint30_utils.TestSettingsManager" name="test_set_invalid_color" time="0.000" /><testcase classname="tests.unit.utils.test_sprint30_utils.TestSettingsManager" name="test_font_size" time="0.000" /><testcase classname="tests.unit.utils.test_sprint30_utils.TestSettingsManager" name="test_set_font_size" time="0.000" /><testcase classname="tests.unit.utils.test_sprint30_utils.TestSettingsManager" name="test_font_family" time="0.000" /><testcase classname="tests.unit.utils.test_sprint30_utils.TestSettingsManager" name="test_get_all_colors" time="0.000" /><testcase classname="tests.unit.utils.test_sprint30_utils.TestSettingsManager" name="test_get_all_fonts" time="0.000" /><testcase classname="tests.unit.utils.test_sprint30_utils.TestSettingsManager" name="test_reset_to_default" time="0.001" /><testcase classname="tests.unit.utils.test_validators.TestValidateOrderForm" name="test_valid_order" time="0.000" /><testcase classname="tests.unit.utils.test_validators.TestValidateOrderForm" name="test_missing_customer" time="0.000" /><testcase classname="tests.unit.utils.test_validators.TestValidateOrderForm" name="test_missing_product" time="0.000" /><testcase classname="tests.unit.utils.test_validators.TestValidateOrderForm" name="test_zero_quantity" time="0.000" /><testcase classname="tests.unit.utils.test_validators.TestValidateOrderForm" name="test_negative_price" time="0.000" /><testcase classname="tests.unit.utils.test_validators.TestValidateOrderForm" name="test_string_quantity" time="0.000" /><testcase classname="tests.unit.utils.test_validators.TestValidateOrderForm" name="test_empty_data" time="0.000" /><testcase classname="tests.unit.utils.test_validators_full.TestCommonValidators" name="test_required_ok" time="0.000" /><testcase classname="tests.unit.utils.test_validators_full.TestCommonValidators" name="test_required_none_raises" time="0.000" /><testcase classname="tests.unit.utils.test_validators_full.TestCommonValidators" name="test_required_empty_string_raises" time="0.000" /><testcase classname="tests.unit.utils.test_validators_full.TestCommonValidators" name="test_length_ok" time="0.000" /><testcase classname="tests.unit.utils.test_validators_full.TestCommonValidators" name="test_length_too_short" time="0.000" /><testcase classname="tests.unit.utils.test_validators_full.TestCommonValidators" name="test_length_too_long" time="0.000" /><testcase classname="tests.unit.utils.test_validators_full.TestCommonValidators" name="test_length_not_string" time="0.000" /><testcase classname="tests.unit.utils.test_validators_full.TestCommonValidators" name="test_range_ok" time="0.000" /><testcase classname="tests.unit.utils.test_validators_full.TestCommonValidators" name="test_range_too_small" time="0.000" /><testcase classname="tests.unit.utils.test_validators_full.TestCommonValidators" name="test_range_too_large" time="0.000" /><testcase classname="tests.unit.utils.test_validators_full.TestCommonValidators" name="test_range_not_number" time="0.000" /><testcase classname="tests.unit.utils.test_validators_full.TestCommonValidators" name="test_pattern_ok" time="0.000" /><testcase classname="tests.unit.utils.test_validators_full.TestCommonValidators" name="test_pattern_mismatch" time="0.000" /><testcase classname="tests.unit.utils.test_validators_full.TestCommonValidators" name="test_choices_ok" time="0.000" /><testcase classname="tests.unit.utils.test_validators_full.TestCommonValidators" name="test_choices_not_in_list" time="0.000" /><testcase classname="tests.unit.utils.test_validators_full.TestCommonValidators" name="test_date_format_ok" time="0.000" /><testcase classname="tests.unit.utils.test_validators_full.TestCommonValidators" name="test_date_format_bad" time="0.000" /><testcase classname="tests.unit.utils.test_validators_full.TestOrderValidator" name="test_validate_create_ok" time="0.001" /><testcase classname="tests.unit.utils.test_validators_full.TestOrderValidator" name="test_validate_create_missing_required" time="0.000" /><testcase classname="tests.unit.utils.test_validators_full.TestOrderValidator" name="test_validate_create_bad_quantity" time="0.000" /><testcase classname="tests.unit.utils.test_validators_full.TestOrderValidator" name="test_validate_create_negative_quantity" time="0.000" /><testcase classname="tests.unit.utils.test_validators_full.TestOrderValidator" name="test_validate_create_bad_date" time="0.001" /><testcase classname="tests.unit.utils.test_validators_full.TestOrderValidator" name="test_validate_update_filters_unknown_fields" time="0.000" /><testcase classname="tests.unit.utils.test_validators_full.TestProcessValidator" name="test_validate_report_ok" time="0.000" /><testcase classname="tests.unit.utils.test_validators_full.TestProcessValidator" name="test_validate_report_negative_qty" time="0.000" /><testcase classname="tests.unit.utils.test_validators_full.TestProcessValidator" name="test_validate_report_bad_qty" time="0.000" /><testcase classname="tests.unit.utils.test_validators_full.TestProcessValidator" name="test_validate_report_rate_out_of_range" time="0.000" /><testcase classname="tests.unit.utils.test_validators_full.TestProcessValidator" name="test_validate_report_rate_negative" time="0.000" /><testcase classname="tests.unit.utils.test_validators_full.TestProcessValidator" name="test_validate_report_rate_bad_type" time="0.000" /><testcase classname="tests.unit.utils.test_validators_full.TestInventoryValidator" name="test_validate_adjustment_ok" time="0.000" /><testcase classname="tests.unit.utils.test_validators_full.TestInventoryValidator" name="test_validate_adjustment_zero" time="0.000" /><testcase classname="tests.unit.utils.test_validators_full.TestInventoryValidator" name="test_validate_adjustment_zero_no_current_qty_error" time="0.000" /><testcase classname="tests.unit.utils.test_validators_full.TestInventoryValidator" name="test_validate_adjustment_bad_type" time="0.000" /><testcase classname="tests.unit.utils.test_validators_full.TestInventoryValidator" name="test_validate_current_qty_negative" time="0.000" /><testcase classname="tests.unit.utils.test_validators_full.TestInventoryValidator" name="test_validate_current_qty_bad_type" time="0.000" /><testcase classname="tests.unit.utils.test_validators_full.TestInventoryValidator" name="test_validate_no_errors_without_data" time="0.000" /><testcase classname="tests.unit.utils.test_validators_full.TestFormValidator" name="test_add_rule_and_validate_ok" time="0.000" /><testcase classname="tests.unit.utils.test_validators_full.TestFormValidator" name="test_required_field_missing" time="0.000" /><testcase classname="tests.unit.utils.test_validators_full.TestFormValidator" name="test_required_field_none" time="0.000" /><testcase classname="tests.unit.utils.test_validators_full.TestFormValidator" name="test_multiple_rules" time="0.000" /><testcase classname="tests.unit.utils.test_validators_full.TestFormValidator" name="test_validation_error_collected" time="0.000" /><testcase classname="tests.unit.utils.test_validators_full.TestFormValidator" name="test_optional_field_skipped" time="0.000" /><testcase classname="tests.unit.utils.test_window_manager.TestGetWindowConfigPath" name="test_returns_path_from_config" time="0.000" /><testcase classname="tests.unit.utils.test_window_manager.TestLoadWindowSize" name="test_load_existing_config" time="0.003" /><testcase classname="tests.unit.utils.test_window_manager.TestLoadWindowSize" name="test_load_nonexistent_key_returns_default" time="0.002" /><testcase classname="tests.unit.utils.test_window_manager.TestLoadWindowSize" name="test_load_no_config_file" time="0.000" /><testcase classname="tests.unit.utils.test_window_manager.TestLoadWindowSize" name="test_load_corrupted_json_returns_default" time="0.003" /><testcase classname="tests.unit.utils.test_window_manager.TestSaveWindowSize" name="test_save_new_key" time="0.003" /><testcase classname="tests.unit.utils.test_window_manager.TestSaveWindowSize" name="test_save_append_to_existing" time="0.004" /><testcase classname="tests.unit.utils.test_window_manager.TestSaveWindowSize" name="test_save_update_existing_key" time="0.005" /><testcase classname="tests.unit.utils.test_window_manager.TestSaveWindowSize" name="test_save_creates_directory" time="0.003" /><testcase classname="tests.unit.utils.test_window_manager.TestSetupResizableWindow" name="test_no_position_info_centers_window" time="0.002" /><testcase classname="tests.unit.utils.test_window_manager.TestSetupResizableWindow" name="test_geometry_parse_fallback" time="0.001" /><testcase classname="tests.unit.utils.test_window_manager.TestSetupResizableWindow" name="test_on_resize_saves" time="0.002" /></testsuite></testsuites>